[2022-12-28 17:05:06,514] {taskinstance.py:1159} INFO - Dependencies all met for <TaskInstance: meu_primeiro_dag.cria_pasta scheduled__2022-12-26T00:00:00+00:00 [queued]>
[2022-12-28 17:05:06,532] {taskinstance.py:1159} INFO - Dependencies all met for <TaskInstance: meu_primeiro_dag.cria_pasta scheduled__2022-12-26T00:00:00+00:00 [queued]>
[2022-12-28 17:05:06,532] {taskinstance.py:1356} INFO - 
--------------------------------------------------------------------------------
[2022-12-28 17:05:06,532] {taskinstance.py:1357} INFO - Starting attempt 1 of 1
[2022-12-28 17:05:06,532] {taskinstance.py:1358} INFO - 
--------------------------------------------------------------------------------
[2022-12-28 17:05:06,574] {taskinstance.py:1377} INFO - Executing <Task(BashOperator): cria_pasta> on 2022-12-26 00:00:00+00:00
[2022-12-28 17:05:06,578] {standard_task_runner.py:52} INFO - Started process 8821 to run task
[2022-12-28 17:05:06,596] {standard_task_runner.py:79} INFO - Running: ['airflow', 'tasks', 'run', 'meu_primeiro_dag', 'cria_pasta', 'scheduled__2022-12-26T00:00:00+00:00', '--job-id', '9', '--raw', '--subdir', 'DAGS_FOLDER/meu_primeiro_dag.py', '--cfg-path', '/tmp/tmpqvpi7xeb', '--error-file', '/tmp/tmpvonohxtf']
[2022-12-28 17:05:06,607] {standard_task_runner.py:80} INFO - Job 9: Subtask cria_pasta
[2022-12-28 17:05:06,704] {task_command.py:370} INFO - Running <TaskInstance: meu_primeiro_dag.cria_pasta scheduled__2022-12-26T00:00:00+00:00 [running]> on host alxavier-airflow
[2022-12-28 17:05:06,890] {taskinstance.py:1569} INFO - Exporting the following env vars:
AIRFLOW_CTX_DAG_OWNER=airflow
AIRFLOW_CTX_DAG_ID=meu_primeiro_dag
AIRFLOW_CTX_TASK_ID=cria_pasta
AIRFLOW_CTX_EXECUTION_DATE=2022-12-26T00:00:00+00:00
AIRFLOW_CTX_TRY_NUMBER=1
AIRFLOW_CTX_DAG_RUN_ID=scheduled__2022-12-26T00:00:00+00:00
[2022-12-28 17:05:06,891] {subprocess.py:62} INFO - Tmp dir root location: 
 /tmp
[2022-12-28 17:05:06,892] {subprocess.py:74} INFO - Running command: ['bash', '-c', 'mkdir -p "/home/alxavier/Documents/airflowalura/pasta=2022-12-27T00:00:00+00:00"']
[2022-12-28 17:05:06,914] {subprocess.py:85} INFO - Output:
[2022-12-28 17:05:06,917] {subprocess.py:96} INFO - Command exited with return code 0
[2022-12-28 17:05:06,977] {taskinstance.py:1395} INFO - Marking task as SUCCESS. dag_id=meu_primeiro_dag, task_id=cria_pasta, execution_date=20221226T000000, start_date=20221228T200506, end_date=20221228T200506
[2022-12-28 17:05:07,059] {local_task_job.py:156} INFO - Task exited with return code 0
[2022-12-28 17:05:07,115] {local_task_job.py:273} INFO - 0 downstream tasks scheduled from follow-on schedule check
