[2022-12-29 09:56:57,901] {processor.py:153} INFO - Started process (PID=21674) to work on /home/alxavier/Documents/airflowalura/venv/lib/python3.9/site-packages/airflow/example_dags/subdags/subdag.py
[2022-12-29 09:56:57,902] {processor.py:641} INFO - Processing file /home/alxavier/Documents/airflowalura/venv/lib/python3.9/site-packages/airflow/example_dags/subdags/subdag.py for tasks to queue
[2022-12-29 09:56:57,903] {logging_mixin.py:115} INFO - [2022-12-29 09:56:57,903] {dagbag.py:507} INFO - Filling up the DagBag from /home/alxavier/Documents/airflowalura/venv/lib/python3.9/site-packages/airflow/example_dags/subdags/subdag.py
[2022-12-29 09:56:57,907] {processor.py:653} WARNING - No viable dags retrieved from /home/alxavier/Documents/airflowalura/venv/lib/python3.9/site-packages/airflow/example_dags/subdags/subdag.py
[2022-12-29 09:56:57,985] {processor.py:161} INFO - Processing /home/alxavier/Documents/airflowalura/venv/lib/python3.9/site-packages/airflow/example_dags/subdags/subdag.py took 0.106 seconds
[2022-12-29 09:57:45,598] {processor.py:153} INFO - Started process (PID=21763) to work on /home/alxavier/Documents/airflowalura/venv/lib/python3.9/site-packages/airflow/example_dags/subdags/subdag.py
[2022-12-29 09:57:45,601] {processor.py:641} INFO - Processing file /home/alxavier/Documents/airflowalura/venv/lib/python3.9/site-packages/airflow/example_dags/subdags/subdag.py for tasks to queue
[2022-12-29 09:57:45,602] {logging_mixin.py:115} INFO - [2022-12-29 09:57:45,602] {dagbag.py:507} INFO - Filling up the DagBag from /home/alxavier/Documents/airflowalura/venv/lib/python3.9/site-packages/airflow/example_dags/subdags/subdag.py
[2022-12-29 09:57:45,605] {processor.py:653} WARNING - No viable dags retrieved from /home/alxavier/Documents/airflowalura/venv/lib/python3.9/site-packages/airflow/example_dags/subdags/subdag.py
[2022-12-29 09:57:45,694] {processor.py:161} INFO - Processing /home/alxavier/Documents/airflowalura/venv/lib/python3.9/site-packages/airflow/example_dags/subdags/subdag.py took 0.112 seconds
[2022-12-29 09:58:33,285] {processor.py:153} INFO - Started process (PID=21858) to work on /home/alxavier/Documents/airflowalura/venv/lib/python3.9/site-packages/airflow/example_dags/subdags/subdag.py
[2022-12-29 09:58:33,288] {processor.py:641} INFO - Processing file /home/alxavier/Documents/airflowalura/venv/lib/python3.9/site-packages/airflow/example_dags/subdags/subdag.py for tasks to queue
[2022-12-29 09:58:33,289] {logging_mixin.py:115} INFO - [2022-12-29 09:58:33,289] {dagbag.py:507} INFO - Filling up the DagBag from /home/alxavier/Documents/airflowalura/venv/lib/python3.9/site-packages/airflow/example_dags/subdags/subdag.py
[2022-12-29 09:58:33,294] {processor.py:653} WARNING - No viable dags retrieved from /home/alxavier/Documents/airflowalura/venv/lib/python3.9/site-packages/airflow/example_dags/subdags/subdag.py
[2022-12-29 09:58:33,321] {processor.py:161} INFO - Processing /home/alxavier/Documents/airflowalura/venv/lib/python3.9/site-packages/airflow/example_dags/subdags/subdag.py took 0.044 seconds
[2022-12-29 09:59:17,899] {processor.py:153} INFO - Started process (PID=21950) to work on /home/alxavier/Documents/airflowalura/venv/lib/python3.9/site-packages/airflow/example_dags/subdags/subdag.py
[2022-12-29 09:59:17,902] {processor.py:641} INFO - Processing file /home/alxavier/Documents/airflowalura/venv/lib/python3.9/site-packages/airflow/example_dags/subdags/subdag.py for tasks to queue
[2022-12-29 09:59:17,908] {logging_mixin.py:115} INFO - [2022-12-29 09:59:17,908] {dagbag.py:507} INFO - Filling up the DagBag from /home/alxavier/Documents/airflowalura/venv/lib/python3.9/site-packages/airflow/example_dags/subdags/subdag.py
[2022-12-29 09:59:17,912] {processor.py:653} WARNING - No viable dags retrieved from /home/alxavier/Documents/airflowalura/venv/lib/python3.9/site-packages/airflow/example_dags/subdags/subdag.py
[2022-12-29 09:59:18,009] {processor.py:161} INFO - Processing /home/alxavier/Documents/airflowalura/venv/lib/python3.9/site-packages/airflow/example_dags/subdags/subdag.py took 0.165 seconds
[2022-12-29 10:00:13,850] {processor.py:153} INFO - Started process (PID=22123) to work on /home/alxavier/Documents/airflowalura/venv/lib/python3.9/site-packages/airflow/example_dags/subdags/subdag.py
[2022-12-29 10:00:13,859] {processor.py:641} INFO - Processing file /home/alxavier/Documents/airflowalura/venv/lib/python3.9/site-packages/airflow/example_dags/subdags/subdag.py for tasks to queue
[2022-12-29 10:00:13,860] {logging_mixin.py:115} INFO - [2022-12-29 10:00:13,860] {dagbag.py:507} INFO - Filling up the DagBag from /home/alxavier/Documents/airflowalura/venv/lib/python3.9/site-packages/airflow/example_dags/subdags/subdag.py
[2022-12-29 10:00:13,864] {processor.py:653} WARNING - No viable dags retrieved from /home/alxavier/Documents/airflowalura/venv/lib/python3.9/site-packages/airflow/example_dags/subdags/subdag.py
[2022-12-29 10:00:14,472] {processor.py:161} INFO - Processing /home/alxavier/Documents/airflowalura/venv/lib/python3.9/site-packages/airflow/example_dags/subdags/subdag.py took 0.640 seconds
[2022-12-29 10:00:57,312] {processor.py:153} INFO - Started process (PID=22296) to work on /home/alxavier/Documents/airflowalura/venv/lib/python3.9/site-packages/airflow/example_dags/subdags/subdag.py
[2022-12-29 10:00:57,319] {processor.py:641} INFO - Processing file /home/alxavier/Documents/airflowalura/venv/lib/python3.9/site-packages/airflow/example_dags/subdags/subdag.py for tasks to queue
[2022-12-29 10:00:57,320] {logging_mixin.py:115} INFO - [2022-12-29 10:00:57,320] {dagbag.py:507} INFO - Filling up the DagBag from /home/alxavier/Documents/airflowalura/venv/lib/python3.9/site-packages/airflow/example_dags/subdags/subdag.py
[2022-12-29 10:00:57,333] {processor.py:653} WARNING - No viable dags retrieved from /home/alxavier/Documents/airflowalura/venv/lib/python3.9/site-packages/airflow/example_dags/subdags/subdag.py
[2022-12-29 10:00:57,385] {processor.py:161} INFO - Processing /home/alxavier/Documents/airflowalura/venv/lib/python3.9/site-packages/airflow/example_dags/subdags/subdag.py took 0.090 seconds
[2022-12-29 10:01:54,815] {processor.py:153} INFO - Started process (PID=22682) to work on /home/alxavier/Documents/airflowalura/venv/lib/python3.9/site-packages/airflow/example_dags/subdags/subdag.py
[2022-12-29 10:01:54,833] {processor.py:641} INFO - Processing file /home/alxavier/Documents/airflowalura/venv/lib/python3.9/site-packages/airflow/example_dags/subdags/subdag.py for tasks to queue
[2022-12-29 10:01:54,836] {logging_mixin.py:115} INFO - [2022-12-29 10:01:54,835] {dagbag.py:507} INFO - Filling up the DagBag from /home/alxavier/Documents/airflowalura/venv/lib/python3.9/site-packages/airflow/example_dags/subdags/subdag.py
[2022-12-29 10:01:54,841] {processor.py:653} WARNING - No viable dags retrieved from /home/alxavier/Documents/airflowalura/venv/lib/python3.9/site-packages/airflow/example_dags/subdags/subdag.py
[2022-12-29 10:01:54,929] {processor.py:161} INFO - Processing /home/alxavier/Documents/airflowalura/venv/lib/python3.9/site-packages/airflow/example_dags/subdags/subdag.py took 0.134 seconds
