[2022-12-29 09:57:02,846] {processor.py:153} INFO - Started process (PID=21688) to work on /home/alxavier/Documents/airflowalura/venv/lib/python3.9/site-packages/airflow/example_dags/example_skip_dag.py
[2022-12-29 09:57:02,848] {processor.py:641} INFO - Processing file /home/alxavier/Documents/airflowalura/venv/lib/python3.9/site-packages/airflow/example_dags/example_skip_dag.py for tasks to queue
[2022-12-29 09:57:02,849] {logging_mixin.py:115} INFO - [2022-12-29 09:57:02,849] {dagbag.py:507} INFO - Filling up the DagBag from /home/alxavier/Documents/airflowalura/venv/lib/python3.9/site-packages/airflow/example_dags/example_skip_dag.py
[2022-12-29 09:57:02,875] {processor.py:651} INFO - DAG(s) dict_keys(['example_skip_dag']) retrieved from /home/alxavier/Documents/airflowalura/venv/lib/python3.9/site-packages/airflow/example_dags/example_skip_dag.py
[2022-12-29 09:57:02,917] {logging_mixin.py:115} INFO - [2022-12-29 09:57:02,917] {dag.py:2379} INFO - Sync 1 DAGs
[2022-12-29 09:57:02,951] {logging_mixin.py:115} INFO - [2022-12-29 09:57:02,951] {dag.py:2927} INFO - Setting next_dagrun for example_skip_dag to 2022-12-28T12:57:02.951261+00:00, run_after=2022-12-29T12:57:02.951261+00:00
[2022-12-29 09:57:03,022] {processor.py:161} INFO - Processing /home/alxavier/Documents/airflowalura/venv/lib/python3.9/site-packages/airflow/example_dags/example_skip_dag.py took 0.191 seconds
[2022-12-29 09:57:50,225] {processor.py:153} INFO - Started process (PID=21777) to work on /home/alxavier/Documents/airflowalura/venv/lib/python3.9/site-packages/airflow/example_dags/example_skip_dag.py
[2022-12-29 09:57:50,228] {processor.py:641} INFO - Processing file /home/alxavier/Documents/airflowalura/venv/lib/python3.9/site-packages/airflow/example_dags/example_skip_dag.py for tasks to queue
[2022-12-29 09:57:50,229] {logging_mixin.py:115} INFO - [2022-12-29 09:57:50,229] {dagbag.py:507} INFO - Filling up the DagBag from /home/alxavier/Documents/airflowalura/venv/lib/python3.9/site-packages/airflow/example_dags/example_skip_dag.py
[2022-12-29 09:57:50,240] {processor.py:651} INFO - DAG(s) dict_keys(['example_skip_dag']) retrieved from /home/alxavier/Documents/airflowalura/venv/lib/python3.9/site-packages/airflow/example_dags/example_skip_dag.py
[2022-12-29 09:57:50,283] {logging_mixin.py:115} INFO - [2022-12-29 09:57:50,283] {dag.py:2379} INFO - Sync 1 DAGs
[2022-12-29 09:57:50,325] {logging_mixin.py:115} INFO - [2022-12-29 09:57:50,325] {dag.py:2927} INFO - Setting next_dagrun for example_skip_dag to 2022-12-28T12:57:50.324636+00:00, run_after=2022-12-29T12:57:50.324636+00:00
[2022-12-29 09:57:50,364] {processor.py:161} INFO - Processing /home/alxavier/Documents/airflowalura/venv/lib/python3.9/site-packages/airflow/example_dags/example_skip_dag.py took 0.149 seconds
[2022-12-29 09:58:41,382] {processor.py:153} INFO - Started process (PID=21867) to work on /home/alxavier/Documents/airflowalura/venv/lib/python3.9/site-packages/airflow/example_dags/example_skip_dag.py
[2022-12-29 09:58:41,405] {processor.py:641} INFO - Processing file /home/alxavier/Documents/airflowalura/venv/lib/python3.9/site-packages/airflow/example_dags/example_skip_dag.py for tasks to queue
[2022-12-29 09:58:41,407] {logging_mixin.py:115} INFO - [2022-12-29 09:58:41,406] {dagbag.py:507} INFO - Filling up the DagBag from /home/alxavier/Documents/airflowalura/venv/lib/python3.9/site-packages/airflow/example_dags/example_skip_dag.py
[2022-12-29 09:58:41,435] {processor.py:651} INFO - DAG(s) dict_keys(['example_skip_dag']) retrieved from /home/alxavier/Documents/airflowalura/venv/lib/python3.9/site-packages/airflow/example_dags/example_skip_dag.py
[2022-12-29 09:58:41,525] {logging_mixin.py:115} INFO - [2022-12-29 09:58:41,524] {dag.py:2379} INFO - Sync 1 DAGs
[2022-12-29 09:58:41,587] {logging_mixin.py:115} INFO - [2022-12-29 09:58:41,587] {dag.py:2927} INFO - Setting next_dagrun for example_skip_dag to 2022-12-28T12:58:41.586578+00:00, run_after=2022-12-29T12:58:41.586578+00:00
[2022-12-29 09:58:41,640] {processor.py:161} INFO - Processing /home/alxavier/Documents/airflowalura/venv/lib/python3.9/site-packages/airflow/example_dags/example_skip_dag.py took 0.286 seconds
[2022-12-29 09:59:23,790] {processor.py:153} INFO - Started process (PID=21955) to work on /home/alxavier/Documents/airflowalura/venv/lib/python3.9/site-packages/airflow/example_dags/example_skip_dag.py
[2022-12-29 09:59:23,804] {processor.py:641} INFO - Processing file /home/alxavier/Documents/airflowalura/venv/lib/python3.9/site-packages/airflow/example_dags/example_skip_dag.py for tasks to queue
[2022-12-29 09:59:23,805] {logging_mixin.py:115} INFO - [2022-12-29 09:59:23,805] {dagbag.py:507} INFO - Filling up the DagBag from /home/alxavier/Documents/airflowalura/venv/lib/python3.9/site-packages/airflow/example_dags/example_skip_dag.py
[2022-12-29 09:59:23,840] {processor.py:651} INFO - DAG(s) dict_keys(['example_skip_dag']) retrieved from /home/alxavier/Documents/airflowalura/venv/lib/python3.9/site-packages/airflow/example_dags/example_skip_dag.py
[2022-12-29 09:59:23,951] {logging_mixin.py:115} INFO - [2022-12-29 09:59:23,951] {dag.py:2379} INFO - Sync 1 DAGs
[2022-12-29 09:59:24,078] {logging_mixin.py:115} INFO - [2022-12-29 09:59:24,078] {dag.py:2927} INFO - Setting next_dagrun for example_skip_dag to 2022-12-28T12:59:24.074405+00:00, run_after=2022-12-29T12:59:24.074405+00:00
[2022-12-29 09:59:24,165] {processor.py:161} INFO - Processing /home/alxavier/Documents/airflowalura/venv/lib/python3.9/site-packages/airflow/example_dags/example_skip_dag.py took 0.380 seconds
[2022-12-29 10:00:21,505] {processor.py:153} INFO - Started process (PID=22142) to work on /home/alxavier/Documents/airflowalura/venv/lib/python3.9/site-packages/airflow/example_dags/example_skip_dag.py
[2022-12-29 10:00:21,516] {processor.py:641} INFO - Processing file /home/alxavier/Documents/airflowalura/venv/lib/python3.9/site-packages/airflow/example_dags/example_skip_dag.py for tasks to queue
[2022-12-29 10:00:21,517] {logging_mixin.py:115} INFO - [2022-12-29 10:00:21,517] {dagbag.py:507} INFO - Filling up the DagBag from /home/alxavier/Documents/airflowalura/venv/lib/python3.9/site-packages/airflow/example_dags/example_skip_dag.py
[2022-12-29 10:00:21,553] {processor.py:651} INFO - DAG(s) dict_keys(['example_skip_dag']) retrieved from /home/alxavier/Documents/airflowalura/venv/lib/python3.9/site-packages/airflow/example_dags/example_skip_dag.py
[2022-12-29 10:00:21,742] {logging_mixin.py:115} INFO - [2022-12-29 10:00:21,742] {dag.py:2379} INFO - Sync 1 DAGs
[2022-12-29 10:00:21,928] {logging_mixin.py:115} INFO - [2022-12-29 10:00:21,927] {dag.py:2927} INFO - Setting next_dagrun for example_skip_dag to 2022-12-28T13:00:21.927034+00:00, run_after=2022-12-29T13:00:21.927034+00:00
[2022-12-29 10:00:22,181] {processor.py:161} INFO - Processing /home/alxavier/Documents/airflowalura/venv/lib/python3.9/site-packages/airflow/example_dags/example_skip_dag.py took 0.705 seconds
[2022-12-29 10:01:32,255] {processor.py:153} INFO - Started process (PID=22398) to work on /home/alxavier/Documents/airflowalura/venv/lib/python3.9/site-packages/airflow/example_dags/example_skip_dag.py
[2022-12-29 10:01:32,293] {processor.py:641} INFO - Processing file /home/alxavier/Documents/airflowalura/venv/lib/python3.9/site-packages/airflow/example_dags/example_skip_dag.py for tasks to queue
[2022-12-29 10:01:32,294] {logging_mixin.py:115} INFO - [2022-12-29 10:01:32,294] {dagbag.py:507} INFO - Filling up the DagBag from /home/alxavier/Documents/airflowalura/venv/lib/python3.9/site-packages/airflow/example_dags/example_skip_dag.py
[2022-12-29 10:01:32,307] {processor.py:651} INFO - DAG(s) dict_keys(['example_skip_dag']) retrieved from /home/alxavier/Documents/airflowalura/venv/lib/python3.9/site-packages/airflow/example_dags/example_skip_dag.py
[2022-12-29 10:01:32,383] {logging_mixin.py:115} INFO - [2022-12-29 10:01:32,382] {dag.py:2379} INFO - Sync 1 DAGs
[2022-12-29 10:01:32,443] {logging_mixin.py:115} INFO - [2022-12-29 10:01:32,443] {dag.py:2927} INFO - Setting next_dagrun for example_skip_dag to 2022-12-28T13:01:32.443110+00:00, run_after=2022-12-29T13:01:32.443110+00:00
[2022-12-29 10:01:32,489] {processor.py:161} INFO - Processing /home/alxavier/Documents/airflowalura/venv/lib/python3.9/site-packages/airflow/example_dags/example_skip_dag.py took 0.240 seconds
