[2022-12-29 09:57:34,841] {processor.py:153} INFO - Started process (PID=21745) to work on /home/alxavier/Documents/airflowalura/venv/lib/python3.9/site-packages/airflow/example_dags/example_branch_operator_decorator.py
[2022-12-29 09:57:34,842] {processor.py:641} INFO - Processing file /home/alxavier/Documents/airflowalura/venv/lib/python3.9/site-packages/airflow/example_dags/example_branch_operator_decorator.py for tasks to queue
[2022-12-29 09:57:34,843] {logging_mixin.py:115} INFO - [2022-12-29 09:57:34,843] {dagbag.py:507} INFO - Filling up the DagBag from /home/alxavier/Documents/airflowalura/venv/lib/python3.9/site-packages/airflow/example_dags/example_branch_operator_decorator.py
[2022-12-29 09:57:34,917] {processor.py:651} INFO - DAG(s) dict_keys(['example_branch_python_operator_decorator']) retrieved from /home/alxavier/Documents/airflowalura/venv/lib/python3.9/site-packages/airflow/example_dags/example_branch_operator_decorator.py
[2022-12-29 09:57:34,956] {logging_mixin.py:115} INFO - [2022-12-29 09:57:34,956] {dag.py:2379} INFO - Sync 1 DAGs
[2022-12-29 09:57:34,991] {logging_mixin.py:115} INFO - [2022-12-29 09:57:34,991] {dag.py:2927} INFO - Setting next_dagrun for example_branch_python_operator_decorator to 2022-12-28T00:00:00+00:00, run_after=2022-12-29T00:00:00+00:00
[2022-12-29 09:57:35,102] {processor.py:161} INFO - Processing /home/alxavier/Documents/airflowalura/venv/lib/python3.9/site-packages/airflow/example_dags/example_branch_operator_decorator.py took 0.267 seconds
[2022-12-29 09:58:24,290] {processor.py:153} INFO - Started process (PID=21838) to work on /home/alxavier/Documents/airflowalura/venv/lib/python3.9/site-packages/airflow/example_dags/example_branch_operator_decorator.py
[2022-12-29 09:58:24,293] {processor.py:641} INFO - Processing file /home/alxavier/Documents/airflowalura/venv/lib/python3.9/site-packages/airflow/example_dags/example_branch_operator_decorator.py for tasks to queue
[2022-12-29 09:58:24,299] {logging_mixin.py:115} INFO - [2022-12-29 09:58:24,294] {dagbag.py:507} INFO - Filling up the DagBag from /home/alxavier/Documents/airflowalura/venv/lib/python3.9/site-packages/airflow/example_dags/example_branch_operator_decorator.py
[2022-12-29 09:58:24,375] {processor.py:651} INFO - DAG(s) dict_keys(['example_branch_python_operator_decorator']) retrieved from /home/alxavier/Documents/airflowalura/venv/lib/python3.9/site-packages/airflow/example_dags/example_branch_operator_decorator.py
[2022-12-29 09:58:24,420] {logging_mixin.py:115} INFO - [2022-12-29 09:58:24,420] {dag.py:2379} INFO - Sync 1 DAGs
[2022-12-29 09:58:24,483] {logging_mixin.py:115} INFO - [2022-12-29 09:58:24,483] {dag.py:2927} INFO - Setting next_dagrun for example_branch_python_operator_decorator to 2022-12-28T00:00:00+00:00, run_after=2022-12-29T00:00:00+00:00
[2022-12-29 09:58:24,536] {processor.py:161} INFO - Processing /home/alxavier/Documents/airflowalura/venv/lib/python3.9/site-packages/airflow/example_dags/example_branch_operator_decorator.py took 0.257 seconds
[2022-12-29 09:59:33,404] {processor.py:153} INFO - Started process (PID=21971) to work on /home/alxavier/Documents/airflowalura/venv/lib/python3.9/site-packages/airflow/example_dags/example_branch_operator_decorator.py
[2022-12-29 09:59:33,413] {processor.py:641} INFO - Processing file /home/alxavier/Documents/airflowalura/venv/lib/python3.9/site-packages/airflow/example_dags/example_branch_operator_decorator.py for tasks to queue
[2022-12-29 09:59:33,415] {logging_mixin.py:115} INFO - [2022-12-29 09:59:33,414] {dagbag.py:507} INFO - Filling up the DagBag from /home/alxavier/Documents/airflowalura/venv/lib/python3.9/site-packages/airflow/example_dags/example_branch_operator_decorator.py
[2022-12-29 09:59:33,521] {processor.py:651} INFO - DAG(s) dict_keys(['example_branch_python_operator_decorator']) retrieved from /home/alxavier/Documents/airflowalura/venv/lib/python3.9/site-packages/airflow/example_dags/example_branch_operator_decorator.py
[2022-12-29 09:59:33,593] {logging_mixin.py:115} INFO - [2022-12-29 09:59:33,593] {dag.py:2379} INFO - Sync 1 DAGs
[2022-12-29 09:59:33,695] {logging_mixin.py:115} INFO - [2022-12-29 09:59:33,695] {dag.py:2927} INFO - Setting next_dagrun for example_branch_python_operator_decorator to 2022-12-28T00:00:00+00:00, run_after=2022-12-29T00:00:00+00:00
[2022-12-29 09:59:33,820] {processor.py:161} INFO - Processing /home/alxavier/Documents/airflowalura/venv/lib/python3.9/site-packages/airflow/example_dags/example_branch_operator_decorator.py took 0.445 seconds
[2022-12-29 10:00:40,108] {processor.py:153} INFO - Started process (PID=22194) to work on /home/alxavier/Documents/airflowalura/venv/lib/python3.9/site-packages/airflow/example_dags/example_branch_operator_decorator.py
[2022-12-29 10:00:40,114] {processor.py:641} INFO - Processing file /home/alxavier/Documents/airflowalura/venv/lib/python3.9/site-packages/airflow/example_dags/example_branch_operator_decorator.py for tasks to queue
[2022-12-29 10:00:40,115] {logging_mixin.py:115} INFO - [2022-12-29 10:00:40,115] {dagbag.py:507} INFO - Filling up the DagBag from /home/alxavier/Documents/airflowalura/venv/lib/python3.9/site-packages/airflow/example_dags/example_branch_operator_decorator.py
[2022-12-29 10:00:40,192] {processor.py:651} INFO - DAG(s) dict_keys(['example_branch_python_operator_decorator']) retrieved from /home/alxavier/Documents/airflowalura/venv/lib/python3.9/site-packages/airflow/example_dags/example_branch_operator_decorator.py
[2022-12-29 10:00:40,267] {logging_mixin.py:115} INFO - [2022-12-29 10:00:40,266] {dag.py:2379} INFO - Sync 1 DAGs
[2022-12-29 10:00:40,383] {logging_mixin.py:115} INFO - [2022-12-29 10:00:40,383] {dag.py:2927} INFO - Setting next_dagrun for example_branch_python_operator_decorator to 2022-12-28T00:00:00+00:00, run_after=2022-12-29T00:00:00+00:00
[2022-12-29 10:00:41,617] {processor.py:161} INFO - Processing /home/alxavier/Documents/airflowalura/venv/lib/python3.9/site-packages/airflow/example_dags/example_branch_operator_decorator.py took 1.531 seconds
[2022-12-29 10:01:46,278] {processor.py:153} INFO - Started process (PID=22629) to work on /home/alxavier/Documents/airflowalura/venv/lib/python3.9/site-packages/airflow/example_dags/example_branch_operator_decorator.py
[2022-12-29 10:01:46,583] {processor.py:641} INFO - Processing file /home/alxavier/Documents/airflowalura/venv/lib/python3.9/site-packages/airflow/example_dags/example_branch_operator_decorator.py for tasks to queue
[2022-12-29 10:01:46,586] {logging_mixin.py:115} INFO - [2022-12-29 10:01:46,586] {dagbag.py:507} INFO - Filling up the DagBag from /home/alxavier/Documents/airflowalura/venv/lib/python3.9/site-packages/airflow/example_dags/example_branch_operator_decorator.py
[2022-12-29 10:01:46,717] {processor.py:651} INFO - DAG(s) dict_keys(['example_branch_python_operator_decorator']) retrieved from /home/alxavier/Documents/airflowalura/venv/lib/python3.9/site-packages/airflow/example_dags/example_branch_operator_decorator.py
[2022-12-29 10:01:46,797] {logging_mixin.py:115} INFO - [2022-12-29 10:01:46,797] {dag.py:2379} INFO - Sync 1 DAGs
[2022-12-29 10:01:46,870] {logging_mixin.py:115} INFO - [2022-12-29 10:01:46,869] {dag.py:2927} INFO - Setting next_dagrun for example_branch_python_operator_decorator to 2022-12-28T00:00:00+00:00, run_after=2022-12-29T00:00:00+00:00
[2022-12-29 10:01:47,022] {processor.py:161} INFO - Processing /home/alxavier/Documents/airflowalura/venv/lib/python3.9/site-packages/airflow/example_dags/example_branch_operator_decorator.py took 0.751 seconds
