[2022-12-29 09:57:21,889] {processor.py:153} INFO - Started process (PID=21720) to work on /home/alxavier/Documents/airflowalura/venv/lib/python3.9/site-packages/airflow/example_dags/example_branch_datetime_operator.py
[2022-12-29 09:57:21,890] {processor.py:641} INFO - Processing file /home/alxavier/Documents/airflowalura/venv/lib/python3.9/site-packages/airflow/example_dags/example_branch_datetime_operator.py for tasks to queue
[2022-12-29 09:57:21,892] {logging_mixin.py:115} INFO - [2022-12-29 09:57:21,892] {dagbag.py:507} INFO - Filling up the DagBag from /home/alxavier/Documents/airflowalura/venv/lib/python3.9/site-packages/airflow/example_dags/example_branch_datetime_operator.py
[2022-12-29 09:57:21,928] {processor.py:651} INFO - DAG(s) dict_keys(['example_branch_datetime_operator_2']) retrieved from /home/alxavier/Documents/airflowalura/venv/lib/python3.9/site-packages/airflow/example_dags/example_branch_datetime_operator.py
[2022-12-29 09:57:21,976] {logging_mixin.py:115} INFO - [2022-12-29 09:57:21,976] {dag.py:2379} INFO - Sync 1 DAGs
[2022-12-29 09:57:22,017] {logging_mixin.py:115} INFO - [2022-12-29 09:57:22,016] {dag.py:2927} INFO - Setting next_dagrun for example_branch_datetime_operator_2 to 2022-12-28T00:00:00+00:00, run_after=2022-12-29T00:00:00+00:00
[2022-12-29 09:57:22,045] {processor.py:161} INFO - Processing /home/alxavier/Documents/airflowalura/venv/lib/python3.9/site-packages/airflow/example_dags/example_branch_datetime_operator.py took 0.163 seconds
[2022-12-29 09:58:08,861] {processor.py:153} INFO - Started process (PID=21812) to work on /home/alxavier/Documents/airflowalura/venv/lib/python3.9/site-packages/airflow/example_dags/example_branch_datetime_operator.py
[2022-12-29 09:58:08,899] {processor.py:641} INFO - Processing file /home/alxavier/Documents/airflowalura/venv/lib/python3.9/site-packages/airflow/example_dags/example_branch_datetime_operator.py for tasks to queue
[2022-12-29 09:58:08,900] {logging_mixin.py:115} INFO - [2022-12-29 09:58:08,900] {dagbag.py:507} INFO - Filling up the DagBag from /home/alxavier/Documents/airflowalura/venv/lib/python3.9/site-packages/airflow/example_dags/example_branch_datetime_operator.py
[2022-12-29 09:58:08,943] {processor.py:651} INFO - DAG(s) dict_keys(['example_branch_datetime_operator_2']) retrieved from /home/alxavier/Documents/airflowalura/venv/lib/python3.9/site-packages/airflow/example_dags/example_branch_datetime_operator.py
[2022-12-29 09:58:09,007] {logging_mixin.py:115} INFO - [2022-12-29 09:58:09,006] {dag.py:2379} INFO - Sync 1 DAGs
[2022-12-29 09:58:09,069] {logging_mixin.py:115} INFO - [2022-12-29 09:58:09,069] {dag.py:2927} INFO - Setting next_dagrun for example_branch_datetime_operator_2 to 2022-12-28T00:00:00+00:00, run_after=2022-12-29T00:00:00+00:00
[2022-12-29 09:58:09,114] {processor.py:161} INFO - Processing /home/alxavier/Documents/airflowalura/venv/lib/python3.9/site-packages/airflow/example_dags/example_branch_datetime_operator.py took 0.265 seconds
[2022-12-29 09:59:05,599] {processor.py:153} INFO - Started process (PID=21912) to work on /home/alxavier/Documents/airflowalura/venv/lib/python3.9/site-packages/airflow/example_dags/example_branch_datetime_operator.py
[2022-12-29 09:59:05,606] {processor.py:641} INFO - Processing file /home/alxavier/Documents/airflowalura/venv/lib/python3.9/site-packages/airflow/example_dags/example_branch_datetime_operator.py for tasks to queue
[2022-12-29 09:59:05,607] {logging_mixin.py:115} INFO - [2022-12-29 09:59:05,606] {dagbag.py:507} INFO - Filling up the DagBag from /home/alxavier/Documents/airflowalura/venv/lib/python3.9/site-packages/airflow/example_dags/example_branch_datetime_operator.py
[2022-12-29 09:59:05,640] {processor.py:651} INFO - DAG(s) dict_keys(['example_branch_datetime_operator_2']) retrieved from /home/alxavier/Documents/airflowalura/venv/lib/python3.9/site-packages/airflow/example_dags/example_branch_datetime_operator.py
[2022-12-29 09:59:05,720] {logging_mixin.py:115} INFO - [2022-12-29 09:59:05,720] {dag.py:2379} INFO - Sync 1 DAGs
[2022-12-29 09:59:05,795] {logging_mixin.py:115} INFO - [2022-12-29 09:59:05,795] {dag.py:2927} INFO - Setting next_dagrun for example_branch_datetime_operator_2 to 2022-12-28T00:00:00+00:00, run_after=2022-12-29T00:00:00+00:00
[2022-12-29 09:59:05,831] {processor.py:161} INFO - Processing /home/alxavier/Documents/airflowalura/venv/lib/python3.9/site-packages/airflow/example_dags/example_branch_datetime_operator.py took 0.237 seconds
[2022-12-29 10:00:03,894] {processor.py:153} INFO - Started process (PID=22044) to work on /home/alxavier/Documents/airflowalura/venv/lib/python3.9/site-packages/airflow/example_dags/example_branch_datetime_operator.py
[2022-12-29 10:00:03,943] {processor.py:641} INFO - Processing file /home/alxavier/Documents/airflowalura/venv/lib/python3.9/site-packages/airflow/example_dags/example_branch_datetime_operator.py for tasks to queue
[2022-12-29 10:00:03,945] {logging_mixin.py:115} INFO - [2022-12-29 10:00:03,945] {dagbag.py:507} INFO - Filling up the DagBag from /home/alxavier/Documents/airflowalura/venv/lib/python3.9/site-packages/airflow/example_dags/example_branch_datetime_operator.py
[2022-12-29 10:00:03,988] {processor.py:651} INFO - DAG(s) dict_keys(['example_branch_datetime_operator_2']) retrieved from /home/alxavier/Documents/airflowalura/venv/lib/python3.9/site-packages/airflow/example_dags/example_branch_datetime_operator.py
[2022-12-29 10:00:04,144] {logging_mixin.py:115} INFO - [2022-12-29 10:00:04,144] {dag.py:2379} INFO - Sync 1 DAGs
[2022-12-29 10:00:04,294] {logging_mixin.py:115} INFO - [2022-12-29 10:00:04,293] {dag.py:2927} INFO - Setting next_dagrun for example_branch_datetime_operator_2 to 2022-12-28T00:00:00+00:00, run_after=2022-12-29T00:00:00+00:00
[2022-12-29 10:00:04,469] {processor.py:161} INFO - Processing /home/alxavier/Documents/airflowalura/venv/lib/python3.9/site-packages/airflow/example_dags/example_branch_datetime_operator.py took 0.597 seconds
[2022-12-29 10:01:20,576] {processor.py:153} INFO - Started process (PID=22365) to work on /home/alxavier/Documents/airflowalura/venv/lib/python3.9/site-packages/airflow/example_dags/example_branch_datetime_operator.py
[2022-12-29 10:01:20,591] {processor.py:641} INFO - Processing file /home/alxavier/Documents/airflowalura/venv/lib/python3.9/site-packages/airflow/example_dags/example_branch_datetime_operator.py for tasks to queue
[2022-12-29 10:01:20,594] {logging_mixin.py:115} INFO - [2022-12-29 10:01:20,593] {dagbag.py:507} INFO - Filling up the DagBag from /home/alxavier/Documents/airflowalura/venv/lib/python3.9/site-packages/airflow/example_dags/example_branch_datetime_operator.py
[2022-12-29 10:01:20,661] {processor.py:651} INFO - DAG(s) dict_keys(['example_branch_datetime_operator_2']) retrieved from /home/alxavier/Documents/airflowalura/venv/lib/python3.9/site-packages/airflow/example_dags/example_branch_datetime_operator.py
[2022-12-29 10:01:20,740] {logging_mixin.py:115} INFO - [2022-12-29 10:01:20,740] {dag.py:2379} INFO - Sync 1 DAGs
[2022-12-29 10:01:20,810] {logging_mixin.py:115} INFO - [2022-12-29 10:01:20,810] {dag.py:2927} INFO - Setting next_dagrun for example_branch_datetime_operator_2 to 2022-12-28T00:00:00+00:00, run_after=2022-12-29T00:00:00+00:00
[2022-12-29 10:01:20,883] {processor.py:161} INFO - Processing /home/alxavier/Documents/airflowalura/venv/lib/python3.9/site-packages/airflow/example_dags/example_branch_datetime_operator.py took 0.320 seconds
