[2022-12-29 09:57:23,174] {processor.py:153} INFO - Started process (PID=21722) to work on /home/alxavier/Documents/airflowalura/venv/lib/python3.9/site-packages/airflow/example_dags/example_dag_decorator.py
[2022-12-29 09:57:23,175] {processor.py:641} INFO - Processing file /home/alxavier/Documents/airflowalura/venv/lib/python3.9/site-packages/airflow/example_dags/example_dag_decorator.py for tasks to queue
[2022-12-29 09:57:23,176] {logging_mixin.py:115} INFO - [2022-12-29 09:57:23,176] {dagbag.py:507} INFO - Filling up the DagBag from /home/alxavier/Documents/airflowalura/venv/lib/python3.9/site-packages/airflow/example_dags/example_dag_decorator.py
[2022-12-29 09:57:23,253] {processor.py:651} INFO - DAG(s) dict_keys(['example_dag_decorator']) retrieved from /home/alxavier/Documents/airflowalura/venv/lib/python3.9/site-packages/airflow/example_dags/example_dag_decorator.py
[2022-12-29 09:57:23,433] {logging_mixin.py:115} INFO - [2022-12-29 09:57:23,433] {dag.py:2379} INFO - Sync 1 DAGs
[2022-12-29 09:57:23,487] {logging_mixin.py:115} INFO - [2022-12-29 09:57:23,487] {dag.py:2927} INFO - Setting next_dagrun for example_dag_decorator to None, run_after=None
[2022-12-29 09:57:23,623] {processor.py:161} INFO - Processing /home/alxavier/Documents/airflowalura/venv/lib/python3.9/site-packages/airflow/example_dags/example_dag_decorator.py took 0.454 seconds
[2022-12-29 09:58:10,307] {processor.py:153} INFO - Started process (PID=21815) to work on /home/alxavier/Documents/airflowalura/venv/lib/python3.9/site-packages/airflow/example_dags/example_dag_decorator.py
[2022-12-29 09:58:10,310] {processor.py:641} INFO - Processing file /home/alxavier/Documents/airflowalura/venv/lib/python3.9/site-packages/airflow/example_dags/example_dag_decorator.py for tasks to queue
[2022-12-29 09:58:10,312] {logging_mixin.py:115} INFO - [2022-12-29 09:58:10,312] {dagbag.py:507} INFO - Filling up the DagBag from /home/alxavier/Documents/airflowalura/venv/lib/python3.9/site-packages/airflow/example_dags/example_dag_decorator.py
[2022-12-29 09:58:10,401] {processor.py:651} INFO - DAG(s) dict_keys(['example_dag_decorator']) retrieved from /home/alxavier/Documents/airflowalura/venv/lib/python3.9/site-packages/airflow/example_dags/example_dag_decorator.py
[2022-12-29 09:58:10,512] {logging_mixin.py:115} INFO - [2022-12-29 09:58:10,512] {dag.py:2379} INFO - Sync 1 DAGs
[2022-12-29 09:58:10,556] {logging_mixin.py:115} INFO - [2022-12-29 09:58:10,556] {dag.py:2927} INFO - Setting next_dagrun for example_dag_decorator to None, run_after=None
[2022-12-29 09:58:10,596] {processor.py:161} INFO - Processing /home/alxavier/Documents/airflowalura/venv/lib/python3.9/site-packages/airflow/example_dags/example_dag_decorator.py took 0.298 seconds
[2022-12-29 09:59:06,802] {processor.py:153} INFO - Started process (PID=21919) to work on /home/alxavier/Documents/airflowalura/venv/lib/python3.9/site-packages/airflow/example_dags/example_dag_decorator.py
[2022-12-29 09:59:06,809] {processor.py:641} INFO - Processing file /home/alxavier/Documents/airflowalura/venv/lib/python3.9/site-packages/airflow/example_dags/example_dag_decorator.py for tasks to queue
[2022-12-29 09:59:06,809] {logging_mixin.py:115} INFO - [2022-12-29 09:59:06,809] {dagbag.py:507} INFO - Filling up the DagBag from /home/alxavier/Documents/airflowalura/venv/lib/python3.9/site-packages/airflow/example_dags/example_dag_decorator.py
[2022-12-29 09:59:06,871] {processor.py:651} INFO - DAG(s) dict_keys(['example_dag_decorator']) retrieved from /home/alxavier/Documents/airflowalura/venv/lib/python3.9/site-packages/airflow/example_dags/example_dag_decorator.py
[2022-12-29 09:59:06,950] {logging_mixin.py:115} INFO - [2022-12-29 09:59:06,950] {dag.py:2379} INFO - Sync 1 DAGs
[2022-12-29 09:59:07,063] {logging_mixin.py:115} INFO - [2022-12-29 09:59:07,062] {dag.py:2927} INFO - Setting next_dagrun for example_dag_decorator to None, run_after=None
[2022-12-29 09:59:07,118] {processor.py:161} INFO - Processing /home/alxavier/Documents/airflowalura/venv/lib/python3.9/site-packages/airflow/example_dags/example_dag_decorator.py took 0.322 seconds
[2022-12-29 10:00:05,699] {processor.py:153} INFO - Started process (PID=22045) to work on /home/alxavier/Documents/airflowalura/venv/lib/python3.9/site-packages/airflow/example_dags/example_dag_decorator.py
[2022-12-29 10:00:05,755] {processor.py:641} INFO - Processing file /home/alxavier/Documents/airflowalura/venv/lib/python3.9/site-packages/airflow/example_dags/example_dag_decorator.py for tasks to queue
[2022-12-29 10:00:05,757] {logging_mixin.py:115} INFO - [2022-12-29 10:00:05,757] {dagbag.py:507} INFO - Filling up the DagBag from /home/alxavier/Documents/airflowalura/venv/lib/python3.9/site-packages/airflow/example_dags/example_dag_decorator.py
[2022-12-29 10:00:05,933] {processor.py:651} INFO - DAG(s) dict_keys(['example_dag_decorator']) retrieved from /home/alxavier/Documents/airflowalura/venv/lib/python3.9/site-packages/airflow/example_dags/example_dag_decorator.py
[2022-12-29 10:00:06,184] {logging_mixin.py:115} INFO - [2022-12-29 10:00:06,183] {dag.py:2379} INFO - Sync 1 DAGs
[2022-12-29 10:00:06,332] {logging_mixin.py:115} INFO - [2022-12-29 10:00:06,331] {dag.py:2927} INFO - Setting next_dagrun for example_dag_decorator to None, run_after=None
[2022-12-29 10:00:06,437] {processor.py:161} INFO - Processing /home/alxavier/Documents/airflowalura/venv/lib/python3.9/site-packages/airflow/example_dags/example_dag_decorator.py took 0.766 seconds
[2022-12-29 10:01:22,119] {processor.py:153} INFO - Started process (PID=22368) to work on /home/alxavier/Documents/airflowalura/venv/lib/python3.9/site-packages/airflow/example_dags/example_dag_decorator.py
[2022-12-29 10:01:22,121] {processor.py:641} INFO - Processing file /home/alxavier/Documents/airflowalura/venv/lib/python3.9/site-packages/airflow/example_dags/example_dag_decorator.py for tasks to queue
[2022-12-29 10:01:22,123] {logging_mixin.py:115} INFO - [2022-12-29 10:01:22,122] {dagbag.py:507} INFO - Filling up the DagBag from /home/alxavier/Documents/airflowalura/venv/lib/python3.9/site-packages/airflow/example_dags/example_dag_decorator.py
[2022-12-29 10:01:22,245] {processor.py:651} INFO - DAG(s) dict_keys(['example_dag_decorator']) retrieved from /home/alxavier/Documents/airflowalura/venv/lib/python3.9/site-packages/airflow/example_dags/example_dag_decorator.py
[2022-12-29 10:01:22,460] {logging_mixin.py:115} INFO - [2022-12-29 10:01:22,460] {dag.py:2379} INFO - Sync 1 DAGs
[2022-12-29 10:01:22,505] {logging_mixin.py:115} INFO - [2022-12-29 10:01:22,505] {dag.py:2927} INFO - Setting next_dagrun for example_dag_decorator to None, run_after=None
[2022-12-29 10:01:22,594] {processor.py:161} INFO - Processing /home/alxavier/Documents/airflowalura/venv/lib/python3.9/site-packages/airflow/example_dags/example_dag_decorator.py took 0.503 seconds
