[2022-12-29 09:57:00,661] {processor.py:153} INFO - Started process (PID=21680) to work on /home/alxavier/Documents/airflowalura/venv/lib/python3.9/site-packages/airflow/example_dags/example_task_group_decorator.py
[2022-12-29 09:57:00,663] {processor.py:641} INFO - Processing file /home/alxavier/Documents/airflowalura/venv/lib/python3.9/site-packages/airflow/example_dags/example_task_group_decorator.py for tasks to queue
[2022-12-29 09:57:00,667] {logging_mixin.py:115} INFO - [2022-12-29 09:57:00,667] {dagbag.py:507} INFO - Filling up the DagBag from /home/alxavier/Documents/airflowalura/venv/lib/python3.9/site-packages/airflow/example_dags/example_task_group_decorator.py
[2022-12-29 09:57:00,768] {processor.py:651} INFO - DAG(s) dict_keys(['example_task_group_decorator']) retrieved from /home/alxavier/Documents/airflowalura/venv/lib/python3.9/site-packages/airflow/example_dags/example_task_group_decorator.py
[2022-12-29 09:57:00,867] {logging_mixin.py:115} INFO - [2022-12-29 09:57:00,867] {dag.py:2379} INFO - Sync 1 DAGs
[2022-12-29 09:57:00,932] {logging_mixin.py:115} INFO - [2022-12-29 09:57:00,931] {dag.py:2927} INFO - Setting next_dagrun for example_task_group_decorator to 2022-12-28T12:57:00.930480+00:00, run_after=2022-12-29T12:57:00.930480+00:00
[2022-12-29 09:57:01,037] {processor.py:161} INFO - Processing /home/alxavier/Documents/airflowalura/venv/lib/python3.9/site-packages/airflow/example_dags/example_task_group_decorator.py took 0.385 seconds
[2022-12-29 09:57:48,239] {processor.py:153} INFO - Started process (PID=21775) to work on /home/alxavier/Documents/airflowalura/venv/lib/python3.9/site-packages/airflow/example_dags/example_task_group_decorator.py
[2022-12-29 09:57:48,242] {processor.py:641} INFO - Processing file /home/alxavier/Documents/airflowalura/venv/lib/python3.9/site-packages/airflow/example_dags/example_task_group_decorator.py for tasks to queue
[2022-12-29 09:57:48,243] {logging_mixin.py:115} INFO - [2022-12-29 09:57:48,243] {dagbag.py:507} INFO - Filling up the DagBag from /home/alxavier/Documents/airflowalura/venv/lib/python3.9/site-packages/airflow/example_dags/example_task_group_decorator.py
[2022-12-29 09:57:48,293] {processor.py:651} INFO - DAG(s) dict_keys(['example_task_group_decorator']) retrieved from /home/alxavier/Documents/airflowalura/venv/lib/python3.9/site-packages/airflow/example_dags/example_task_group_decorator.py
[2022-12-29 09:57:48,384] {logging_mixin.py:115} INFO - [2022-12-29 09:57:48,384] {dag.py:2379} INFO - Sync 1 DAGs
[2022-12-29 09:57:48,411] {logging_mixin.py:115} INFO - [2022-12-29 09:57:48,411] {dag.py:2927} INFO - Setting next_dagrun for example_task_group_decorator to 2022-12-28T12:57:48.410564+00:00, run_after=2022-12-29T12:57:48.410564+00:00
[2022-12-29 09:57:48,449] {processor.py:161} INFO - Processing /home/alxavier/Documents/airflowalura/venv/lib/python3.9/site-packages/airflow/example_dags/example_task_group_decorator.py took 0.217 seconds
[2022-12-29 09:58:36,134] {processor.py:153} INFO - Started process (PID=21863) to work on /home/alxavier/Documents/airflowalura/venv/lib/python3.9/site-packages/airflow/example_dags/example_task_group_decorator.py
[2022-12-29 09:58:36,144] {processor.py:641} INFO - Processing file /home/alxavier/Documents/airflowalura/venv/lib/python3.9/site-packages/airflow/example_dags/example_task_group_decorator.py for tasks to queue
[2022-12-29 09:58:36,145] {logging_mixin.py:115} INFO - [2022-12-29 09:58:36,145] {dagbag.py:507} INFO - Filling up the DagBag from /home/alxavier/Documents/airflowalura/venv/lib/python3.9/site-packages/airflow/example_dags/example_task_group_decorator.py
[2022-12-29 09:58:36,288] {processor.py:651} INFO - DAG(s) dict_keys(['example_task_group_decorator']) retrieved from /home/alxavier/Documents/airflowalura/venv/lib/python3.9/site-packages/airflow/example_dags/example_task_group_decorator.py
[2022-12-29 09:58:36,390] {logging_mixin.py:115} INFO - [2022-12-29 09:58:36,390] {dag.py:2379} INFO - Sync 1 DAGs
[2022-12-29 09:58:36,535] {logging_mixin.py:115} INFO - [2022-12-29 09:58:36,534] {dag.py:2927} INFO - Setting next_dagrun for example_task_group_decorator to 2022-12-28T12:58:36.525706+00:00, run_after=2022-12-29T12:58:36.525706+00:00
[2022-12-29 09:58:36,608] {processor.py:161} INFO - Processing /home/alxavier/Documents/airflowalura/venv/lib/python3.9/site-packages/airflow/example_dags/example_task_group_decorator.py took 0.525 seconds
[2022-12-29 09:59:21,355] {processor.py:153} INFO - Started process (PID=21952) to work on /home/alxavier/Documents/airflowalura/venv/lib/python3.9/site-packages/airflow/example_dags/example_task_group_decorator.py
[2022-12-29 09:59:21,362] {processor.py:641} INFO - Processing file /home/alxavier/Documents/airflowalura/venv/lib/python3.9/site-packages/airflow/example_dags/example_task_group_decorator.py for tasks to queue
[2022-12-29 09:59:21,363] {logging_mixin.py:115} INFO - [2022-12-29 09:59:21,363] {dagbag.py:507} INFO - Filling up the DagBag from /home/alxavier/Documents/airflowalura/venv/lib/python3.9/site-packages/airflow/example_dags/example_task_group_decorator.py
[2022-12-29 09:59:21,450] {processor.py:651} INFO - DAG(s) dict_keys(['example_task_group_decorator']) retrieved from /home/alxavier/Documents/airflowalura/venv/lib/python3.9/site-packages/airflow/example_dags/example_task_group_decorator.py
[2022-12-29 09:59:21,515] {logging_mixin.py:115} INFO - [2022-12-29 09:59:21,515] {dag.py:2379} INFO - Sync 1 DAGs
[2022-12-29 09:59:21,589] {logging_mixin.py:115} INFO - [2022-12-29 09:59:21,589] {dag.py:2927} INFO - Setting next_dagrun for example_task_group_decorator to 2022-12-28T12:59:21.588710+00:00, run_after=2022-12-29T12:59:21.588710+00:00
[2022-12-29 09:59:21,636] {processor.py:161} INFO - Processing /home/alxavier/Documents/airflowalura/venv/lib/python3.9/site-packages/airflow/example_dags/example_task_group_decorator.py took 0.288 seconds
[2022-12-29 10:00:17,838] {processor.py:153} INFO - Started process (PID=22139) to work on /home/alxavier/Documents/airflowalura/venv/lib/python3.9/site-packages/airflow/example_dags/example_task_group_decorator.py
[2022-12-29 10:00:17,876] {processor.py:641} INFO - Processing file /home/alxavier/Documents/airflowalura/venv/lib/python3.9/site-packages/airflow/example_dags/example_task_group_decorator.py for tasks to queue
[2022-12-29 10:00:17,878] {logging_mixin.py:115} INFO - [2022-12-29 10:00:17,878] {dagbag.py:507} INFO - Filling up the DagBag from /home/alxavier/Documents/airflowalura/venv/lib/python3.9/site-packages/airflow/example_dags/example_task_group_decorator.py
[2022-12-29 10:00:18,056] {processor.py:651} INFO - DAG(s) dict_keys(['example_task_group_decorator']) retrieved from /home/alxavier/Documents/airflowalura/venv/lib/python3.9/site-packages/airflow/example_dags/example_task_group_decorator.py
[2022-12-29 10:00:18,150] {logging_mixin.py:115} INFO - [2022-12-29 10:00:18,150] {dag.py:2379} INFO - Sync 1 DAGs
[2022-12-29 10:00:18,304] {logging_mixin.py:115} INFO - [2022-12-29 10:00:18,303] {dag.py:2927} INFO - Setting next_dagrun for example_task_group_decorator to 2022-12-28T13:00:18.293315+00:00, run_after=2022-12-29T13:00:18.293315+00:00
[2022-12-29 10:00:18,408] {processor.py:161} INFO - Processing /home/alxavier/Documents/airflowalura/venv/lib/python3.9/site-packages/airflow/example_dags/example_task_group_decorator.py took 0.588 seconds
[2022-12-29 10:01:00,798] {processor.py:153} INFO - Started process (PID=22339) to work on /home/alxavier/Documents/airflowalura/venv/lib/python3.9/site-packages/airflow/example_dags/example_task_group_decorator.py
[2022-12-29 10:01:00,804] {processor.py:641} INFO - Processing file /home/alxavier/Documents/airflowalura/venv/lib/python3.9/site-packages/airflow/example_dags/example_task_group_decorator.py for tasks to queue
[2022-12-29 10:01:00,804] {logging_mixin.py:115} INFO - [2022-12-29 10:01:00,804] {dagbag.py:507} INFO - Filling up the DagBag from /home/alxavier/Documents/airflowalura/venv/lib/python3.9/site-packages/airflow/example_dags/example_task_group_decorator.py
[2022-12-29 10:01:01,008] {processor.py:651} INFO - DAG(s) dict_keys(['example_task_group_decorator']) retrieved from /home/alxavier/Documents/airflowalura/venv/lib/python3.9/site-packages/airflow/example_dags/example_task_group_decorator.py
[2022-12-29 10:01:01,242] {logging_mixin.py:115} INFO - [2022-12-29 10:01:01,242] {dag.py:2379} INFO - Sync 1 DAGs
[2022-12-29 10:01:01,339] {logging_mixin.py:115} INFO - [2022-12-29 10:01:01,338] {dag.py:2927} INFO - Setting next_dagrun for example_task_group_decorator to 2022-12-28T13:01:01.338056+00:00, run_after=2022-12-29T13:01:01.338056+00:00
[2022-12-29 10:01:01,575] {processor.py:161} INFO - Processing /home/alxavier/Documents/airflowalura/venv/lib/python3.9/site-packages/airflow/example_dags/example_task_group_decorator.py took 0.800 seconds
[2022-12-29 10:01:57,426] {processor.py:153} INFO - Started process (PID=22699) to work on /home/alxavier/Documents/airflowalura/venv/lib/python3.9/site-packages/airflow/example_dags/example_task_group_decorator.py
[2022-12-29 10:01:57,523] {processor.py:641} INFO - Processing file /home/alxavier/Documents/airflowalura/venv/lib/python3.9/site-packages/airflow/example_dags/example_task_group_decorator.py for tasks to queue
[2022-12-29 10:01:57,526] {logging_mixin.py:115} INFO - [2022-12-29 10:01:57,526] {dagbag.py:507} INFO - Filling up the DagBag from /home/alxavier/Documents/airflowalura/venv/lib/python3.9/site-packages/airflow/example_dags/example_task_group_decorator.py
[2022-12-29 10:01:57,646] {processor.py:651} INFO - DAG(s) dict_keys(['example_task_group_decorator']) retrieved from /home/alxavier/Documents/airflowalura/venv/lib/python3.9/site-packages/airflow/example_dags/example_task_group_decorator.py
[2022-12-29 10:01:57,940] {logging_mixin.py:115} INFO - [2022-12-29 10:01:57,940] {dag.py:2379} INFO - Sync 1 DAGs
[2022-12-29 10:01:58,000] {logging_mixin.py:115} INFO - [2022-12-29 10:01:58,000] {dag.py:2927} INFO - Setting next_dagrun for example_task_group_decorator to 2022-12-28T13:01:58.000204+00:00, run_after=2022-12-29T13:01:58.000204+00:00
[2022-12-29 10:01:58,068] {processor.py:161} INFO - Processing /home/alxavier/Documents/airflowalura/venv/lib/python3.9/site-packages/airflow/example_dags/example_task_group_decorator.py took 0.682 seconds
