[2022-12-29 09:57:16,517] {processor.py:153} INFO - Started process (PID=21713) to work on /home/alxavier/Documents/airflowalura/venv/lib/python3.9/site-packages/airflow/example_dags/example_xcomargs.py
[2022-12-29 09:57:16,518] {processor.py:641} INFO - Processing file /home/alxavier/Documents/airflowalura/venv/lib/python3.9/site-packages/airflow/example_dags/example_xcomargs.py for tasks to queue
[2022-12-29 09:57:16,519] {logging_mixin.py:115} INFO - [2022-12-29 09:57:16,518] {dagbag.py:507} INFO - Filling up the DagBag from /home/alxavier/Documents/airflowalura/venv/lib/python3.9/site-packages/airflow/example_dags/example_xcomargs.py
[2022-12-29 09:57:16,572] {processor.py:651} INFO - DAG(s) dict_keys(['example_xcom_args', 'example_xcom_args_with_operators']) retrieved from /home/alxavier/Documents/airflowalura/venv/lib/python3.9/site-packages/airflow/example_dags/example_xcomargs.py
[2022-12-29 09:57:16,687] {logging_mixin.py:115} INFO - [2022-12-29 09:57:16,686] {dag.py:2379} INFO - Sync 2 DAGs
[2022-12-29 09:57:16,710] {logging_mixin.py:115} INFO - [2022-12-29 09:57:16,710] {dag.py:2927} INFO - Setting next_dagrun for example_xcom_args to None, run_after=None
[2022-12-29 09:57:16,710] {logging_mixin.py:115} INFO - [2022-12-29 09:57:16,710] {dag.py:2927} INFO - Setting next_dagrun for example_xcom_args_with_operators to None, run_after=None
[2022-12-29 09:57:16,786] {processor.py:161} INFO - Processing /home/alxavier/Documents/airflowalura/venv/lib/python3.9/site-packages/airflow/example_dags/example_xcomargs.py took 0.290 seconds
[2022-12-29 09:58:03,364] {processor.py:153} INFO - Started process (PID=21798) to work on /home/alxavier/Documents/airflowalura/venv/lib/python3.9/site-packages/airflow/example_dags/example_xcomargs.py
[2022-12-29 09:58:03,371] {processor.py:641} INFO - Processing file /home/alxavier/Documents/airflowalura/venv/lib/python3.9/site-packages/airflow/example_dags/example_xcomargs.py for tasks to queue
[2022-12-29 09:58:03,372] {logging_mixin.py:115} INFO - [2022-12-29 09:58:03,372] {dagbag.py:507} INFO - Filling up the DagBag from /home/alxavier/Documents/airflowalura/venv/lib/python3.9/site-packages/airflow/example_dags/example_xcomargs.py
[2022-12-29 09:58:03,425] {processor.py:651} INFO - DAG(s) dict_keys(['example_xcom_args', 'example_xcom_args_with_operators']) retrieved from /home/alxavier/Documents/airflowalura/venv/lib/python3.9/site-packages/airflow/example_dags/example_xcomargs.py
[2022-12-29 09:58:03,543] {logging_mixin.py:115} INFO - [2022-12-29 09:58:03,543] {dag.py:2379} INFO - Sync 2 DAGs
[2022-12-29 09:58:03,577] {logging_mixin.py:115} INFO - [2022-12-29 09:58:03,577] {dag.py:2927} INFO - Setting next_dagrun for example_xcom_args to None, run_after=None
[2022-12-29 09:58:03,577] {logging_mixin.py:115} INFO - [2022-12-29 09:58:03,577] {dag.py:2927} INFO - Setting next_dagrun for example_xcom_args_with_operators to None, run_after=None
[2022-12-29 09:58:03,613] {processor.py:161} INFO - Processing /home/alxavier/Documents/airflowalura/venv/lib/python3.9/site-packages/airflow/example_dags/example_xcomargs.py took 0.258 seconds
[2022-12-29 09:58:58,474] {processor.py:153} INFO - Started process (PID=21903) to work on /home/alxavier/Documents/airflowalura/venv/lib/python3.9/site-packages/airflow/example_dags/example_xcomargs.py
[2022-12-29 09:58:58,476] {processor.py:641} INFO - Processing file /home/alxavier/Documents/airflowalura/venv/lib/python3.9/site-packages/airflow/example_dags/example_xcomargs.py for tasks to queue
[2022-12-29 09:58:58,478] {logging_mixin.py:115} INFO - [2022-12-29 09:58:58,477] {dagbag.py:507} INFO - Filling up the DagBag from /home/alxavier/Documents/airflowalura/venv/lib/python3.9/site-packages/airflow/example_dags/example_xcomargs.py
[2022-12-29 09:58:58,529] {processor.py:651} INFO - DAG(s) dict_keys(['example_xcom_args', 'example_xcom_args_with_operators']) retrieved from /home/alxavier/Documents/airflowalura/venv/lib/python3.9/site-packages/airflow/example_dags/example_xcomargs.py
[2022-12-29 09:58:58,576] {logging_mixin.py:115} INFO - [2022-12-29 09:58:58,575] {dag.py:2379} INFO - Sync 2 DAGs
[2022-12-29 09:58:58,624] {logging_mixin.py:115} INFO - [2022-12-29 09:58:58,623] {dag.py:2927} INFO - Setting next_dagrun for example_xcom_args to None, run_after=None
[2022-12-29 09:58:58,624] {logging_mixin.py:115} INFO - [2022-12-29 09:58:58,624] {dag.py:2927} INFO - Setting next_dagrun for example_xcom_args_with_operators to None, run_after=None
[2022-12-29 09:58:58,684] {processor.py:161} INFO - Processing /home/alxavier/Documents/airflowalura/venv/lib/python3.9/site-packages/airflow/example_dags/example_xcomargs.py took 0.223 seconds
[2022-12-29 09:59:54,870] {processor.py:153} INFO - Started process (PID=22017) to work on /home/alxavier/Documents/airflowalura/venv/lib/python3.9/site-packages/airflow/example_dags/example_xcomargs.py
[2022-12-29 09:59:54,888] {processor.py:641} INFO - Processing file /home/alxavier/Documents/airflowalura/venv/lib/python3.9/site-packages/airflow/example_dags/example_xcomargs.py for tasks to queue
[2022-12-29 09:59:54,889] {logging_mixin.py:115} INFO - [2022-12-29 09:59:54,889] {dagbag.py:507} INFO - Filling up the DagBag from /home/alxavier/Documents/airflowalura/venv/lib/python3.9/site-packages/airflow/example_dags/example_xcomargs.py
[2022-12-29 09:59:55,039] {processor.py:651} INFO - DAG(s) dict_keys(['example_xcom_args', 'example_xcom_args_with_operators']) retrieved from /home/alxavier/Documents/airflowalura/venv/lib/python3.9/site-packages/airflow/example_dags/example_xcomargs.py
[2022-12-29 09:59:55,113] {logging_mixin.py:115} INFO - [2022-12-29 09:59:55,113] {dag.py:2379} INFO - Sync 2 DAGs
[2022-12-29 09:59:55,210] {logging_mixin.py:115} INFO - [2022-12-29 09:59:55,210] {dag.py:2927} INFO - Setting next_dagrun for example_xcom_args to None, run_after=None
[2022-12-29 09:59:55,211] {logging_mixin.py:115} INFO - [2022-12-29 09:59:55,211] {dag.py:2927} INFO - Setting next_dagrun for example_xcom_args_with_operators to None, run_after=None
[2022-12-29 09:59:55,292] {processor.py:161} INFO - Processing /home/alxavier/Documents/airflowalura/venv/lib/python3.9/site-packages/airflow/example_dags/example_xcomargs.py took 0.451 seconds
[2022-12-29 10:01:11,822] {processor.py:153} INFO - Started process (PID=22357) to work on /home/alxavier/Documents/airflowalura/venv/lib/python3.9/site-packages/airflow/example_dags/example_xcomargs.py
[2022-12-29 10:01:11,850] {processor.py:641} INFO - Processing file /home/alxavier/Documents/airflowalura/venv/lib/python3.9/site-packages/airflow/example_dags/example_xcomargs.py for tasks to queue
[2022-12-29 10:01:11,851] {logging_mixin.py:115} INFO - [2022-12-29 10:01:11,851] {dagbag.py:507} INFO - Filling up the DagBag from /home/alxavier/Documents/airflowalura/venv/lib/python3.9/site-packages/airflow/example_dags/example_xcomargs.py
[2022-12-29 10:01:11,925] {processor.py:651} INFO - DAG(s) dict_keys(['example_xcom_args', 'example_xcom_args_with_operators']) retrieved from /home/alxavier/Documents/airflowalura/venv/lib/python3.9/site-packages/airflow/example_dags/example_xcomargs.py
[2022-12-29 10:01:12,131] {logging_mixin.py:115} INFO - [2022-12-29 10:01:12,131] {dag.py:2379} INFO - Sync 2 DAGs
[2022-12-29 10:01:12,172] {logging_mixin.py:115} INFO - [2022-12-29 10:01:12,172] {dag.py:2927} INFO - Setting next_dagrun for example_xcom_args to None, run_after=None
[2022-12-29 10:01:12,172] {logging_mixin.py:115} INFO - [2022-12-29 10:01:12,172] {dag.py:2927} INFO - Setting next_dagrun for example_xcom_args_with_operators to None, run_after=None
[2022-12-29 10:01:12,272] {processor.py:161} INFO - Processing /home/alxavier/Documents/airflowalura/venv/lib/python3.9/site-packages/airflow/example_dags/example_xcomargs.py took 0.458 seconds
