[2022-12-29 09:57:26,058] {processor.py:153} INFO - Started process (PID=21735) to work on /home/alxavier/Documents/airflowalura/venv/lib/python3.9/site-packages/airflow/example_dags/example_branch_operator.py
[2022-12-29 09:57:26,060] {processor.py:641} INFO - Processing file /home/alxavier/Documents/airflowalura/venv/lib/python3.9/site-packages/airflow/example_dags/example_branch_operator.py for tasks to queue
[2022-12-29 09:57:26,062] {logging_mixin.py:115} INFO - [2022-12-29 09:57:26,061] {dagbag.py:507} INFO - Filling up the DagBag from /home/alxavier/Documents/airflowalura/venv/lib/python3.9/site-packages/airflow/example_dags/example_branch_operator.py
[2022-12-29 09:57:26,079] {processor.py:651} INFO - DAG(s) dict_keys(['example_branch_operator']) retrieved from /home/alxavier/Documents/airflowalura/venv/lib/python3.9/site-packages/airflow/example_dags/example_branch_operator.py
[2022-12-29 09:57:26,113] {logging_mixin.py:115} INFO - [2022-12-29 09:57:26,113] {dag.py:2379} INFO - Sync 1 DAGs
[2022-12-29 09:57:26,155] {logging_mixin.py:115} INFO - [2022-12-29 09:57:26,155] {dag.py:2927} INFO - Setting next_dagrun for example_branch_operator to 2022-12-28T00:00:00+00:00, run_after=2022-12-29T00:00:00+00:00
[2022-12-29 09:57:26,187] {processor.py:161} INFO - Processing /home/alxavier/Documents/airflowalura/venv/lib/python3.9/site-packages/airflow/example_dags/example_branch_operator.py took 0.136 seconds
[2022-12-29 09:58:12,410] {processor.py:153} INFO - Started process (PID=21818) to work on /home/alxavier/Documents/airflowalura/venv/lib/python3.9/site-packages/airflow/example_dags/example_branch_operator.py
[2022-12-29 09:58:12,452] {processor.py:641} INFO - Processing file /home/alxavier/Documents/airflowalura/venv/lib/python3.9/site-packages/airflow/example_dags/example_branch_operator.py for tasks to queue
[2022-12-29 09:58:12,453] {logging_mixin.py:115} INFO - [2022-12-29 09:58:12,453] {dagbag.py:507} INFO - Filling up the DagBag from /home/alxavier/Documents/airflowalura/venv/lib/python3.9/site-packages/airflow/example_dags/example_branch_operator.py
[2022-12-29 09:58:12,500] {processor.py:651} INFO - DAG(s) dict_keys(['example_branch_operator']) retrieved from /home/alxavier/Documents/airflowalura/venv/lib/python3.9/site-packages/airflow/example_dags/example_branch_operator.py
[2022-12-29 09:58:12,584] {logging_mixin.py:115} INFO - [2022-12-29 09:58:12,584] {dag.py:2379} INFO - Sync 1 DAGs
[2022-12-29 09:58:12,669] {logging_mixin.py:115} INFO - [2022-12-29 09:58:12,669] {dag.py:2927} INFO - Setting next_dagrun for example_branch_operator to 2022-12-28T00:00:00+00:00, run_after=2022-12-29T00:00:00+00:00
[2022-12-29 09:58:12,733] {processor.py:161} INFO - Processing /home/alxavier/Documents/airflowalura/venv/lib/python3.9/site-packages/airflow/example_dags/example_branch_operator.py took 0.333 seconds
[2022-12-29 09:59:09,792] {processor.py:153} INFO - Started process (PID=21931) to work on /home/alxavier/Documents/airflowalura/venv/lib/python3.9/site-packages/airflow/example_dags/example_branch_operator.py
[2022-12-29 09:59:10,156] {processor.py:641} INFO - Processing file /home/alxavier/Documents/airflowalura/venv/lib/python3.9/site-packages/airflow/example_dags/example_branch_operator.py for tasks to queue
[2022-12-29 09:59:10,157] {logging_mixin.py:115} INFO - [2022-12-29 09:59:10,157] {dagbag.py:507} INFO - Filling up the DagBag from /home/alxavier/Documents/airflowalura/venv/lib/python3.9/site-packages/airflow/example_dags/example_branch_operator.py
[2022-12-29 09:59:10,229] {processor.py:651} INFO - DAG(s) dict_keys(['example_branch_operator']) retrieved from /home/alxavier/Documents/airflowalura/venv/lib/python3.9/site-packages/airflow/example_dags/example_branch_operator.py
[2022-12-29 09:59:10,338] {logging_mixin.py:115} INFO - [2022-12-29 09:59:10,338] {dag.py:2379} INFO - Sync 1 DAGs
[2022-12-29 09:59:10,462] {logging_mixin.py:115} INFO - [2022-12-29 09:59:10,462] {dag.py:2927} INFO - Setting next_dagrun for example_branch_operator to 2022-12-28T00:00:00+00:00, run_after=2022-12-29T00:00:00+00:00
[2022-12-29 09:59:10,507] {processor.py:161} INFO - Processing /home/alxavier/Documents/airflowalura/venv/lib/python3.9/site-packages/airflow/example_dags/example_branch_operator.py took 0.735 seconds
[2022-12-29 10:00:09,802] {processor.py:153} INFO - Started process (PID=22073) to work on /home/alxavier/Documents/airflowalura/venv/lib/python3.9/site-packages/airflow/example_dags/example_branch_operator.py
[2022-12-29 10:00:10,009] {processor.py:641} INFO - Processing file /home/alxavier/Documents/airflowalura/venv/lib/python3.9/site-packages/airflow/example_dags/example_branch_operator.py for tasks to queue
[2022-12-29 10:00:10,012] {logging_mixin.py:115} INFO - [2022-12-29 10:00:10,011] {dagbag.py:507} INFO - Filling up the DagBag from /home/alxavier/Documents/airflowalura/venv/lib/python3.9/site-packages/airflow/example_dags/example_branch_operator.py
[2022-12-29 10:00:10,068] {processor.py:651} INFO - DAG(s) dict_keys(['example_branch_operator']) retrieved from /home/alxavier/Documents/airflowalura/venv/lib/python3.9/site-packages/airflow/example_dags/example_branch_operator.py
[2022-12-29 10:00:10,121] {logging_mixin.py:115} INFO - [2022-12-29 10:00:10,121] {dag.py:2379} INFO - Sync 1 DAGs
[2022-12-29 10:00:10,215] {logging_mixin.py:115} INFO - [2022-12-29 10:00:10,215] {dag.py:2927} INFO - Setting next_dagrun for example_branch_operator to 2022-12-28T00:00:00+00:00, run_after=2022-12-29T00:00:00+00:00
[2022-12-29 10:00:10,567] {processor.py:161} INFO - Processing /home/alxavier/Documents/airflowalura/venv/lib/python3.9/site-packages/airflow/example_dags/example_branch_operator.py took 0.783 seconds
[2022-12-29 10:01:25,170] {processor.py:153} INFO - Started process (PID=22376) to work on /home/alxavier/Documents/airflowalura/venv/lib/python3.9/site-packages/airflow/example_dags/example_branch_operator.py
[2022-12-29 10:01:25,181] {processor.py:641} INFO - Processing file /home/alxavier/Documents/airflowalura/venv/lib/python3.9/site-packages/airflow/example_dags/example_branch_operator.py for tasks to queue
[2022-12-29 10:01:25,183] {logging_mixin.py:115} INFO - [2022-12-29 10:01:25,183] {dagbag.py:507} INFO - Filling up the DagBag from /home/alxavier/Documents/airflowalura/venv/lib/python3.9/site-packages/airflow/example_dags/example_branch_operator.py
[2022-12-29 10:01:25,242] {processor.py:651} INFO - DAG(s) dict_keys(['example_branch_operator']) retrieved from /home/alxavier/Documents/airflowalura/venv/lib/python3.9/site-packages/airflow/example_dags/example_branch_operator.py
[2022-12-29 10:01:25,351] {logging_mixin.py:115} INFO - [2022-12-29 10:01:25,351] {dag.py:2379} INFO - Sync 1 DAGs
[2022-12-29 10:01:25,416] {logging_mixin.py:115} INFO - [2022-12-29 10:01:25,416] {dag.py:2927} INFO - Setting next_dagrun for example_branch_operator to 2022-12-28T00:00:00+00:00, run_after=2022-12-29T00:00:00+00:00
[2022-12-29 10:01:25,490] {processor.py:161} INFO - Processing /home/alxavier/Documents/airflowalura/venv/lib/python3.9/site-packages/airflow/example_dags/example_branch_operator.py took 0.344 seconds
