[2022-12-29 09:57:24,554] {processor.py:153} INFO - Started process (PID=21733) to work on /home/alxavier/Documents/airflowalura/venv/lib/python3.9/site-packages/airflow/example_dags/example_latest_only_with_trigger.py
[2022-12-29 09:57:24,556] {processor.py:641} INFO - Processing file /home/alxavier/Documents/airflowalura/venv/lib/python3.9/site-packages/airflow/example_dags/example_latest_only_with_trigger.py for tasks to queue
[2022-12-29 09:57:24,558] {logging_mixin.py:115} INFO - [2022-12-29 09:57:24,558] {dagbag.py:507} INFO - Filling up the DagBag from /home/alxavier/Documents/airflowalura/venv/lib/python3.9/site-packages/airflow/example_dags/example_latest_only_with_trigger.py
[2022-12-29 09:57:24,574] {processor.py:651} INFO - DAG(s) dict_keys(['latest_only_with_trigger']) retrieved from /home/alxavier/Documents/airflowalura/venv/lib/python3.9/site-packages/airflow/example_dags/example_latest_only_with_trigger.py
[2022-12-29 09:57:24,618] {logging_mixin.py:115} INFO - [2022-12-29 09:57:24,618] {dag.py:2379} INFO - Sync 1 DAGs
[2022-12-29 09:57:24,692] {logging_mixin.py:115} INFO - [2022-12-29 09:57:24,687] {dag.py:2927} INFO - Setting next_dagrun for latest_only_with_trigger to 2022-12-29T08:57:24.686975+00:00, run_after=2022-12-29T12:57:24.686975+00:00
[2022-12-29 09:57:24,803] {processor.py:161} INFO - Processing /home/alxavier/Documents/airflowalura/venv/lib/python3.9/site-packages/airflow/example_dags/example_latest_only_with_trigger.py took 0.256 seconds
[2022-12-29 09:58:11,745] {processor.py:153} INFO - Started process (PID=21816) to work on /home/alxavier/Documents/airflowalura/venv/lib/python3.9/site-packages/airflow/example_dags/example_latest_only_with_trigger.py
[2022-12-29 09:58:11,945] {processor.py:641} INFO - Processing file /home/alxavier/Documents/airflowalura/venv/lib/python3.9/site-packages/airflow/example_dags/example_latest_only_with_trigger.py for tasks to queue
[2022-12-29 09:58:11,946] {logging_mixin.py:115} INFO - [2022-12-29 09:58:11,946] {dagbag.py:507} INFO - Filling up the DagBag from /home/alxavier/Documents/airflowalura/venv/lib/python3.9/site-packages/airflow/example_dags/example_latest_only_with_trigger.py
[2022-12-29 09:58:11,968] {processor.py:651} INFO - DAG(s) dict_keys(['latest_only_with_trigger']) retrieved from /home/alxavier/Documents/airflowalura/venv/lib/python3.9/site-packages/airflow/example_dags/example_latest_only_with_trigger.py
[2022-12-29 09:58:12,009] {logging_mixin.py:115} INFO - [2022-12-29 09:58:12,009] {dag.py:2379} INFO - Sync 1 DAGs
[2022-12-29 09:58:12,058] {logging_mixin.py:115} INFO - [2022-12-29 09:58:12,058] {dag.py:2927} INFO - Setting next_dagrun for latest_only_with_trigger to 2022-12-29T08:58:12.057660+00:00, run_after=2022-12-29T12:58:12.057660+00:00
[2022-12-29 09:58:12,147] {processor.py:161} INFO - Processing /home/alxavier/Documents/airflowalura/venv/lib/python3.9/site-packages/airflow/example_dags/example_latest_only_with_trigger.py took 0.413 seconds
[2022-12-29 09:59:08,363] {processor.py:153} INFO - Started process (PID=21923) to work on /home/alxavier/Documents/airflowalura/venv/lib/python3.9/site-packages/airflow/example_dags/example_latest_only_with_trigger.py
[2022-12-29 09:59:08,376] {processor.py:641} INFO - Processing file /home/alxavier/Documents/airflowalura/venv/lib/python3.9/site-packages/airflow/example_dags/example_latest_only_with_trigger.py for tasks to queue
[2022-12-29 09:59:08,379] {logging_mixin.py:115} INFO - [2022-12-29 09:59:08,379] {dagbag.py:507} INFO - Filling up the DagBag from /home/alxavier/Documents/airflowalura/venv/lib/python3.9/site-packages/airflow/example_dags/example_latest_only_with_trigger.py
[2022-12-29 09:59:08,402] {processor.py:651} INFO - DAG(s) dict_keys(['latest_only_with_trigger']) retrieved from /home/alxavier/Documents/airflowalura/venv/lib/python3.9/site-packages/airflow/example_dags/example_latest_only_with_trigger.py
[2022-12-29 09:59:08,471] {logging_mixin.py:115} INFO - [2022-12-29 09:59:08,471] {dag.py:2379} INFO - Sync 1 DAGs
[2022-12-29 09:59:08,528] {logging_mixin.py:115} INFO - [2022-12-29 09:59:08,527] {dag.py:2927} INFO - Setting next_dagrun for latest_only_with_trigger to 2022-12-29T08:59:08.527046+00:00, run_after=2022-12-29T12:59:08.527046+00:00
[2022-12-29 09:59:08,616] {processor.py:161} INFO - Processing /home/alxavier/Documents/airflowalura/venv/lib/python3.9/site-packages/airflow/example_dags/example_latest_only_with_trigger.py took 0.259 seconds
[2022-12-29 10:00:07,647] {processor.py:153} INFO - Started process (PID=22058) to work on /home/alxavier/Documents/airflowalura/venv/lib/python3.9/site-packages/airflow/example_dags/example_latest_only_with_trigger.py
[2022-12-29 10:00:07,649] {processor.py:641} INFO - Processing file /home/alxavier/Documents/airflowalura/venv/lib/python3.9/site-packages/airflow/example_dags/example_latest_only_with_trigger.py for tasks to queue
[2022-12-29 10:00:07,651] {logging_mixin.py:115} INFO - [2022-12-29 10:00:07,650] {dagbag.py:507} INFO - Filling up the DagBag from /home/alxavier/Documents/airflowalura/venv/lib/python3.9/site-packages/airflow/example_dags/example_latest_only_with_trigger.py
[2022-12-29 10:00:07,674] {processor.py:651} INFO - DAG(s) dict_keys(['latest_only_with_trigger']) retrieved from /home/alxavier/Documents/airflowalura/venv/lib/python3.9/site-packages/airflow/example_dags/example_latest_only_with_trigger.py
[2022-12-29 10:00:07,752] {logging_mixin.py:115} INFO - [2022-12-29 10:00:07,752] {dag.py:2379} INFO - Sync 1 DAGs
[2022-12-29 10:00:07,847] {logging_mixin.py:115} INFO - [2022-12-29 10:00:07,847] {dag.py:2927} INFO - Setting next_dagrun for latest_only_with_trigger to 2022-12-29T09:00:07.845955+00:00, run_after=2022-12-29T13:00:07.845955+00:00
[2022-12-29 10:00:07,918] {processor.py:161} INFO - Processing /home/alxavier/Documents/airflowalura/venv/lib/python3.9/site-packages/airflow/example_dags/example_latest_only_with_trigger.py took 0.292 seconds
[2022-12-29 10:01:23,749] {processor.py:153} INFO - Started process (PID=22375) to work on /home/alxavier/Documents/airflowalura/venv/lib/python3.9/site-packages/airflow/example_dags/example_latest_only_with_trigger.py
[2022-12-29 10:01:23,762] {processor.py:641} INFO - Processing file /home/alxavier/Documents/airflowalura/venv/lib/python3.9/site-packages/airflow/example_dags/example_latest_only_with_trigger.py for tasks to queue
[2022-12-29 10:01:23,768] {logging_mixin.py:115} INFO - [2022-12-29 10:01:23,768] {dagbag.py:507} INFO - Filling up the DagBag from /home/alxavier/Documents/airflowalura/venv/lib/python3.9/site-packages/airflow/example_dags/example_latest_only_with_trigger.py
[2022-12-29 10:01:23,821] {processor.py:651} INFO - DAG(s) dict_keys(['latest_only_with_trigger']) retrieved from /home/alxavier/Documents/airflowalura/venv/lib/python3.9/site-packages/airflow/example_dags/example_latest_only_with_trigger.py
[2022-12-29 10:01:23,906] {logging_mixin.py:115} INFO - [2022-12-29 10:01:23,906] {dag.py:2379} INFO - Sync 1 DAGs
[2022-12-29 10:01:23,951] {logging_mixin.py:115} INFO - [2022-12-29 10:01:23,951] {dag.py:2927} INFO - Setting next_dagrun for latest_only_with_trigger to 2022-12-29T09:01:23.949949+00:00, run_after=2022-12-29T13:01:23.949949+00:00
[2022-12-29 10:01:23,999] {processor.py:161} INFO - Processing /home/alxavier/Documents/airflowalura/venv/lib/python3.9/site-packages/airflow/example_dags/example_latest_only_with_trigger.py took 0.257 seconds
