[2022-12-29 09:57:35,385] {processor.py:153} INFO - Started process (PID=21751) to work on /home/alxavier/Documents/airflowalura/venv/lib/python3.9/site-packages/airflow/example_dags/example_branch_python_dop_operator_3.py
[2022-12-29 09:57:35,386] {processor.py:641} INFO - Processing file /home/alxavier/Documents/airflowalura/venv/lib/python3.9/site-packages/airflow/example_dags/example_branch_python_dop_operator_3.py for tasks to queue
[2022-12-29 09:57:35,387] {logging_mixin.py:115} INFO - [2022-12-29 09:57:35,387] {dagbag.py:507} INFO - Filling up the DagBag from /home/alxavier/Documents/airflowalura/venv/lib/python3.9/site-packages/airflow/example_dags/example_branch_python_dop_operator_3.py
[2022-12-29 09:57:35,405] {processor.py:651} INFO - DAG(s) dict_keys(['example_branch_dop_operator_v3']) retrieved from /home/alxavier/Documents/airflowalura/venv/lib/python3.9/site-packages/airflow/example_dags/example_branch_python_dop_operator_3.py
[2022-12-29 09:57:35,466] {logging_mixin.py:115} INFO - [2022-12-29 09:57:35,465] {dag.py:2379} INFO - Sync 1 DAGs
[2022-12-29 09:57:35,511] {logging_mixin.py:115} INFO - [2022-12-29 09:57:35,511] {dag.py:2927} INFO - Setting next_dagrun for example_branch_dop_operator_v3 to 2022-12-29T12:56:00+00:00, run_after=2022-12-29T12:57:00+00:00
[2022-12-29 09:57:35,542] {processor.py:161} INFO - Processing /home/alxavier/Documents/airflowalura/venv/lib/python3.9/site-packages/airflow/example_dags/example_branch_python_dop_operator_3.py took 0.176 seconds
[2022-12-29 09:58:25,714] {processor.py:153} INFO - Started process (PID=21839) to work on /home/alxavier/Documents/airflowalura/venv/lib/python3.9/site-packages/airflow/example_dags/example_branch_python_dop_operator_3.py
[2022-12-29 09:58:25,716] {processor.py:641} INFO - Processing file /home/alxavier/Documents/airflowalura/venv/lib/python3.9/site-packages/airflow/example_dags/example_branch_python_dop_operator_3.py for tasks to queue
[2022-12-29 09:58:25,717] {logging_mixin.py:115} INFO - [2022-12-29 09:58:25,717] {dagbag.py:507} INFO - Filling up the DagBag from /home/alxavier/Documents/airflowalura/venv/lib/python3.9/site-packages/airflow/example_dags/example_branch_python_dop_operator_3.py
[2022-12-29 09:58:25,738] {processor.py:651} INFO - DAG(s) dict_keys(['example_branch_dop_operator_v3']) retrieved from /home/alxavier/Documents/airflowalura/venv/lib/python3.9/site-packages/airflow/example_dags/example_branch_python_dop_operator_3.py
[2022-12-29 09:58:25,773] {logging_mixin.py:115} INFO - [2022-12-29 09:58:25,773] {dag.py:2379} INFO - Sync 1 DAGs
[2022-12-29 09:58:25,813] {logging_mixin.py:115} INFO - [2022-12-29 09:58:25,813] {dag.py:2927} INFO - Setting next_dagrun for example_branch_dop_operator_v3 to 2022-12-29T12:57:00+00:00, run_after=2022-12-29T12:58:00+00:00
[2022-12-29 09:58:25,850] {processor.py:161} INFO - Processing /home/alxavier/Documents/airflowalura/venv/lib/python3.9/site-packages/airflow/example_dags/example_branch_python_dop_operator_3.py took 0.141 seconds
[2022-12-29 09:59:35,249] {processor.py:153} INFO - Started process (PID=21972) to work on /home/alxavier/Documents/airflowalura/venv/lib/python3.9/site-packages/airflow/example_dags/example_branch_python_dop_operator_3.py
[2022-12-29 09:59:35,263] {processor.py:641} INFO - Processing file /home/alxavier/Documents/airflowalura/venv/lib/python3.9/site-packages/airflow/example_dags/example_branch_python_dop_operator_3.py for tasks to queue
[2022-12-29 09:59:35,264] {logging_mixin.py:115} INFO - [2022-12-29 09:59:35,263] {dagbag.py:507} INFO - Filling up the DagBag from /home/alxavier/Documents/airflowalura/venv/lib/python3.9/site-packages/airflow/example_dags/example_branch_python_dop_operator_3.py
[2022-12-29 09:59:35,322] {processor.py:651} INFO - DAG(s) dict_keys(['example_branch_dop_operator_v3']) retrieved from /home/alxavier/Documents/airflowalura/venv/lib/python3.9/site-packages/airflow/example_dags/example_branch_python_dop_operator_3.py
[2022-12-29 09:59:35,392] {logging_mixin.py:115} INFO - [2022-12-29 09:59:35,392] {dag.py:2379} INFO - Sync 1 DAGs
[2022-12-29 09:59:35,480] {logging_mixin.py:115} INFO - [2022-12-29 09:59:35,480] {dag.py:2927} INFO - Setting next_dagrun for example_branch_dop_operator_v3 to 2022-12-29T12:58:00+00:00, run_after=2022-12-29T12:59:00+00:00
[2022-12-29 09:59:35,545] {processor.py:161} INFO - Processing /home/alxavier/Documents/airflowalura/venv/lib/python3.9/site-packages/airflow/example_dags/example_branch_python_dop_operator_3.py took 0.309 seconds
[2022-12-29 10:00:43,381] {processor.py:153} INFO - Started process (PID=22201) to work on /home/alxavier/Documents/airflowalura/venv/lib/python3.9/site-packages/airflow/example_dags/example_branch_python_dop_operator_3.py
[2022-12-29 10:00:43,451] {processor.py:641} INFO - Processing file /home/alxavier/Documents/airflowalura/venv/lib/python3.9/site-packages/airflow/example_dags/example_branch_python_dop_operator_3.py for tasks to queue
[2022-12-29 10:00:43,453] {logging_mixin.py:115} INFO - [2022-12-29 10:00:43,453] {dagbag.py:507} INFO - Filling up the DagBag from /home/alxavier/Documents/airflowalura/venv/lib/python3.9/site-packages/airflow/example_dags/example_branch_python_dop_operator_3.py
[2022-12-29 10:00:43,494] {processor.py:651} INFO - DAG(s) dict_keys(['example_branch_dop_operator_v3']) retrieved from /home/alxavier/Documents/airflowalura/venv/lib/python3.9/site-packages/airflow/example_dags/example_branch_python_dop_operator_3.py
[2022-12-29 10:00:43,654] {logging_mixin.py:115} INFO - [2022-12-29 10:00:43,653] {dag.py:2379} INFO - Sync 1 DAGs
[2022-12-29 10:00:43,842] {logging_mixin.py:115} INFO - [2022-12-29 10:00:43,841] {dag.py:2927} INFO - Setting next_dagrun for example_branch_dop_operator_v3 to 2022-12-29T12:59:00+00:00, run_after=2022-12-29T13:00:00+00:00
[2022-12-29 10:00:43,972] {processor.py:161} INFO - Processing /home/alxavier/Documents/airflowalura/venv/lib/python3.9/site-packages/airflow/example_dags/example_branch_python_dop_operator_3.py took 0.660 seconds
[2022-12-29 10:01:48,376] {processor.py:153} INFO - Started process (PID=22647) to work on /home/alxavier/Documents/airflowalura/venv/lib/python3.9/site-packages/airflow/example_dags/example_branch_python_dop_operator_3.py
[2022-12-29 10:01:48,391] {processor.py:641} INFO - Processing file /home/alxavier/Documents/airflowalura/venv/lib/python3.9/site-packages/airflow/example_dags/example_branch_python_dop_operator_3.py for tasks to queue
[2022-12-29 10:01:48,394] {logging_mixin.py:115} INFO - [2022-12-29 10:01:48,394] {dagbag.py:507} INFO - Filling up the DagBag from /home/alxavier/Documents/airflowalura/venv/lib/python3.9/site-packages/airflow/example_dags/example_branch_python_dop_operator_3.py
[2022-12-29 10:01:48,464] {processor.py:651} INFO - DAG(s) dict_keys(['example_branch_dop_operator_v3']) retrieved from /home/alxavier/Documents/airflowalura/venv/lib/python3.9/site-packages/airflow/example_dags/example_branch_python_dop_operator_3.py
[2022-12-29 10:01:48,564] {logging_mixin.py:115} INFO - [2022-12-29 10:01:48,563] {dag.py:2379} INFO - Sync 1 DAGs
[2022-12-29 10:01:48,646] {logging_mixin.py:115} INFO - [2022-12-29 10:01:48,646] {dag.py:2927} INFO - Setting next_dagrun for example_branch_dop_operator_v3 to 2022-12-29T13:00:00+00:00, run_after=2022-12-29T13:01:00+00:00
[2022-12-29 10:01:48,688] {processor.py:161} INFO - Processing /home/alxavier/Documents/airflowalura/venv/lib/python3.9/site-packages/airflow/example_dags/example_branch_python_dop_operator_3.py took 0.368 seconds
