[2022-12-29 09:57:17,940] {processor.py:153} INFO - Started process (PID=21714) to work on /home/alxavier/Documents/airflowalura/venv/lib/python3.9/site-packages/airflow/example_dags/example_short_circuit_operator.py
[2022-12-29 09:57:17,942] {processor.py:641} INFO - Processing file /home/alxavier/Documents/airflowalura/venv/lib/python3.9/site-packages/airflow/example_dags/example_short_circuit_operator.py for tasks to queue
[2022-12-29 09:57:17,948] {logging_mixin.py:115} INFO - [2022-12-29 09:57:17,947] {dagbag.py:507} INFO - Filling up the DagBag from /home/alxavier/Documents/airflowalura/venv/lib/python3.9/site-packages/airflow/example_dags/example_short_circuit_operator.py
[2022-12-29 09:57:17,983] {processor.py:651} INFO - DAG(s) dict_keys(['example_short_circuit_operator']) retrieved from /home/alxavier/Documents/airflowalura/venv/lib/python3.9/site-packages/airflow/example_dags/example_short_circuit_operator.py
[2022-12-29 09:57:18,043] {logging_mixin.py:115} INFO - [2022-12-29 09:57:18,043] {dag.py:2379} INFO - Sync 1 DAGs
[2022-12-29 09:57:18,094] {logging_mixin.py:115} INFO - [2022-12-29 09:57:18,094] {dag.py:2927} INFO - Setting next_dagrun for example_short_circuit_operator to 2022-12-28T12:57:18.094173+00:00, run_after=2022-12-29T12:57:18.094173+00:00
[2022-12-29 09:57:18,142] {processor.py:161} INFO - Processing /home/alxavier/Documents/airflowalura/venv/lib/python3.9/site-packages/airflow/example_dags/example_short_circuit_operator.py took 0.214 seconds
[2022-12-29 09:58:04,859] {processor.py:153} INFO - Started process (PID=21799) to work on /home/alxavier/Documents/airflowalura/venv/lib/python3.9/site-packages/airflow/example_dags/example_short_circuit_operator.py
[2022-12-29 09:58:04,862] {processor.py:641} INFO - Processing file /home/alxavier/Documents/airflowalura/venv/lib/python3.9/site-packages/airflow/example_dags/example_short_circuit_operator.py for tasks to queue
[2022-12-29 09:58:04,863] {logging_mixin.py:115} INFO - [2022-12-29 09:58:04,863] {dagbag.py:507} INFO - Filling up the DagBag from /home/alxavier/Documents/airflowalura/venv/lib/python3.9/site-packages/airflow/example_dags/example_short_circuit_operator.py
[2022-12-29 09:58:04,894] {processor.py:651} INFO - DAG(s) dict_keys(['example_short_circuit_operator']) retrieved from /home/alxavier/Documents/airflowalura/venv/lib/python3.9/site-packages/airflow/example_dags/example_short_circuit_operator.py
[2022-12-29 09:58:04,932] {logging_mixin.py:115} INFO - [2022-12-29 09:58:04,932] {dag.py:2379} INFO - Sync 1 DAGs
[2022-12-29 09:58:04,984] {logging_mixin.py:115} INFO - [2022-12-29 09:58:04,984] {dag.py:2927} INFO - Setting next_dagrun for example_short_circuit_operator to 2022-12-28T12:58:04.984040+00:00, run_after=2022-12-29T12:58:04.984040+00:00
[2022-12-29 09:58:05,034] {processor.py:161} INFO - Processing /home/alxavier/Documents/airflowalura/venv/lib/python3.9/site-packages/airflow/example_dags/example_short_circuit_operator.py took 0.185 seconds
[2022-12-29 09:58:59,843] {processor.py:153} INFO - Started process (PID=21905) to work on /home/alxavier/Documents/airflowalura/venv/lib/python3.9/site-packages/airflow/example_dags/example_short_circuit_operator.py
[2022-12-29 09:58:59,845] {processor.py:641} INFO - Processing file /home/alxavier/Documents/airflowalura/venv/lib/python3.9/site-packages/airflow/example_dags/example_short_circuit_operator.py for tasks to queue
[2022-12-29 09:58:59,846] {logging_mixin.py:115} INFO - [2022-12-29 09:58:59,846] {dagbag.py:507} INFO - Filling up the DagBag from /home/alxavier/Documents/airflowalura/venv/lib/python3.9/site-packages/airflow/example_dags/example_short_circuit_operator.py
[2022-12-29 09:58:59,868] {processor.py:651} INFO - DAG(s) dict_keys(['example_short_circuit_operator']) retrieved from /home/alxavier/Documents/airflowalura/venv/lib/python3.9/site-packages/airflow/example_dags/example_short_circuit_operator.py
[2022-12-29 09:58:59,913] {logging_mixin.py:115} INFO - [2022-12-29 09:58:59,913] {dag.py:2379} INFO - Sync 1 DAGs
[2022-12-29 09:58:59,959] {logging_mixin.py:115} INFO - [2022-12-29 09:58:59,958] {dag.py:2927} INFO - Setting next_dagrun for example_short_circuit_operator to 2022-12-28T12:58:59.958513+00:00, run_after=2022-12-29T12:58:59.958513+00:00
[2022-12-29 09:58:59,994] {processor.py:161} INFO - Processing /home/alxavier/Documents/airflowalura/venv/lib/python3.9/site-packages/airflow/example_dags/example_short_circuit_operator.py took 0.162 seconds
[2022-12-29 09:59:56,754] {processor.py:153} INFO - Started process (PID=22018) to work on /home/alxavier/Documents/airflowalura/venv/lib/python3.9/site-packages/airflow/example_dags/example_short_circuit_operator.py
[2022-12-29 09:59:56,919] {processor.py:641} INFO - Processing file /home/alxavier/Documents/airflowalura/venv/lib/python3.9/site-packages/airflow/example_dags/example_short_circuit_operator.py for tasks to queue
[2022-12-29 09:59:56,921] {logging_mixin.py:115} INFO - [2022-12-29 09:59:56,921] {dagbag.py:507} INFO - Filling up the DagBag from /home/alxavier/Documents/airflowalura/venv/lib/python3.9/site-packages/airflow/example_dags/example_short_circuit_operator.py
[2022-12-29 09:59:57,050] {processor.py:651} INFO - DAG(s) dict_keys(['example_short_circuit_operator']) retrieved from /home/alxavier/Documents/airflowalura/venv/lib/python3.9/site-packages/airflow/example_dags/example_short_circuit_operator.py
[2022-12-29 09:59:57,189] {logging_mixin.py:115} INFO - [2022-12-29 09:59:57,189] {dag.py:2379} INFO - Sync 1 DAGs
[2022-12-29 09:59:57,362] {logging_mixin.py:115} INFO - [2022-12-29 09:59:57,361] {dag.py:2927} INFO - Setting next_dagrun for example_short_circuit_operator to 2022-12-28T12:59:57.361165+00:00, run_after=2022-12-29T12:59:57.361165+00:00
[2022-12-29 09:59:57,423] {processor.py:161} INFO - Processing /home/alxavier/Documents/airflowalura/venv/lib/python3.9/site-packages/airflow/example_dags/example_short_circuit_operator.py took 0.709 seconds
[2022-12-29 10:01:12,686] {processor.py:153} INFO - Started process (PID=22359) to work on /home/alxavier/Documents/airflowalura/venv/lib/python3.9/site-packages/airflow/example_dags/example_short_circuit_operator.py
[2022-12-29 10:01:12,689] {processor.py:641} INFO - Processing file /home/alxavier/Documents/airflowalura/venv/lib/python3.9/site-packages/airflow/example_dags/example_short_circuit_operator.py for tasks to queue
[2022-12-29 10:01:12,690] {logging_mixin.py:115} INFO - [2022-12-29 10:01:12,689] {dagbag.py:507} INFO - Filling up the DagBag from /home/alxavier/Documents/airflowalura/venv/lib/python3.9/site-packages/airflow/example_dags/example_short_circuit_operator.py
[2022-12-29 10:01:12,729] {processor.py:651} INFO - DAG(s) dict_keys(['example_short_circuit_operator']) retrieved from /home/alxavier/Documents/airflowalura/venv/lib/python3.9/site-packages/airflow/example_dags/example_short_circuit_operator.py
[2022-12-29 10:01:12,813] {logging_mixin.py:115} INFO - [2022-12-29 10:01:12,813] {dag.py:2379} INFO - Sync 1 DAGs
[2022-12-29 10:01:12,865] {logging_mixin.py:115} INFO - [2022-12-29 10:01:12,865] {dag.py:2927} INFO - Setting next_dagrun for example_short_circuit_operator to 2022-12-28T13:01:12.864269+00:00, run_after=2022-12-29T13:01:12.864269+00:00
[2022-12-29 10:01:12,901] {processor.py:161} INFO - Processing /home/alxavier/Documents/airflowalura/venv/lib/python3.9/site-packages/airflow/example_dags/example_short_circuit_operator.py took 0.234 seconds
