[2022-12-29 09:57:02,366] {processor.py:153} INFO - Started process (PID=21687) to work on /home/alxavier/Documents/airflowalura/venv/lib/python3.9/site-packages/airflow/example_dags/example_trigger_controller_dag.py
[2022-12-29 09:57:02,367] {processor.py:641} INFO - Processing file /home/alxavier/Documents/airflowalura/venv/lib/python3.9/site-packages/airflow/example_dags/example_trigger_controller_dag.py for tasks to queue
[2022-12-29 09:57:02,373] {logging_mixin.py:115} INFO - [2022-12-29 09:57:02,373] {dagbag.py:507} INFO - Filling up the DagBag from /home/alxavier/Documents/airflowalura/venv/lib/python3.9/site-packages/airflow/example_dags/example_trigger_controller_dag.py
[2022-12-29 09:57:02,398] {processor.py:651} INFO - DAG(s) dict_keys(['example_trigger_controller_dag']) retrieved from /home/alxavier/Documents/airflowalura/venv/lib/python3.9/site-packages/airflow/example_dags/example_trigger_controller_dag.py
[2022-12-29 09:57:02,469] {logging_mixin.py:115} INFO - [2022-12-29 09:57:02,468] {dag.py:2379} INFO - Sync 1 DAGs
[2022-12-29 09:57:02,520] {logging_mixin.py:115} INFO - [2022-12-29 09:57:02,520] {dag.py:2927} INFO - Setting next_dagrun for example_trigger_controller_dag to 2021-01-01T00:00:00+00:00, run_after=2021-01-01T00:00:00+00:00
[2022-12-29 09:57:02,558] {processor.py:161} INFO - Processing /home/alxavier/Documents/airflowalura/venv/lib/python3.9/site-packages/airflow/example_dags/example_trigger_controller_dag.py took 0.220 seconds
[2022-12-29 09:57:49,605] {processor.py:153} INFO - Started process (PID=21776) to work on /home/alxavier/Documents/airflowalura/venv/lib/python3.9/site-packages/airflow/example_dags/example_trigger_controller_dag.py
[2022-12-29 09:57:49,610] {processor.py:641} INFO - Processing file /home/alxavier/Documents/airflowalura/venv/lib/python3.9/site-packages/airflow/example_dags/example_trigger_controller_dag.py for tasks to queue
[2022-12-29 09:57:49,612] {logging_mixin.py:115} INFO - [2022-12-29 09:57:49,612] {dagbag.py:507} INFO - Filling up the DagBag from /home/alxavier/Documents/airflowalura/venv/lib/python3.9/site-packages/airflow/example_dags/example_trigger_controller_dag.py
[2022-12-29 09:57:49,630] {processor.py:651} INFO - DAG(s) dict_keys(['example_trigger_controller_dag']) retrieved from /home/alxavier/Documents/airflowalura/venv/lib/python3.9/site-packages/airflow/example_dags/example_trigger_controller_dag.py
[2022-12-29 09:57:49,700] {logging_mixin.py:115} INFO - [2022-12-29 09:57:49,699] {dag.py:2379} INFO - Sync 1 DAGs
[2022-12-29 09:57:49,760] {logging_mixin.py:115} INFO - [2022-12-29 09:57:49,759] {dag.py:2927} INFO - Setting next_dagrun for example_trigger_controller_dag to 2021-01-01T00:00:00+00:00, run_after=2021-01-01T00:00:00+00:00
[2022-12-29 09:57:49,791] {processor.py:161} INFO - Processing /home/alxavier/Documents/airflowalura/venv/lib/python3.9/site-packages/airflow/example_dags/example_trigger_controller_dag.py took 0.191 seconds
[2022-12-29 09:58:39,171] {processor.py:153} INFO - Started process (PID=21864) to work on /home/alxavier/Documents/airflowalura/venv/lib/python3.9/site-packages/airflow/example_dags/example_trigger_controller_dag.py
[2022-12-29 09:58:39,177] {processor.py:641} INFO - Processing file /home/alxavier/Documents/airflowalura/venv/lib/python3.9/site-packages/airflow/example_dags/example_trigger_controller_dag.py for tasks to queue
[2022-12-29 09:58:39,178] {logging_mixin.py:115} INFO - [2022-12-29 09:58:39,178] {dagbag.py:507} INFO - Filling up the DagBag from /home/alxavier/Documents/airflowalura/venv/lib/python3.9/site-packages/airflow/example_dags/example_trigger_controller_dag.py
[2022-12-29 09:58:39,188] {processor.py:651} INFO - DAG(s) dict_keys(['example_trigger_controller_dag']) retrieved from /home/alxavier/Documents/airflowalura/venv/lib/python3.9/site-packages/airflow/example_dags/example_trigger_controller_dag.py
[2022-12-29 09:58:39,466] {logging_mixin.py:115} INFO - [2022-12-29 09:58:39,466] {dag.py:2379} INFO - Sync 1 DAGs
[2022-12-29 09:58:39,907] {logging_mixin.py:115} INFO - [2022-12-29 09:58:39,906] {dag.py:2927} INFO - Setting next_dagrun for example_trigger_controller_dag to 2021-01-01T00:00:00+00:00, run_after=2021-01-01T00:00:00+00:00
[2022-12-29 09:58:40,091] {processor.py:161} INFO - Processing /home/alxavier/Documents/airflowalura/venv/lib/python3.9/site-packages/airflow/example_dags/example_trigger_controller_dag.py took 0.928 seconds
[2022-12-29 09:59:22,856] {processor.py:153} INFO - Started process (PID=21954) to work on /home/alxavier/Documents/airflowalura/venv/lib/python3.9/site-packages/airflow/example_dags/example_trigger_controller_dag.py
[2022-12-29 09:59:22,865] {processor.py:641} INFO - Processing file /home/alxavier/Documents/airflowalura/venv/lib/python3.9/site-packages/airflow/example_dags/example_trigger_controller_dag.py for tasks to queue
[2022-12-29 09:59:22,866] {logging_mixin.py:115} INFO - [2022-12-29 09:59:22,866] {dagbag.py:507} INFO - Filling up the DagBag from /home/alxavier/Documents/airflowalura/venv/lib/python3.9/site-packages/airflow/example_dags/example_trigger_controller_dag.py
[2022-12-29 09:59:22,881] {processor.py:651} INFO - DAG(s) dict_keys(['example_trigger_controller_dag']) retrieved from /home/alxavier/Documents/airflowalura/venv/lib/python3.9/site-packages/airflow/example_dags/example_trigger_controller_dag.py
[2022-12-29 09:59:22,942] {logging_mixin.py:115} INFO - [2022-12-29 09:59:22,942] {dag.py:2379} INFO - Sync 1 DAGs
[2022-12-29 09:59:23,013] {logging_mixin.py:115} INFO - [2022-12-29 09:59:23,012] {dag.py:2927} INFO - Setting next_dagrun for example_trigger_controller_dag to 2021-01-01T00:00:00+00:00, run_after=2021-01-01T00:00:00+00:00
[2022-12-29 09:59:23,053] {processor.py:161} INFO - Processing /home/alxavier/Documents/airflowalura/venv/lib/python3.9/site-packages/airflow/example_dags/example_trigger_controller_dag.py took 0.223 seconds
[2022-12-29 10:00:19,879] {processor.py:153} INFO - Started process (PID=22141) to work on /home/alxavier/Documents/airflowalura/venv/lib/python3.9/site-packages/airflow/example_dags/example_trigger_controller_dag.py
[2022-12-29 10:00:19,900] {processor.py:641} INFO - Processing file /home/alxavier/Documents/airflowalura/venv/lib/python3.9/site-packages/airflow/example_dags/example_trigger_controller_dag.py for tasks to queue
[2022-12-29 10:00:19,901] {logging_mixin.py:115} INFO - [2022-12-29 10:00:19,901] {dagbag.py:507} INFO - Filling up the DagBag from /home/alxavier/Documents/airflowalura/venv/lib/python3.9/site-packages/airflow/example_dags/example_trigger_controller_dag.py
[2022-12-29 10:00:19,930] {processor.py:651} INFO - DAG(s) dict_keys(['example_trigger_controller_dag']) retrieved from /home/alxavier/Documents/airflowalura/venv/lib/python3.9/site-packages/airflow/example_dags/example_trigger_controller_dag.py
[2022-12-29 10:00:20,039] {logging_mixin.py:115} INFO - [2022-12-29 10:00:20,038] {dag.py:2379} INFO - Sync 1 DAGs
[2022-12-29 10:00:20,141] {logging_mixin.py:115} INFO - [2022-12-29 10:00:20,140] {dag.py:2927} INFO - Setting next_dagrun for example_trigger_controller_dag to 2021-01-01T00:00:00+00:00, run_after=2021-01-01T00:00:00+00:00
[2022-12-29 10:00:20,232] {processor.py:161} INFO - Processing /home/alxavier/Documents/airflowalura/venv/lib/python3.9/site-packages/airflow/example_dags/example_trigger_controller_dag.py took 0.380 seconds
[2022-12-29 10:01:30,937] {processor.py:153} INFO - Started process (PID=22397) to work on /home/alxavier/Documents/airflowalura/venv/lib/python3.9/site-packages/airflow/example_dags/example_trigger_controller_dag.py
[2022-12-29 10:01:30,945] {processor.py:641} INFO - Processing file /home/alxavier/Documents/airflowalura/venv/lib/python3.9/site-packages/airflow/example_dags/example_trigger_controller_dag.py for tasks to queue
[2022-12-29 10:01:30,946] {logging_mixin.py:115} INFO - [2022-12-29 10:01:30,946] {dagbag.py:507} INFO - Filling up the DagBag from /home/alxavier/Documents/airflowalura/venv/lib/python3.9/site-packages/airflow/example_dags/example_trigger_controller_dag.py
[2022-12-29 10:01:30,961] {processor.py:651} INFO - DAG(s) dict_keys(['example_trigger_controller_dag']) retrieved from /home/alxavier/Documents/airflowalura/venv/lib/python3.9/site-packages/airflow/example_dags/example_trigger_controller_dag.py
[2022-12-29 10:01:31,004] {logging_mixin.py:115} INFO - [2022-12-29 10:01:31,004] {dag.py:2379} INFO - Sync 1 DAGs
[2022-12-29 10:01:31,080] {logging_mixin.py:115} INFO - [2022-12-29 10:01:31,079] {dag.py:2927} INFO - Setting next_dagrun for example_trigger_controller_dag to 2021-01-01T00:00:00+00:00, run_after=2021-01-01T00:00:00+00:00
[2022-12-29 10:01:31,112] {processor.py:161} INFO - Processing /home/alxavier/Documents/airflowalura/venv/lib/python3.9/site-packages/airflow/example_dags/example_trigger_controller_dag.py took 0.179 seconds
