[2022-12-29 09:57:29,956] {processor.py:153} INFO - Started process (PID=21739) to work on /home/alxavier/Documents/airflowalura/venv/lib/python3.9/site-packages/airflow/example_dags/example_complex.py
[2022-12-29 09:57:29,958] {processor.py:641} INFO - Processing file /home/alxavier/Documents/airflowalura/venv/lib/python3.9/site-packages/airflow/example_dags/example_complex.py for tasks to queue
[2022-12-29 09:57:29,965] {logging_mixin.py:115} INFO - [2022-12-29 09:57:29,964] {dagbag.py:507} INFO - Filling up the DagBag from /home/alxavier/Documents/airflowalura/venv/lib/python3.9/site-packages/airflow/example_dags/example_complex.py
[2022-12-29 09:57:30,023] {processor.py:651} INFO - DAG(s) dict_keys(['example_complex']) retrieved from /home/alxavier/Documents/airflowalura/venv/lib/python3.9/site-packages/airflow/example_dags/example_complex.py
[2022-12-29 09:57:30,103] {logging_mixin.py:115} INFO - [2022-12-29 09:57:30,103] {dag.py:2379} INFO - Sync 1 DAGs
[2022-12-29 09:57:30,145] {logging_mixin.py:115} INFO - [2022-12-29 09:57:30,145] {dag.py:2927} INFO - Setting next_dagrun for example_complex to None, run_after=None
[2022-12-29 09:57:30,199] {processor.py:161} INFO - Processing /home/alxavier/Documents/airflowalura/venv/lib/python3.9/site-packages/airflow/example_dags/example_complex.py took 0.249 seconds
[2022-12-29 09:58:19,703] {processor.py:153} INFO - Started process (PID=21828) to work on /home/alxavier/Documents/airflowalura/venv/lib/python3.9/site-packages/airflow/example_dags/example_complex.py
[2022-12-29 09:58:19,714] {processor.py:641} INFO - Processing file /home/alxavier/Documents/airflowalura/venv/lib/python3.9/site-packages/airflow/example_dags/example_complex.py for tasks to queue
[2022-12-29 09:58:19,716] {logging_mixin.py:115} INFO - [2022-12-29 09:58:19,715] {dagbag.py:507} INFO - Filling up the DagBag from /home/alxavier/Documents/airflowalura/venv/lib/python3.9/site-packages/airflow/example_dags/example_complex.py
[2022-12-29 09:58:19,761] {processor.py:651} INFO - DAG(s) dict_keys(['example_complex']) retrieved from /home/alxavier/Documents/airflowalura/venv/lib/python3.9/site-packages/airflow/example_dags/example_complex.py
[2022-12-29 09:58:19,829] {logging_mixin.py:115} INFO - [2022-12-29 09:58:19,829] {dag.py:2379} INFO - Sync 1 DAGs
[2022-12-29 09:58:19,872] {logging_mixin.py:115} INFO - [2022-12-29 09:58:19,872] {dag.py:2927} INFO - Setting next_dagrun for example_complex to None, run_after=None
[2022-12-29 09:58:19,957] {processor.py:161} INFO - Processing /home/alxavier/Documents/airflowalura/venv/lib/python3.9/site-packages/airflow/example_dags/example_complex.py took 0.266 seconds
[2022-12-29 09:59:13,959] {processor.py:153} INFO - Started process (PID=21934) to work on /home/alxavier/Documents/airflowalura/venv/lib/python3.9/site-packages/airflow/example_dags/example_complex.py
[2022-12-29 09:59:13,968] {processor.py:641} INFO - Processing file /home/alxavier/Documents/airflowalura/venv/lib/python3.9/site-packages/airflow/example_dags/example_complex.py for tasks to queue
[2022-12-29 09:59:13,970] {logging_mixin.py:115} INFO - [2022-12-29 09:59:13,970] {dagbag.py:507} INFO - Filling up the DagBag from /home/alxavier/Documents/airflowalura/venv/lib/python3.9/site-packages/airflow/example_dags/example_complex.py
[2022-12-29 09:59:14,007] {processor.py:651} INFO - DAG(s) dict_keys(['example_complex']) retrieved from /home/alxavier/Documents/airflowalura/venv/lib/python3.9/site-packages/airflow/example_dags/example_complex.py
[2022-12-29 09:59:14,117] {logging_mixin.py:115} INFO - [2022-12-29 09:59:14,116] {dag.py:2379} INFO - Sync 1 DAGs
[2022-12-29 09:59:14,197] {logging_mixin.py:115} INFO - [2022-12-29 09:59:14,197] {dag.py:2927} INFO - Setting next_dagrun for example_complex to None, run_after=None
[2022-12-29 09:59:14,242] {processor.py:161} INFO - Processing /home/alxavier/Documents/airflowalura/venv/lib/python3.9/site-packages/airflow/example_dags/example_complex.py took 0.298 seconds
[2022-12-29 10:00:33,064] {processor.py:153} INFO - Started process (PID=22166) to work on /home/alxavier/Documents/airflowalura/venv/lib/python3.9/site-packages/airflow/example_dags/example_complex.py
[2022-12-29 10:00:33,073] {processor.py:641} INFO - Processing file /home/alxavier/Documents/airflowalura/venv/lib/python3.9/site-packages/airflow/example_dags/example_complex.py for tasks to queue
[2022-12-29 10:00:33,074] {logging_mixin.py:115} INFO - [2022-12-29 10:00:33,074] {dagbag.py:507} INFO - Filling up the DagBag from /home/alxavier/Documents/airflowalura/venv/lib/python3.9/site-packages/airflow/example_dags/example_complex.py
[2022-12-29 10:00:33,135] {processor.py:651} INFO - DAG(s) dict_keys(['example_complex']) retrieved from /home/alxavier/Documents/airflowalura/venv/lib/python3.9/site-packages/airflow/example_dags/example_complex.py
[2022-12-29 10:00:33,238] {logging_mixin.py:115} INFO - [2022-12-29 10:00:33,238] {dag.py:2379} INFO - Sync 1 DAGs
[2022-12-29 10:00:33,401] {logging_mixin.py:115} INFO - [2022-12-29 10:00:33,400] {dag.py:2927} INFO - Setting next_dagrun for example_complex to None, run_after=None
[2022-12-29 10:00:33,661] {processor.py:161} INFO - Processing /home/alxavier/Documents/airflowalura/venv/lib/python3.9/site-packages/airflow/example_dags/example_complex.py took 0.601 seconds
[2022-12-29 10:01:40,617] {processor.py:153} INFO - Started process (PID=22541) to work on /home/alxavier/Documents/airflowalura/venv/lib/python3.9/site-packages/airflow/example_dags/example_complex.py
[2022-12-29 10:01:40,639] {processor.py:641} INFO - Processing file /home/alxavier/Documents/airflowalura/venv/lib/python3.9/site-packages/airflow/example_dags/example_complex.py for tasks to queue
[2022-12-29 10:01:40,641] {logging_mixin.py:115} INFO - [2022-12-29 10:01:40,641] {dagbag.py:507} INFO - Filling up the DagBag from /home/alxavier/Documents/airflowalura/venv/lib/python3.9/site-packages/airflow/example_dags/example_complex.py
[2022-12-29 10:01:40,706] {processor.py:651} INFO - DAG(s) dict_keys(['example_complex']) retrieved from /home/alxavier/Documents/airflowalura/venv/lib/python3.9/site-packages/airflow/example_dags/example_complex.py
[2022-12-29 10:01:40,774] {logging_mixin.py:115} INFO - [2022-12-29 10:01:40,774] {dag.py:2379} INFO - Sync 1 DAGs
[2022-12-29 10:01:40,877] {logging_mixin.py:115} INFO - [2022-12-29 10:01:40,877] {dag.py:2927} INFO - Setting next_dagrun for example_complex to None, run_after=None
[2022-12-29 10:01:41,035] {processor.py:161} INFO - Processing /home/alxavier/Documents/airflowalura/venv/lib/python3.9/site-packages/airflow/example_dags/example_complex.py took 0.424 seconds
