[2022-12-29 09:57:09,641] {processor.py:153} INFO - Started process (PID=21697) to work on /home/alxavier/Documents/airflowalura/venv/lib/python3.9/site-packages/airflow/example_dags/example_sla_dag.py
[2022-12-29 09:57:09,642] {processor.py:641} INFO - Processing file /home/alxavier/Documents/airflowalura/venv/lib/python3.9/site-packages/airflow/example_dags/example_sla_dag.py for tasks to queue
[2022-12-29 09:57:09,642] {logging_mixin.py:115} INFO - [2022-12-29 09:57:09,642] {dagbag.py:507} INFO - Filling up the DagBag from /home/alxavier/Documents/airflowalura/venv/lib/python3.9/site-packages/airflow/example_dags/example_sla_dag.py
[2022-12-29 09:57:09,728] {processor.py:651} INFO - DAG(s) dict_keys(['example_sla_dag']) retrieved from /home/alxavier/Documents/airflowalura/venv/lib/python3.9/site-packages/airflow/example_dags/example_sla_dag.py
[2022-12-29 09:57:09,930] {logging_mixin.py:115} INFO - [2022-12-29 09:57:09,930] {dag.py:2379} INFO - Sync 1 DAGs
[2022-12-29 09:57:10,024] {logging_mixin.py:115} INFO - [2022-12-29 09:57:10,024] {dag.py:2927} INFO - Setting next_dagrun for example_sla_dag to 2022-12-29T12:54:00+00:00, run_after=2022-12-29T12:56:00+00:00
[2022-12-29 09:57:10,196] {processor.py:161} INFO - Processing /home/alxavier/Documents/airflowalura/venv/lib/python3.9/site-packages/airflow/example_dags/example_sla_dag.py took 0.580 seconds
[2022-12-29 09:57:56,345] {processor.py:153} INFO - Started process (PID=21784) to work on /home/alxavier/Documents/airflowalura/venv/lib/python3.9/site-packages/airflow/example_dags/example_sla_dag.py
[2022-12-29 09:57:56,348] {processor.py:641} INFO - Processing file /home/alxavier/Documents/airflowalura/venv/lib/python3.9/site-packages/airflow/example_dags/example_sla_dag.py for tasks to queue
[2022-12-29 09:57:56,348] {logging_mixin.py:115} INFO - [2022-12-29 09:57:56,348] {dagbag.py:507} INFO - Filling up the DagBag from /home/alxavier/Documents/airflowalura/venv/lib/python3.9/site-packages/airflow/example_dags/example_sla_dag.py
[2022-12-29 09:57:56,391] {processor.py:651} INFO - DAG(s) dict_keys(['example_sla_dag']) retrieved from /home/alxavier/Documents/airflowalura/venv/lib/python3.9/site-packages/airflow/example_dags/example_sla_dag.py
[2022-12-29 09:57:56,442] {logging_mixin.py:115} INFO - [2022-12-29 09:57:56,442] {dag.py:2379} INFO - Sync 1 DAGs
[2022-12-29 09:57:56,512] {logging_mixin.py:115} INFO - [2022-12-29 09:57:56,511] {dag.py:2927} INFO - Setting next_dagrun for example_sla_dag to 2022-12-29T12:54:00+00:00, run_after=2022-12-29T12:56:00+00:00
[2022-12-29 09:57:56,550] {processor.py:161} INFO - Processing /home/alxavier/Documents/airflowalura/venv/lib/python3.9/site-packages/airflow/example_dags/example_sla_dag.py took 0.217 seconds
[2022-12-29 09:58:47,852] {processor.py:153} INFO - Started process (PID=21885) to work on /home/alxavier/Documents/airflowalura/venv/lib/python3.9/site-packages/airflow/example_dags/example_sla_dag.py
[2022-12-29 09:58:47,855] {processor.py:641} INFO - Processing file /home/alxavier/Documents/airflowalura/venv/lib/python3.9/site-packages/airflow/example_dags/example_sla_dag.py for tasks to queue
[2022-12-29 09:58:47,856] {logging_mixin.py:115} INFO - [2022-12-29 09:58:47,856] {dagbag.py:507} INFO - Filling up the DagBag from /home/alxavier/Documents/airflowalura/venv/lib/python3.9/site-packages/airflow/example_dags/example_sla_dag.py
[2022-12-29 09:58:47,895] {processor.py:651} INFO - DAG(s) dict_keys(['example_sla_dag']) retrieved from /home/alxavier/Documents/airflowalura/venv/lib/python3.9/site-packages/airflow/example_dags/example_sla_dag.py
[2022-12-29 09:58:47,944] {logging_mixin.py:115} INFO - [2022-12-29 09:58:47,943] {dag.py:2379} INFO - Sync 1 DAGs
[2022-12-29 09:58:47,987] {logging_mixin.py:115} INFO - [2022-12-29 09:58:47,987] {dag.py:2927} INFO - Setting next_dagrun for example_sla_dag to 2022-12-29T12:56:00+00:00, run_after=2022-12-29T12:58:00+00:00
[2022-12-29 09:58:48,019] {processor.py:161} INFO - Processing /home/alxavier/Documents/airflowalura/venv/lib/python3.9/site-packages/airflow/example_dags/example_sla_dag.py took 0.175 seconds
[2022-12-29 09:59:47,663] {processor.py:153} INFO - Started process (PID=21989) to work on /home/alxavier/Documents/airflowalura/venv/lib/python3.9/site-packages/airflow/example_dags/example_sla_dag.py
[2022-12-29 09:59:47,677] {processor.py:641} INFO - Processing file /home/alxavier/Documents/airflowalura/venv/lib/python3.9/site-packages/airflow/example_dags/example_sla_dag.py for tasks to queue
[2022-12-29 09:59:47,678] {logging_mixin.py:115} INFO - [2022-12-29 09:59:47,678] {dagbag.py:507} INFO - Filling up the DagBag from /home/alxavier/Documents/airflowalura/venv/lib/python3.9/site-packages/airflow/example_dags/example_sla_dag.py
[2022-12-29 09:59:47,743] {processor.py:651} INFO - DAG(s) dict_keys(['example_sla_dag']) retrieved from /home/alxavier/Documents/airflowalura/venv/lib/python3.9/site-packages/airflow/example_dags/example_sla_dag.py
[2022-12-29 09:59:47,791] {logging_mixin.py:115} INFO - [2022-12-29 09:59:47,790] {dag.py:2379} INFO - Sync 1 DAGs
[2022-12-29 09:59:47,857] {logging_mixin.py:115} INFO - [2022-12-29 09:59:47,857] {dag.py:2927} INFO - Setting next_dagrun for example_sla_dag to 2022-12-29T12:56:00+00:00, run_after=2022-12-29T12:58:00+00:00
[2022-12-29 09:59:47,962] {processor.py:161} INFO - Processing /home/alxavier/Documents/airflowalura/venv/lib/python3.9/site-packages/airflow/example_dags/example_sla_dag.py took 0.304 seconds
[2022-12-29 10:01:03,810] {processor.py:153} INFO - Started process (PID=22341) to work on /home/alxavier/Documents/airflowalura/venv/lib/python3.9/site-packages/airflow/example_dags/example_sla_dag.py
[2022-12-29 10:01:03,820] {processor.py:641} INFO - Processing file /home/alxavier/Documents/airflowalura/venv/lib/python3.9/site-packages/airflow/example_dags/example_sla_dag.py for tasks to queue
[2022-12-29 10:01:03,821] {logging_mixin.py:115} INFO - [2022-12-29 10:01:03,821] {dagbag.py:507} INFO - Filling up the DagBag from /home/alxavier/Documents/airflowalura/venv/lib/python3.9/site-packages/airflow/example_dags/example_sla_dag.py
[2022-12-29 10:01:03,916] {processor.py:651} INFO - DAG(s) dict_keys(['example_sla_dag']) retrieved from /home/alxavier/Documents/airflowalura/venv/lib/python3.9/site-packages/airflow/example_dags/example_sla_dag.py
[2022-12-29 10:01:03,992] {logging_mixin.py:115} INFO - [2022-12-29 10:01:03,992] {dag.py:2379} INFO - Sync 1 DAGs
[2022-12-29 10:01:04,166] {logging_mixin.py:115} INFO - [2022-12-29 10:01:04,166] {dag.py:2927} INFO - Setting next_dagrun for example_sla_dag to 2022-12-29T12:58:00+00:00, run_after=2022-12-29T13:00:00+00:00
[2022-12-29 10:01:04,281] {processor.py:161} INFO - Processing /home/alxavier/Documents/airflowalura/venv/lib/python3.9/site-packages/airflow/example_dags/example_sla_dag.py took 0.490 seconds
