[2022-12-29 09:57:19,725] {processor.py:153} INFO - Started process (PID=21717) to work on /home/alxavier/Documents/airflowalura/venv/lib/python3.9/site-packages/airflow/example_dags/example_python_operator.py
[2022-12-29 09:57:19,726] {processor.py:641} INFO - Processing file /home/alxavier/Documents/airflowalura/venv/lib/python3.9/site-packages/airflow/example_dags/example_python_operator.py for tasks to queue
[2022-12-29 09:57:19,728] {logging_mixin.py:115} INFO - [2022-12-29 09:57:19,728] {dagbag.py:507} INFO - Filling up the DagBag from /home/alxavier/Documents/airflowalura/venv/lib/python3.9/site-packages/airflow/example_dags/example_python_operator.py
[2022-12-29 09:57:19,809] {logging_mixin.py:115} INFO - [2022-12-29 09:57:19,809] {example_python_operator.py:68} WARNING - The virtalenv_python example task requires virtualenv, please install it.
[2022-12-29 09:57:19,810] {processor.py:651} INFO - DAG(s) dict_keys(['example_python_operator']) retrieved from /home/alxavier/Documents/airflowalura/venv/lib/python3.9/site-packages/airflow/example_dags/example_python_operator.py
[2022-12-29 09:57:19,856] {logging_mixin.py:115} INFO - [2022-12-29 09:57:19,856] {dag.py:2379} INFO - Sync 1 DAGs
[2022-12-29 09:57:19,901] {logging_mixin.py:115} INFO - [2022-12-29 09:57:19,901] {dag.py:2927} INFO - Setting next_dagrun for example_python_operator to None, run_after=None
[2022-12-29 09:57:19,997] {processor.py:161} INFO - Processing /home/alxavier/Documents/airflowalura/venv/lib/python3.9/site-packages/airflow/example_dags/example_python_operator.py took 0.290 seconds
[2022-12-29 09:58:06,860] {processor.py:153} INFO - Started process (PID=21803) to work on /home/alxavier/Documents/airflowalura/venv/lib/python3.9/site-packages/airflow/example_dags/example_python_operator.py
[2022-12-29 09:58:06,862] {processor.py:641} INFO - Processing file /home/alxavier/Documents/airflowalura/venv/lib/python3.9/site-packages/airflow/example_dags/example_python_operator.py for tasks to queue
[2022-12-29 09:58:06,863] {logging_mixin.py:115} INFO - [2022-12-29 09:58:06,863] {dagbag.py:507} INFO - Filling up the DagBag from /home/alxavier/Documents/airflowalura/venv/lib/python3.9/site-packages/airflow/example_dags/example_python_operator.py
[2022-12-29 09:58:06,903] {logging_mixin.py:115} INFO - [2022-12-29 09:58:06,903] {example_python_operator.py:68} WARNING - The virtalenv_python example task requires virtualenv, please install it.
[2022-12-29 09:58:06,904] {processor.py:651} INFO - DAG(s) dict_keys(['example_python_operator']) retrieved from /home/alxavier/Documents/airflowalura/venv/lib/python3.9/site-packages/airflow/example_dags/example_python_operator.py
[2022-12-29 09:58:06,940] {logging_mixin.py:115} INFO - [2022-12-29 09:58:06,940] {dag.py:2379} INFO - Sync 1 DAGs
[2022-12-29 09:58:06,982] {logging_mixin.py:115} INFO - [2022-12-29 09:58:06,981] {dag.py:2927} INFO - Setting next_dagrun for example_python_operator to None, run_after=None
[2022-12-29 09:58:07,030] {processor.py:161} INFO - Processing /home/alxavier/Documents/airflowalura/venv/lib/python3.9/site-packages/airflow/example_dags/example_python_operator.py took 0.177 seconds
[2022-12-29 09:59:02,822] {processor.py:153} INFO - Started process (PID=21908) to work on /home/alxavier/Documents/airflowalura/venv/lib/python3.9/site-packages/airflow/example_dags/example_python_operator.py
[2022-12-29 09:59:02,824] {processor.py:641} INFO - Processing file /home/alxavier/Documents/airflowalura/venv/lib/python3.9/site-packages/airflow/example_dags/example_python_operator.py for tasks to queue
[2022-12-29 09:59:02,825] {logging_mixin.py:115} INFO - [2022-12-29 09:59:02,825] {dagbag.py:507} INFO - Filling up the DagBag from /home/alxavier/Documents/airflowalura/venv/lib/python3.9/site-packages/airflow/example_dags/example_python_operator.py
[2022-12-29 09:59:02,869] {logging_mixin.py:115} INFO - [2022-12-29 09:59:02,868] {example_python_operator.py:68} WARNING - The virtalenv_python example task requires virtualenv, please install it.
[2022-12-29 09:59:02,870] {processor.py:651} INFO - DAG(s) dict_keys(['example_python_operator']) retrieved from /home/alxavier/Documents/airflowalura/venv/lib/python3.9/site-packages/airflow/example_dags/example_python_operator.py
[2022-12-29 09:59:02,902] {logging_mixin.py:115} INFO - [2022-12-29 09:59:02,902] {dag.py:2379} INFO - Sync 1 DAGs
[2022-12-29 09:59:02,951] {logging_mixin.py:115} INFO - [2022-12-29 09:59:02,950] {dag.py:2927} INFO - Setting next_dagrun for example_python_operator to None, run_after=None
[2022-12-29 09:59:03,613] {processor.py:161} INFO - Processing /home/alxavier/Documents/airflowalura/venv/lib/python3.9/site-packages/airflow/example_dags/example_python_operator.py took 0.797 seconds
[2022-12-29 10:00:00,569] {processor.py:153} INFO - Started process (PID=22035) to work on /home/alxavier/Documents/airflowalura/venv/lib/python3.9/site-packages/airflow/example_dags/example_python_operator.py
[2022-12-29 10:00:00,573] {processor.py:641} INFO - Processing file /home/alxavier/Documents/airflowalura/venv/lib/python3.9/site-packages/airflow/example_dags/example_python_operator.py for tasks to queue
[2022-12-29 10:00:00,574] {logging_mixin.py:115} INFO - [2022-12-29 10:00:00,574] {dagbag.py:507} INFO - Filling up the DagBag from /home/alxavier/Documents/airflowalura/venv/lib/python3.9/site-packages/airflow/example_dags/example_python_operator.py
[2022-12-29 10:00:00,645] {logging_mixin.py:115} INFO - [2022-12-29 10:00:00,645] {example_python_operator.py:68} WARNING - The virtalenv_python example task requires virtualenv, please install it.
[2022-12-29 10:00:00,661] {processor.py:651} INFO - DAG(s) dict_keys(['example_python_operator']) retrieved from /home/alxavier/Documents/airflowalura/venv/lib/python3.9/site-packages/airflow/example_dags/example_python_operator.py
[2022-12-29 10:00:00,734] {logging_mixin.py:115} INFO - [2022-12-29 10:00:00,734] {dag.py:2379} INFO - Sync 1 DAGs
[2022-12-29 10:00:00,816] {logging_mixin.py:115} INFO - [2022-12-29 10:00:00,816] {dag.py:2927} INFO - Setting next_dagrun for example_python_operator to None, run_after=None
[2022-12-29 10:00:00,989] {processor.py:161} INFO - Processing /home/alxavier/Documents/airflowalura/venv/lib/python3.9/site-packages/airflow/example_dags/example_python_operator.py took 0.437 seconds
[2022-12-29 10:01:17,024] {processor.py:153} INFO - Started process (PID=22363) to work on /home/alxavier/Documents/airflowalura/venv/lib/python3.9/site-packages/airflow/example_dags/example_python_operator.py
[2022-12-29 10:01:17,047] {processor.py:641} INFO - Processing file /home/alxavier/Documents/airflowalura/venv/lib/python3.9/site-packages/airflow/example_dags/example_python_operator.py for tasks to queue
[2022-12-29 10:01:17,049] {logging_mixin.py:115} INFO - [2022-12-29 10:01:17,048] {dagbag.py:507} INFO - Filling up the DagBag from /home/alxavier/Documents/airflowalura/venv/lib/python3.9/site-packages/airflow/example_dags/example_python_operator.py
[2022-12-29 10:01:17,239] {logging_mixin.py:115} INFO - [2022-12-29 10:01:17,238] {example_python_operator.py:68} WARNING - The virtalenv_python example task requires virtualenv, please install it.
[2022-12-29 10:01:17,240] {processor.py:651} INFO - DAG(s) dict_keys(['example_python_operator']) retrieved from /home/alxavier/Documents/airflowalura/venv/lib/python3.9/site-packages/airflow/example_dags/example_python_operator.py
[2022-12-29 10:01:17,423] {logging_mixin.py:115} INFO - [2022-12-29 10:01:17,423] {dag.py:2379} INFO - Sync 1 DAGs
[2022-12-29 10:01:17,540] {logging_mixin.py:115} INFO - [2022-12-29 10:01:17,540] {dag.py:2927} INFO - Setting next_dagrun for example_python_operator to None, run_after=None
[2022-12-29 10:01:17,998] {processor.py:161} INFO - Processing /home/alxavier/Documents/airflowalura/venv/lib/python3.9/site-packages/airflow/example_dags/example_python_operator.py took 0.979 seconds
