[2022-12-29 09:57:33,430] {processor.py:153} INFO - Started process (PID=21743) to work on /home/alxavier/Documents/airflowalura/venv/lib/python3.9/site-packages/airflow/example_dags/example_bash_operator.py
[2022-12-29 09:57:33,435] {processor.py:641} INFO - Processing file /home/alxavier/Documents/airflowalura/venv/lib/python3.9/site-packages/airflow/example_dags/example_bash_operator.py for tasks to queue
[2022-12-29 09:57:33,437] {logging_mixin.py:115} INFO - [2022-12-29 09:57:33,436] {dagbag.py:507} INFO - Filling up the DagBag from /home/alxavier/Documents/airflowalura/venv/lib/python3.9/site-packages/airflow/example_dags/example_bash_operator.py
[2022-12-29 09:57:33,463] {processor.py:651} INFO - DAG(s) dict_keys(['example_bash_operator']) retrieved from /home/alxavier/Documents/airflowalura/venv/lib/python3.9/site-packages/airflow/example_dags/example_bash_operator.py
[2022-12-29 09:57:33,497] {logging_mixin.py:115} INFO - [2022-12-29 09:57:33,497] {dag.py:2379} INFO - Sync 1 DAGs
[2022-12-29 09:57:33,539] {logging_mixin.py:115} INFO - [2022-12-29 09:57:33,538] {dag.py:2927} INFO - Setting next_dagrun for example_bash_operator to 2022-12-28T00:00:00+00:00, run_after=2022-12-29T00:00:00+00:00
[2022-12-29 09:57:33,607] {processor.py:161} INFO - Processing /home/alxavier/Documents/airflowalura/venv/lib/python3.9/site-packages/airflow/example_dags/example_bash_operator.py took 0.195 seconds
[2022-12-29 09:58:22,992] {processor.py:153} INFO - Started process (PID=21837) to work on /home/alxavier/Documents/airflowalura/venv/lib/python3.9/site-packages/airflow/example_dags/example_bash_operator.py
[2022-12-29 09:58:22,994] {processor.py:641} INFO - Processing file /home/alxavier/Documents/airflowalura/venv/lib/python3.9/site-packages/airflow/example_dags/example_bash_operator.py for tasks to queue
[2022-12-29 09:58:22,994] {logging_mixin.py:115} INFO - [2022-12-29 09:58:22,994] {dagbag.py:507} INFO - Filling up the DagBag from /home/alxavier/Documents/airflowalura/venv/lib/python3.9/site-packages/airflow/example_dags/example_bash_operator.py
[2022-12-29 09:58:23,016] {processor.py:651} INFO - DAG(s) dict_keys(['example_bash_operator']) retrieved from /home/alxavier/Documents/airflowalura/venv/lib/python3.9/site-packages/airflow/example_dags/example_bash_operator.py
[2022-12-29 09:58:23,048] {logging_mixin.py:115} INFO - [2022-12-29 09:58:23,048] {dag.py:2379} INFO - Sync 1 DAGs
[2022-12-29 09:58:23,082] {logging_mixin.py:115} INFO - [2022-12-29 09:58:23,082] {dag.py:2927} INFO - Setting next_dagrun for example_bash_operator to 2022-12-28T00:00:00+00:00, run_after=2022-12-29T00:00:00+00:00
[2022-12-29 09:58:23,112] {processor.py:161} INFO - Processing /home/alxavier/Documents/airflowalura/venv/lib/python3.9/site-packages/airflow/example_dags/example_bash_operator.py took 0.124 seconds
[2022-12-29 09:59:31,706] {processor.py:153} INFO - Started process (PID=21970) to work on /home/alxavier/Documents/airflowalura/venv/lib/python3.9/site-packages/airflow/example_dags/example_bash_operator.py
[2022-12-29 09:59:31,716] {processor.py:641} INFO - Processing file /home/alxavier/Documents/airflowalura/venv/lib/python3.9/site-packages/airflow/example_dags/example_bash_operator.py for tasks to queue
[2022-12-29 09:59:31,718] {logging_mixin.py:115} INFO - [2022-12-29 09:59:31,717] {dagbag.py:507} INFO - Filling up the DagBag from /home/alxavier/Documents/airflowalura/venv/lib/python3.9/site-packages/airflow/example_dags/example_bash_operator.py
[2022-12-29 09:59:31,771] {processor.py:651} INFO - DAG(s) dict_keys(['example_bash_operator']) retrieved from /home/alxavier/Documents/airflowalura/venv/lib/python3.9/site-packages/airflow/example_dags/example_bash_operator.py
[2022-12-29 09:59:31,861] {logging_mixin.py:115} INFO - [2022-12-29 09:59:31,861] {dag.py:2379} INFO - Sync 1 DAGs
[2022-12-29 09:59:31,970] {logging_mixin.py:115} INFO - [2022-12-29 09:59:31,970] {dag.py:2927} INFO - Setting next_dagrun for example_bash_operator to 2022-12-28T00:00:00+00:00, run_after=2022-12-29T00:00:00+00:00
[2022-12-29 09:59:32,131] {processor.py:161} INFO - Processing /home/alxavier/Documents/airflowalura/venv/lib/python3.9/site-packages/airflow/example_dags/example_bash_operator.py took 0.462 seconds
[2022-12-29 10:00:38,337] {processor.py:153} INFO - Started process (PID=22181) to work on /home/alxavier/Documents/airflowalura/venv/lib/python3.9/site-packages/airflow/example_dags/example_bash_operator.py
[2022-12-29 10:00:38,370] {processor.py:641} INFO - Processing file /home/alxavier/Documents/airflowalura/venv/lib/python3.9/site-packages/airflow/example_dags/example_bash_operator.py for tasks to queue
[2022-12-29 10:00:38,372] {logging_mixin.py:115} INFO - [2022-12-29 10:00:38,372] {dagbag.py:507} INFO - Filling up the DagBag from /home/alxavier/Documents/airflowalura/venv/lib/python3.9/site-packages/airflow/example_dags/example_bash_operator.py
[2022-12-29 10:00:38,445] {processor.py:651} INFO - DAG(s) dict_keys(['example_bash_operator']) retrieved from /home/alxavier/Documents/airflowalura/venv/lib/python3.9/site-packages/airflow/example_dags/example_bash_operator.py
[2022-12-29 10:00:38,535] {logging_mixin.py:115} INFO - [2022-12-29 10:00:38,535] {dag.py:2379} INFO - Sync 1 DAGs
[2022-12-29 10:00:38,809] {logging_mixin.py:115} INFO - [2022-12-29 10:00:38,808] {dag.py:2927} INFO - Setting next_dagrun for example_bash_operator to 2022-12-28T00:00:00+00:00, run_after=2022-12-29T00:00:00+00:00
[2022-12-29 10:00:38,890] {processor.py:161} INFO - Processing /home/alxavier/Documents/airflowalura/venv/lib/python3.9/site-packages/airflow/example_dags/example_bash_operator.py took 0.590 seconds
[2022-12-29 10:01:44,585] {processor.py:153} INFO - Started process (PID=22573) to work on /home/alxavier/Documents/airflowalura/venv/lib/python3.9/site-packages/airflow/example_dags/example_bash_operator.py
[2022-12-29 10:01:44,587] {processor.py:641} INFO - Processing file /home/alxavier/Documents/airflowalura/venv/lib/python3.9/site-packages/airflow/example_dags/example_bash_operator.py for tasks to queue
[2022-12-29 10:01:44,589] {logging_mixin.py:115} INFO - [2022-12-29 10:01:44,588] {dagbag.py:507} INFO - Filling up the DagBag from /home/alxavier/Documents/airflowalura/venv/lib/python3.9/site-packages/airflow/example_dags/example_bash_operator.py
[2022-12-29 10:01:44,647] {processor.py:651} INFO - DAG(s) dict_keys(['example_bash_operator']) retrieved from /home/alxavier/Documents/airflowalura/venv/lib/python3.9/site-packages/airflow/example_dags/example_bash_operator.py
[2022-12-29 10:01:44,690] {logging_mixin.py:115} INFO - [2022-12-29 10:01:44,690] {dag.py:2379} INFO - Sync 1 DAGs
[2022-12-29 10:01:44,785] {logging_mixin.py:115} INFO - [2022-12-29 10:01:44,785] {dag.py:2927} INFO - Setting next_dagrun for example_bash_operator to 2022-12-28T00:00:00+00:00, run_after=2022-12-29T00:00:00+00:00
[2022-12-29 10:01:44,941] {processor.py:161} INFO - Processing /home/alxavier/Documents/airflowalura/venv/lib/python3.9/site-packages/airflow/example_dags/example_bash_operator.py took 0.363 seconds
