[2022-12-29 09:57:39,077] {processor.py:153} INFO - Started process (PID=21756) to work on /home/alxavier/Documents/airflowalura/venv/lib/python3.9/site-packages/airflow/example_dags/example_external_task_marker_dag.py
[2022-12-29 09:57:39,080] {processor.py:641} INFO - Processing file /home/alxavier/Documents/airflowalura/venv/lib/python3.9/site-packages/airflow/example_dags/example_external_task_marker_dag.py for tasks to queue
[2022-12-29 09:57:39,081] {logging_mixin.py:115} INFO - [2022-12-29 09:57:39,080] {dagbag.py:507} INFO - Filling up the DagBag from /home/alxavier/Documents/airflowalura/venv/lib/python3.9/site-packages/airflow/example_dags/example_external_task_marker_dag.py
[2022-12-29 09:57:39,091] {processor.py:651} INFO - DAG(s) dict_keys(['example_external_task_marker_parent', 'example_external_task_marker_child']) retrieved from /home/alxavier/Documents/airflowalura/venv/lib/python3.9/site-packages/airflow/example_dags/example_external_task_marker_dag.py
[2022-12-29 09:57:39,157] {logging_mixin.py:115} INFO - [2022-12-29 09:57:39,157] {dag.py:2379} INFO - Sync 2 DAGs
[2022-12-29 09:57:39,196] {logging_mixin.py:115} INFO - [2022-12-29 09:57:39,196] {dag.py:2927} INFO - Setting next_dagrun for example_external_task_marker_child to None, run_after=None
[2022-12-29 09:57:39,197] {logging_mixin.py:115} INFO - [2022-12-29 09:57:39,196] {dag.py:2927} INFO - Setting next_dagrun for example_external_task_marker_parent to None, run_after=None
[2022-12-29 09:57:39,225] {processor.py:161} INFO - Processing /home/alxavier/Documents/airflowalura/venv/lib/python3.9/site-packages/airflow/example_dags/example_external_task_marker_dag.py took 0.154 seconds
[2022-12-29 09:58:28,832] {processor.py:153} INFO - Started process (PID=21842) to work on /home/alxavier/Documents/airflowalura/venv/lib/python3.9/site-packages/airflow/example_dags/example_external_task_marker_dag.py
[2022-12-29 09:58:28,834] {processor.py:641} INFO - Processing file /home/alxavier/Documents/airflowalura/venv/lib/python3.9/site-packages/airflow/example_dags/example_external_task_marker_dag.py for tasks to queue
[2022-12-29 09:58:28,835] {logging_mixin.py:115} INFO - [2022-12-29 09:58:28,835] {dagbag.py:507} INFO - Filling up the DagBag from /home/alxavier/Documents/airflowalura/venv/lib/python3.9/site-packages/airflow/example_dags/example_external_task_marker_dag.py
[2022-12-29 09:58:28,841] {processor.py:651} INFO - DAG(s) dict_keys(['example_external_task_marker_parent', 'example_external_task_marker_child']) retrieved from /home/alxavier/Documents/airflowalura/venv/lib/python3.9/site-packages/airflow/example_dags/example_external_task_marker_dag.py
[2022-12-29 09:58:28,917] {logging_mixin.py:115} INFO - [2022-12-29 09:58:28,917] {dag.py:2379} INFO - Sync 2 DAGs
[2022-12-29 09:58:28,955] {logging_mixin.py:115} INFO - [2022-12-29 09:58:28,955] {dag.py:2927} INFO - Setting next_dagrun for example_external_task_marker_child to None, run_after=None
[2022-12-29 09:58:28,955] {logging_mixin.py:115} INFO - [2022-12-29 09:58:28,955] {dag.py:2927} INFO - Setting next_dagrun for example_external_task_marker_parent to None, run_after=None
[2022-12-29 09:58:29,022] {processor.py:161} INFO - Processing /home/alxavier/Documents/airflowalura/venv/lib/python3.9/site-packages/airflow/example_dags/example_external_task_marker_dag.py took 0.195 seconds
[2022-12-29 09:59:39,208] {processor.py:153} INFO - Started process (PID=21975) to work on /home/alxavier/Documents/airflowalura/venv/lib/python3.9/site-packages/airflow/example_dags/example_external_task_marker_dag.py
[2022-12-29 09:59:39,224] {processor.py:641} INFO - Processing file /home/alxavier/Documents/airflowalura/venv/lib/python3.9/site-packages/airflow/example_dags/example_external_task_marker_dag.py for tasks to queue
[2022-12-29 09:59:39,230] {logging_mixin.py:115} INFO - [2022-12-29 09:59:39,225] {dagbag.py:507} INFO - Filling up the DagBag from /home/alxavier/Documents/airflowalura/venv/lib/python3.9/site-packages/airflow/example_dags/example_external_task_marker_dag.py
[2022-12-29 09:59:39,258] {processor.py:651} INFO - DAG(s) dict_keys(['example_external_task_marker_parent', 'example_external_task_marker_child']) retrieved from /home/alxavier/Documents/airflowalura/venv/lib/python3.9/site-packages/airflow/example_dags/example_external_task_marker_dag.py
[2022-12-29 09:59:39,480] {logging_mixin.py:115} INFO - [2022-12-29 09:59:39,480] {dag.py:2379} INFO - Sync 2 DAGs
[2022-12-29 09:59:39,522] {logging_mixin.py:115} INFO - [2022-12-29 09:59:39,522] {dag.py:2927} INFO - Setting next_dagrun for example_external_task_marker_child to None, run_after=None
[2022-12-29 09:59:39,523] {logging_mixin.py:115} INFO - [2022-12-29 09:59:39,523] {dag.py:2927} INFO - Setting next_dagrun for example_external_task_marker_parent to None, run_after=None
[2022-12-29 09:59:39,629] {processor.py:161} INFO - Processing /home/alxavier/Documents/airflowalura/venv/lib/python3.9/site-packages/airflow/example_dags/example_external_task_marker_dag.py took 0.439 seconds
[2022-12-29 10:00:48,400] {processor.py:153} INFO - Started process (PID=22212) to work on /home/alxavier/Documents/airflowalura/venv/lib/python3.9/site-packages/airflow/example_dags/example_external_task_marker_dag.py
[2022-12-29 10:00:48,415] {processor.py:641} INFO - Processing file /home/alxavier/Documents/airflowalura/venv/lib/python3.9/site-packages/airflow/example_dags/example_external_task_marker_dag.py for tasks to queue
[2022-12-29 10:00:48,417] {logging_mixin.py:115} INFO - [2022-12-29 10:00:48,417] {dagbag.py:507} INFO - Filling up the DagBag from /home/alxavier/Documents/airflowalura/venv/lib/python3.9/site-packages/airflow/example_dags/example_external_task_marker_dag.py
[2022-12-29 10:00:48,436] {processor.py:651} INFO - DAG(s) dict_keys(['example_external_task_marker_parent', 'example_external_task_marker_child']) retrieved from /home/alxavier/Documents/airflowalura/venv/lib/python3.9/site-packages/airflow/example_dags/example_external_task_marker_dag.py
[2022-12-29 10:00:48,589] {logging_mixin.py:115} INFO - [2022-12-29 10:00:48,589] {dag.py:2379} INFO - Sync 2 DAGs
[2022-12-29 10:00:48,685] {logging_mixin.py:115} INFO - [2022-12-29 10:00:48,685] {dag.py:2927} INFO - Setting next_dagrun for example_external_task_marker_child to None, run_after=None
[2022-12-29 10:00:48,686] {logging_mixin.py:115} INFO - [2022-12-29 10:00:48,685] {dag.py:2927} INFO - Setting next_dagrun for example_external_task_marker_parent to None, run_after=None
[2022-12-29 10:00:48,755] {processor.py:161} INFO - Processing /home/alxavier/Documents/airflowalura/venv/lib/python3.9/site-packages/airflow/example_dags/example_external_task_marker_dag.py took 0.363 seconds
[2022-12-29 10:01:51,782] {processor.py:153} INFO - Started process (PID=22673) to work on /home/alxavier/Documents/airflowalura/venv/lib/python3.9/site-packages/airflow/example_dags/example_external_task_marker_dag.py
[2022-12-29 10:01:51,812] {processor.py:641} INFO - Processing file /home/alxavier/Documents/airflowalura/venv/lib/python3.9/site-packages/airflow/example_dags/example_external_task_marker_dag.py for tasks to queue
[2022-12-29 10:01:51,813] {logging_mixin.py:115} INFO - [2022-12-29 10:01:51,813] {dagbag.py:507} INFO - Filling up the DagBag from /home/alxavier/Documents/airflowalura/venv/lib/python3.9/site-packages/airflow/example_dags/example_external_task_marker_dag.py
[2022-12-29 10:01:51,836] {processor.py:651} INFO - DAG(s) dict_keys(['example_external_task_marker_parent', 'example_external_task_marker_child']) retrieved from /home/alxavier/Documents/airflowalura/venv/lib/python3.9/site-packages/airflow/example_dags/example_external_task_marker_dag.py
[2022-12-29 10:01:51,936] {logging_mixin.py:115} INFO - [2022-12-29 10:01:51,936] {dag.py:2379} INFO - Sync 2 DAGs
[2022-12-29 10:01:51,997] {logging_mixin.py:115} INFO - [2022-12-29 10:01:51,996] {dag.py:2927} INFO - Setting next_dagrun for example_external_task_marker_child to None, run_after=None
[2022-12-29 10:01:51,997] {logging_mixin.py:115} INFO - [2022-12-29 10:01:51,997] {dag.py:2927} INFO - Setting next_dagrun for example_external_task_marker_parent to None, run_after=None
[2022-12-29 10:01:52,059] {processor.py:161} INFO - Processing /home/alxavier/Documents/airflowalura/venv/lib/python3.9/site-packages/airflow/example_dags/example_external_task_marker_dag.py took 0.293 seconds
