[2022-12-29 09:57:19,098] {processor.py:153} INFO - Started process (PID=21716) to work on /home/alxavier/Documents/airflowalura/venv/lib/python3.9/site-packages/airflow/example_dags/example_time_delta_sensor_async.py
[2022-12-29 09:57:19,100] {processor.py:641} INFO - Processing file /home/alxavier/Documents/airflowalura/venv/lib/python3.9/site-packages/airflow/example_dags/example_time_delta_sensor_async.py for tasks to queue
[2022-12-29 09:57:19,102] {logging_mixin.py:115} INFO - [2022-12-29 09:57:19,101] {dagbag.py:507} INFO - Filling up the DagBag from /home/alxavier/Documents/airflowalura/venv/lib/python3.9/site-packages/airflow/example_dags/example_time_delta_sensor_async.py
[2022-12-29 09:57:19,134] {processor.py:651} INFO - DAG(s) dict_keys(['example_time_delta_sensor_async']) retrieved from /home/alxavier/Documents/airflowalura/venv/lib/python3.9/site-packages/airflow/example_dags/example_time_delta_sensor_async.py
[2022-12-29 09:57:19,207] {logging_mixin.py:115} INFO - [2022-12-29 09:57:19,207] {dag.py:2379} INFO - Sync 1 DAGs
[2022-12-29 09:57:19,258] {logging_mixin.py:115} INFO - [2022-12-29 09:57:19,258] {dag.py:2927} INFO - Setting next_dagrun for example_time_delta_sensor_async to None, run_after=None
[2022-12-29 09:57:19,301] {processor.py:161} INFO - Processing /home/alxavier/Documents/airflowalura/venv/lib/python3.9/site-packages/airflow/example_dags/example_time_delta_sensor_async.py took 0.223 seconds
[2022-12-29 09:58:05,479] {processor.py:153} INFO - Started process (PID=21802) to work on /home/alxavier/Documents/airflowalura/venv/lib/python3.9/site-packages/airflow/example_dags/example_time_delta_sensor_async.py
[2022-12-29 09:58:05,483] {processor.py:641} INFO - Processing file /home/alxavier/Documents/airflowalura/venv/lib/python3.9/site-packages/airflow/example_dags/example_time_delta_sensor_async.py for tasks to queue
[2022-12-29 09:58:05,484] {logging_mixin.py:115} INFO - [2022-12-29 09:58:05,484] {dagbag.py:507} INFO - Filling up the DagBag from /home/alxavier/Documents/airflowalura/venv/lib/python3.9/site-packages/airflow/example_dags/example_time_delta_sensor_async.py
[2022-12-29 09:58:05,497] {processor.py:651} INFO - DAG(s) dict_keys(['example_time_delta_sensor_async']) retrieved from /home/alxavier/Documents/airflowalura/venv/lib/python3.9/site-packages/airflow/example_dags/example_time_delta_sensor_async.py
[2022-12-29 09:58:05,580] {logging_mixin.py:115} INFO - [2022-12-29 09:58:05,579] {dag.py:2379} INFO - Sync 1 DAGs
[2022-12-29 09:58:05,660] {logging_mixin.py:115} INFO - [2022-12-29 09:58:05,660] {dag.py:2927} INFO - Setting next_dagrun for example_time_delta_sensor_async to None, run_after=None
[2022-12-29 09:58:05,737] {processor.py:161} INFO - Processing /home/alxavier/Documents/airflowalura/venv/lib/python3.9/site-packages/airflow/example_dags/example_time_delta_sensor_async.py took 0.263 seconds
[2022-12-29 09:59:01,138] {processor.py:153} INFO - Started process (PID=21906) to work on /home/alxavier/Documents/airflowalura/venv/lib/python3.9/site-packages/airflow/example_dags/example_time_delta_sensor_async.py
[2022-12-29 09:59:01,140] {processor.py:641} INFO - Processing file /home/alxavier/Documents/airflowalura/venv/lib/python3.9/site-packages/airflow/example_dags/example_time_delta_sensor_async.py for tasks to queue
[2022-12-29 09:59:01,146] {logging_mixin.py:115} INFO - [2022-12-29 09:59:01,142] {dagbag.py:507} INFO - Filling up the DagBag from /home/alxavier/Documents/airflowalura/venv/lib/python3.9/site-packages/airflow/example_dags/example_time_delta_sensor_async.py
[2022-12-29 09:59:01,172] {processor.py:651} INFO - DAG(s) dict_keys(['example_time_delta_sensor_async']) retrieved from /home/alxavier/Documents/airflowalura/venv/lib/python3.9/site-packages/airflow/example_dags/example_time_delta_sensor_async.py
[2022-12-29 09:59:01,325] {logging_mixin.py:115} INFO - [2022-12-29 09:59:01,325] {dag.py:2379} INFO - Sync 1 DAGs
[2022-12-29 09:59:01,411] {logging_mixin.py:115} INFO - [2022-12-29 09:59:01,411] {dag.py:2927} INFO - Setting next_dagrun for example_time_delta_sensor_async to None, run_after=None
[2022-12-29 09:59:01,464] {processor.py:161} INFO - Processing /home/alxavier/Documents/airflowalura/venv/lib/python3.9/site-packages/airflow/example_dags/example_time_delta_sensor_async.py took 0.346 seconds
[2022-12-29 09:59:58,718] {processor.py:153} INFO - Started process (PID=22033) to work on /home/alxavier/Documents/airflowalura/venv/lib/python3.9/site-packages/airflow/example_dags/example_time_delta_sensor_async.py
[2022-12-29 09:59:58,727] {processor.py:641} INFO - Processing file /home/alxavier/Documents/airflowalura/venv/lib/python3.9/site-packages/airflow/example_dags/example_time_delta_sensor_async.py for tasks to queue
[2022-12-29 09:59:58,729] {logging_mixin.py:115} INFO - [2022-12-29 09:59:58,728] {dagbag.py:507} INFO - Filling up the DagBag from /home/alxavier/Documents/airflowalura/venv/lib/python3.9/site-packages/airflow/example_dags/example_time_delta_sensor_async.py
[2022-12-29 09:59:58,788] {processor.py:651} INFO - DAG(s) dict_keys(['example_time_delta_sensor_async']) retrieved from /home/alxavier/Documents/airflowalura/venv/lib/python3.9/site-packages/airflow/example_dags/example_time_delta_sensor_async.py
[2022-12-29 09:59:58,933] {logging_mixin.py:115} INFO - [2022-12-29 09:59:58,933] {dag.py:2379} INFO - Sync 1 DAGs
[2022-12-29 09:59:59,042] {logging_mixin.py:115} INFO - [2022-12-29 09:59:59,042] {dag.py:2927} INFO - Setting next_dagrun for example_time_delta_sensor_async to None, run_after=None
[2022-12-29 09:59:59,302] {processor.py:161} INFO - Processing /home/alxavier/Documents/airflowalura/venv/lib/python3.9/site-packages/airflow/example_dags/example_time_delta_sensor_async.py took 0.624 seconds
[2022-12-29 10:01:14,149] {processor.py:153} INFO - Started process (PID=22360) to work on /home/alxavier/Documents/airflowalura/venv/lib/python3.9/site-packages/airflow/example_dags/example_time_delta_sensor_async.py
[2022-12-29 10:01:14,185] {processor.py:641} INFO - Processing file /home/alxavier/Documents/airflowalura/venv/lib/python3.9/site-packages/airflow/example_dags/example_time_delta_sensor_async.py for tasks to queue
[2022-12-29 10:01:14,190] {logging_mixin.py:115} INFO - [2022-12-29 10:01:14,190] {dagbag.py:507} INFO - Filling up the DagBag from /home/alxavier/Documents/airflowalura/venv/lib/python3.9/site-packages/airflow/example_dags/example_time_delta_sensor_async.py
[2022-12-29 10:01:14,214] {processor.py:651} INFO - DAG(s) dict_keys(['example_time_delta_sensor_async']) retrieved from /home/alxavier/Documents/airflowalura/venv/lib/python3.9/site-packages/airflow/example_dags/example_time_delta_sensor_async.py
[2022-12-29 10:01:14,428] {logging_mixin.py:115} INFO - [2022-12-29 10:01:14,427] {dag.py:2379} INFO - Sync 1 DAGs
[2022-12-29 10:01:14,550] {logging_mixin.py:115} INFO - [2022-12-29 10:01:14,550] {dag.py:2927} INFO - Setting next_dagrun for example_time_delta_sensor_async to None, run_after=None
[2022-12-29 10:01:15,789] {processor.py:161} INFO - Processing /home/alxavier/Documents/airflowalura/venv/lib/python3.9/site-packages/airflow/example_dags/example_time_delta_sensor_async.py took 1.669 seconds
