[2022-12-29 09:57:32,172] {processor.py:153} INFO - Started process (PID=21742) to work on /home/alxavier/Documents/airflowalura/venv/lib/python3.9/site-packages/airflow/example_dags/example_nested_branch_dag.py
[2022-12-29 09:57:32,173] {processor.py:641} INFO - Processing file /home/alxavier/Documents/airflowalura/venv/lib/python3.9/site-packages/airflow/example_dags/example_nested_branch_dag.py for tasks to queue
[2022-12-29 09:57:32,174] {logging_mixin.py:115} INFO - [2022-12-29 09:57:32,173] {dagbag.py:507} INFO - Filling up the DagBag from /home/alxavier/Documents/airflowalura/venv/lib/python3.9/site-packages/airflow/example_dags/example_nested_branch_dag.py
[2022-12-29 09:57:32,206] {processor.py:651} INFO - DAG(s) dict_keys(['example_nested_branch_dag']) retrieved from /home/alxavier/Documents/airflowalura/venv/lib/python3.9/site-packages/airflow/example_dags/example_nested_branch_dag.py
[2022-12-29 09:57:32,268] {logging_mixin.py:115} INFO - [2022-12-29 09:57:32,268] {dag.py:2379} INFO - Sync 1 DAGs
[2022-12-29 09:57:32,317] {logging_mixin.py:115} INFO - [2022-12-29 09:57:32,317] {dag.py:2927} INFO - Setting next_dagrun for example_nested_branch_dag to 2022-12-28T00:00:00+00:00, run_after=2022-12-29T00:00:00+00:00
[2022-12-29 09:57:32,349] {processor.py:161} INFO - Processing /home/alxavier/Documents/airflowalura/venv/lib/python3.9/site-packages/airflow/example_dags/example_nested_branch_dag.py took 0.183 seconds
[2022-12-29 09:58:22,321] {processor.py:153} INFO - Started process (PID=21836) to work on /home/alxavier/Documents/airflowalura/venv/lib/python3.9/site-packages/airflow/example_dags/example_nested_branch_dag.py
[2022-12-29 09:58:22,323] {processor.py:641} INFO - Processing file /home/alxavier/Documents/airflowalura/venv/lib/python3.9/site-packages/airflow/example_dags/example_nested_branch_dag.py for tasks to queue
[2022-12-29 09:58:22,325] {logging_mixin.py:115} INFO - [2022-12-29 09:58:22,325] {dagbag.py:507} INFO - Filling up the DagBag from /home/alxavier/Documents/airflowalura/venv/lib/python3.9/site-packages/airflow/example_dags/example_nested_branch_dag.py
[2022-12-29 09:58:22,391] {processor.py:651} INFO - DAG(s) dict_keys(['example_nested_branch_dag']) retrieved from /home/alxavier/Documents/airflowalura/venv/lib/python3.9/site-packages/airflow/example_dags/example_nested_branch_dag.py
[2022-12-29 09:58:22,457] {logging_mixin.py:115} INFO - [2022-12-29 09:58:22,457] {dag.py:2379} INFO - Sync 1 DAGs
[2022-12-29 09:58:22,506] {logging_mixin.py:115} INFO - [2022-12-29 09:58:22,506] {dag.py:2927} INFO - Setting next_dagrun for example_nested_branch_dag to 2022-12-28T00:00:00+00:00, run_after=2022-12-29T00:00:00+00:00
[2022-12-29 09:58:22,567] {processor.py:161} INFO - Processing /home/alxavier/Documents/airflowalura/venv/lib/python3.9/site-packages/airflow/example_dags/example_nested_branch_dag.py took 0.259 seconds
[2022-12-29 09:59:30,119] {processor.py:153} INFO - Started process (PID=21969) to work on /home/alxavier/Documents/airflowalura/venv/lib/python3.9/site-packages/airflow/example_dags/example_nested_branch_dag.py
[2022-12-29 09:59:30,125] {processor.py:641} INFO - Processing file /home/alxavier/Documents/airflowalura/venv/lib/python3.9/site-packages/airflow/example_dags/example_nested_branch_dag.py for tasks to queue
[2022-12-29 09:59:30,126] {logging_mixin.py:115} INFO - [2022-12-29 09:59:30,126] {dagbag.py:507} INFO - Filling up the DagBag from /home/alxavier/Documents/airflowalura/venv/lib/python3.9/site-packages/airflow/example_dags/example_nested_branch_dag.py
[2022-12-29 09:59:30,184] {processor.py:651} INFO - DAG(s) dict_keys(['example_nested_branch_dag']) retrieved from /home/alxavier/Documents/airflowalura/venv/lib/python3.9/site-packages/airflow/example_dags/example_nested_branch_dag.py
[2022-12-29 09:59:30,302] {logging_mixin.py:115} INFO - [2022-12-29 09:59:30,302] {dag.py:2379} INFO - Sync 1 DAGs
[2022-12-29 09:59:30,396] {logging_mixin.py:115} INFO - [2022-12-29 09:59:30,396] {dag.py:2927} INFO - Setting next_dagrun for example_nested_branch_dag to 2022-12-28T00:00:00+00:00, run_after=2022-12-29T00:00:00+00:00
[2022-12-29 09:59:30,515] {processor.py:161} INFO - Processing /home/alxavier/Documents/airflowalura/venv/lib/python3.9/site-packages/airflow/example_dags/example_nested_branch_dag.py took 0.402 seconds
[2022-12-29 10:00:36,696] {processor.py:153} INFO - Started process (PID=22174) to work on /home/alxavier/Documents/airflowalura/venv/lib/python3.9/site-packages/airflow/example_dags/example_nested_branch_dag.py
[2022-12-29 10:00:36,715] {processor.py:641} INFO - Processing file /home/alxavier/Documents/airflowalura/venv/lib/python3.9/site-packages/airflow/example_dags/example_nested_branch_dag.py for tasks to queue
[2022-12-29 10:00:36,716] {logging_mixin.py:115} INFO - [2022-12-29 10:00:36,716] {dagbag.py:507} INFO - Filling up the DagBag from /home/alxavier/Documents/airflowalura/venv/lib/python3.9/site-packages/airflow/example_dags/example_nested_branch_dag.py
[2022-12-29 10:00:36,779] {processor.py:651} INFO - DAG(s) dict_keys(['example_nested_branch_dag']) retrieved from /home/alxavier/Documents/airflowalura/venv/lib/python3.9/site-packages/airflow/example_dags/example_nested_branch_dag.py
[2022-12-29 10:00:36,895] {logging_mixin.py:115} INFO - [2022-12-29 10:00:36,894] {dag.py:2379} INFO - Sync 1 DAGs
[2022-12-29 10:00:37,022] {logging_mixin.py:115} INFO - [2022-12-29 10:00:37,022] {dag.py:2927} INFO - Setting next_dagrun for example_nested_branch_dag to 2022-12-28T00:00:00+00:00, run_after=2022-12-29T00:00:00+00:00
[2022-12-29 10:00:37,126] {processor.py:161} INFO - Processing /home/alxavier/Documents/airflowalura/venv/lib/python3.9/site-packages/airflow/example_dags/example_nested_branch_dag.py took 0.434 seconds
[2022-12-29 10:01:43,286] {processor.py:153} INFO - Started process (PID=22544) to work on /home/alxavier/Documents/airflowalura/venv/lib/python3.9/site-packages/airflow/example_dags/example_nested_branch_dag.py
[2022-12-29 10:01:43,288] {processor.py:641} INFO - Processing file /home/alxavier/Documents/airflowalura/venv/lib/python3.9/site-packages/airflow/example_dags/example_nested_branch_dag.py for tasks to queue
[2022-12-29 10:01:43,289] {logging_mixin.py:115} INFO - [2022-12-29 10:01:43,289] {dagbag.py:507} INFO - Filling up the DagBag from /home/alxavier/Documents/airflowalura/venv/lib/python3.9/site-packages/airflow/example_dags/example_nested_branch_dag.py
[2022-12-29 10:01:43,331] {processor.py:651} INFO - DAG(s) dict_keys(['example_nested_branch_dag']) retrieved from /home/alxavier/Documents/airflowalura/venv/lib/python3.9/site-packages/airflow/example_dags/example_nested_branch_dag.py
[2022-12-29 10:01:43,395] {logging_mixin.py:115} INFO - [2022-12-29 10:01:43,395] {dag.py:2379} INFO - Sync 1 DAGs
[2022-12-29 10:01:43,467] {logging_mixin.py:115} INFO - [2022-12-29 10:01:43,466] {dag.py:2927} INFO - Setting next_dagrun for example_nested_branch_dag to 2022-12-28T00:00:00+00:00, run_after=2022-12-29T00:00:00+00:00
[2022-12-29 10:01:43,591] {processor.py:161} INFO - Processing /home/alxavier/Documents/airflowalura/venv/lib/python3.9/site-packages/airflow/example_dags/example_nested_branch_dag.py took 0.309 seconds
