[2022-12-29 09:57:30,898] {processor.py:153} INFO - Started process (PID=21740) to work on /home/alxavier/Documents/airflowalura/venv/lib/python3.9/site-packages/airflow/example_dags/example_branch_day_of_week_operator.py
[2022-12-29 09:57:30,899] {processor.py:641} INFO - Processing file /home/alxavier/Documents/airflowalura/venv/lib/python3.9/site-packages/airflow/example_dags/example_branch_day_of_week_operator.py for tasks to queue
[2022-12-29 09:57:30,901] {logging_mixin.py:115} INFO - [2022-12-29 09:57:30,901] {dagbag.py:507} INFO - Filling up the DagBag from /home/alxavier/Documents/airflowalura/venv/lib/python3.9/site-packages/airflow/example_dags/example_branch_day_of_week_operator.py
[2022-12-29 09:57:30,921] {processor.py:651} INFO - DAG(s) dict_keys(['example_weekday_branch_operator']) retrieved from /home/alxavier/Documents/airflowalura/venv/lib/python3.9/site-packages/airflow/example_dags/example_branch_day_of_week_operator.py
[2022-12-29 09:57:30,955] {logging_mixin.py:115} INFO - [2022-12-29 09:57:30,955] {dag.py:2379} INFO - Sync 1 DAGs
[2022-12-29 09:57:31,014] {logging_mixin.py:115} INFO - [2022-12-29 09:57:31,014] {dag.py:2927} INFO - Setting next_dagrun for example_weekday_branch_operator to 2022-12-28T00:00:00+00:00, run_after=2022-12-29T00:00:00+00:00
[2022-12-29 09:57:31,050] {processor.py:161} INFO - Processing /home/alxavier/Documents/airflowalura/venv/lib/python3.9/site-packages/airflow/example_dags/example_branch_day_of_week_operator.py took 0.171 seconds
[2022-12-29 09:58:20,829] {processor.py:153} INFO - Started process (PID=21834) to work on /home/alxavier/Documents/airflowalura/venv/lib/python3.9/site-packages/airflow/example_dags/example_branch_day_of_week_operator.py
[2022-12-29 09:58:20,831] {processor.py:641} INFO - Processing file /home/alxavier/Documents/airflowalura/venv/lib/python3.9/site-packages/airflow/example_dags/example_branch_day_of_week_operator.py for tasks to queue
[2022-12-29 09:58:20,835] {logging_mixin.py:115} INFO - [2022-12-29 09:58:20,832] {dagbag.py:507} INFO - Filling up the DagBag from /home/alxavier/Documents/airflowalura/venv/lib/python3.9/site-packages/airflow/example_dags/example_branch_day_of_week_operator.py
[2022-12-29 09:58:20,856] {processor.py:651} INFO - DAG(s) dict_keys(['example_weekday_branch_operator']) retrieved from /home/alxavier/Documents/airflowalura/venv/lib/python3.9/site-packages/airflow/example_dags/example_branch_day_of_week_operator.py
[2022-12-29 09:58:20,896] {logging_mixin.py:115} INFO - [2022-12-29 09:58:20,895] {dag.py:2379} INFO - Sync 1 DAGs
[2022-12-29 09:58:20,951] {logging_mixin.py:115} INFO - [2022-12-29 09:58:20,951] {dag.py:2927} INFO - Setting next_dagrun for example_weekday_branch_operator to 2022-12-28T00:00:00+00:00, run_after=2022-12-29T00:00:00+00:00
[2022-12-29 09:58:21,032] {processor.py:161} INFO - Processing /home/alxavier/Documents/airflowalura/venv/lib/python3.9/site-packages/airflow/example_dags/example_branch_day_of_week_operator.py took 0.213 seconds
[2022-12-29 09:59:14,653] {processor.py:153} INFO - Started process (PID=21935) to work on /home/alxavier/Documents/airflowalura/venv/lib/python3.9/site-packages/airflow/example_dags/example_branch_day_of_week_operator.py
[2022-12-29 09:59:14,663] {processor.py:641} INFO - Processing file /home/alxavier/Documents/airflowalura/venv/lib/python3.9/site-packages/airflow/example_dags/example_branch_day_of_week_operator.py for tasks to queue
[2022-12-29 09:59:14,664] {logging_mixin.py:115} INFO - [2022-12-29 09:59:14,664] {dagbag.py:507} INFO - Filling up the DagBag from /home/alxavier/Documents/airflowalura/venv/lib/python3.9/site-packages/airflow/example_dags/example_branch_day_of_week_operator.py
[2022-12-29 09:59:14,730] {processor.py:651} INFO - DAG(s) dict_keys(['example_weekday_branch_operator']) retrieved from /home/alxavier/Documents/airflowalura/venv/lib/python3.9/site-packages/airflow/example_dags/example_branch_day_of_week_operator.py
[2022-12-29 09:59:14,784] {logging_mixin.py:115} INFO - [2022-12-29 09:59:14,784] {dag.py:2379} INFO - Sync 1 DAGs
[2022-12-29 09:59:14,878] {logging_mixin.py:115} INFO - [2022-12-29 09:59:14,872] {dag.py:2927} INFO - Setting next_dagrun for example_weekday_branch_operator to 2022-12-28T00:00:00+00:00, run_after=2022-12-29T00:00:00+00:00
[2022-12-29 09:59:14,936] {processor.py:161} INFO - Processing /home/alxavier/Documents/airflowalura/venv/lib/python3.9/site-packages/airflow/example_dags/example_branch_day_of_week_operator.py took 0.308 seconds
[2022-12-29 10:00:34,840] {processor.py:153} INFO - Started process (PID=22167) to work on /home/alxavier/Documents/airflowalura/venv/lib/python3.9/site-packages/airflow/example_dags/example_branch_day_of_week_operator.py
[2022-12-29 10:00:34,842] {processor.py:641} INFO - Processing file /home/alxavier/Documents/airflowalura/venv/lib/python3.9/site-packages/airflow/example_dags/example_branch_day_of_week_operator.py for tasks to queue
[2022-12-29 10:00:34,844] {logging_mixin.py:115} INFO - [2022-12-29 10:00:34,844] {dagbag.py:507} INFO - Filling up the DagBag from /home/alxavier/Documents/airflowalura/venv/lib/python3.9/site-packages/airflow/example_dags/example_branch_day_of_week_operator.py
[2022-12-29 10:00:34,895] {processor.py:651} INFO - DAG(s) dict_keys(['example_weekday_branch_operator']) retrieved from /home/alxavier/Documents/airflowalura/venv/lib/python3.9/site-packages/airflow/example_dags/example_branch_day_of_week_operator.py
[2022-12-29 10:00:35,116] {logging_mixin.py:115} INFO - [2022-12-29 10:00:35,116] {dag.py:2379} INFO - Sync 1 DAGs
[2022-12-29 10:00:35,238] {logging_mixin.py:115} INFO - [2022-12-29 10:00:35,238] {dag.py:2927} INFO - Setting next_dagrun for example_weekday_branch_operator to 2022-12-28T00:00:00+00:00, run_after=2022-12-29T00:00:00+00:00
[2022-12-29 10:00:35,333] {processor.py:161} INFO - Processing /home/alxavier/Documents/airflowalura/venv/lib/python3.9/site-packages/airflow/example_dags/example_branch_day_of_week_operator.py took 0.518 seconds
[2022-12-29 10:01:42,232] {processor.py:153} INFO - Started process (PID=22542) to work on /home/alxavier/Documents/airflowalura/venv/lib/python3.9/site-packages/airflow/example_dags/example_branch_day_of_week_operator.py
[2022-12-29 10:01:42,258] {processor.py:641} INFO - Processing file /home/alxavier/Documents/airflowalura/venv/lib/python3.9/site-packages/airflow/example_dags/example_branch_day_of_week_operator.py for tasks to queue
[2022-12-29 10:01:42,264] {logging_mixin.py:115} INFO - [2022-12-29 10:01:42,264] {dagbag.py:507} INFO - Filling up the DagBag from /home/alxavier/Documents/airflowalura/venv/lib/python3.9/site-packages/airflow/example_dags/example_branch_day_of_week_operator.py
[2022-12-29 10:01:42,295] {processor.py:651} INFO - DAG(s) dict_keys(['example_weekday_branch_operator']) retrieved from /home/alxavier/Documents/airflowalura/venv/lib/python3.9/site-packages/airflow/example_dags/example_branch_day_of_week_operator.py
[2022-12-29 10:01:42,349] {logging_mixin.py:115} INFO - [2022-12-29 10:01:42,347] {dag.py:2379} INFO - Sync 1 DAGs
[2022-12-29 10:01:42,417] {logging_mixin.py:115} INFO - [2022-12-29 10:01:42,417] {dag.py:2927} INFO - Setting next_dagrun for example_weekday_branch_operator to 2022-12-28T00:00:00+00:00, run_after=2022-12-29T00:00:00+00:00
[2022-12-29 10:01:42,494] {processor.py:161} INFO - Processing /home/alxavier/Documents/airflowalura/venv/lib/python3.9/site-packages/airflow/example_dags/example_branch_day_of_week_operator.py took 0.269 seconds
