[2022-12-29 09:57:12,878] {processor.py:153} INFO - Started process (PID=21708) to work on /home/alxavier/Documents/airflowalura/venv/lib/python3.9/site-packages/airflow/example_dags/tutorial_taskflow_api_etl_virtualenv.py
[2022-12-29 09:57:12,879] {processor.py:641} INFO - Processing file /home/alxavier/Documents/airflowalura/venv/lib/python3.9/site-packages/airflow/example_dags/tutorial_taskflow_api_etl_virtualenv.py for tasks to queue
[2022-12-29 09:57:12,880] {logging_mixin.py:115} INFO - [2022-12-29 09:57:12,880] {dagbag.py:507} INFO - Filling up the DagBag from /home/alxavier/Documents/airflowalura/venv/lib/python3.9/site-packages/airflow/example_dags/tutorial_taskflow_api_etl_virtualenv.py
[2022-12-29 09:57:12,922] {logging_mixin.py:115} INFO - [2022-12-29 09:57:12,922] {tutorial_taskflow_api_etl_virtualenv.py:29} WARNING - The tutorial_taskflow_api_etl_virtualenv example DAG requires virtualenv, please install it.
[2022-12-29 09:57:12,923] {processor.py:653} WARNING - No viable dags retrieved from /home/alxavier/Documents/airflowalura/venv/lib/python3.9/site-packages/airflow/example_dags/tutorial_taskflow_api_etl_virtualenv.py
[2022-12-29 09:57:12,957] {processor.py:161} INFO - Processing /home/alxavier/Documents/airflowalura/venv/lib/python3.9/site-packages/airflow/example_dags/tutorial_taskflow_api_etl_virtualenv.py took 0.097 seconds
[2022-12-29 09:57:59,355] {processor.py:153} INFO - Started process (PID=21795) to work on /home/alxavier/Documents/airflowalura/venv/lib/python3.9/site-packages/airflow/example_dags/tutorial_taskflow_api_etl_virtualenv.py
[2022-12-29 09:57:59,359] {processor.py:641} INFO - Processing file /home/alxavier/Documents/airflowalura/venv/lib/python3.9/site-packages/airflow/example_dags/tutorial_taskflow_api_etl_virtualenv.py for tasks to queue
[2022-12-29 09:57:59,360] {logging_mixin.py:115} INFO - [2022-12-29 09:57:59,360] {dagbag.py:507} INFO - Filling up the DagBag from /home/alxavier/Documents/airflowalura/venv/lib/python3.9/site-packages/airflow/example_dags/tutorial_taskflow_api_etl_virtualenv.py
[2022-12-29 09:57:59,387] {logging_mixin.py:115} INFO - [2022-12-29 09:57:59,387] {tutorial_taskflow_api_etl_virtualenv.py:29} WARNING - The tutorial_taskflow_api_etl_virtualenv example DAG requires virtualenv, please install it.
[2022-12-29 09:57:59,388] {processor.py:653} WARNING - No viable dags retrieved from /home/alxavier/Documents/airflowalura/venv/lib/python3.9/site-packages/airflow/example_dags/tutorial_taskflow_api_etl_virtualenv.py
[2022-12-29 09:57:59,415] {processor.py:161} INFO - Processing /home/alxavier/Documents/airflowalura/venv/lib/python3.9/site-packages/airflow/example_dags/tutorial_taskflow_api_etl_virtualenv.py took 0.068 seconds
[2022-12-29 09:58:50,545] {processor.py:153} INFO - Started process (PID=21888) to work on /home/alxavier/Documents/airflowalura/venv/lib/python3.9/site-packages/airflow/example_dags/tutorial_taskflow_api_etl_virtualenv.py
[2022-12-29 09:58:50,549] {processor.py:641} INFO - Processing file /home/alxavier/Documents/airflowalura/venv/lib/python3.9/site-packages/airflow/example_dags/tutorial_taskflow_api_etl_virtualenv.py for tasks to queue
[2022-12-29 09:58:50,550] {logging_mixin.py:115} INFO - [2022-12-29 09:58:50,550] {dagbag.py:507} INFO - Filling up the DagBag from /home/alxavier/Documents/airflowalura/venv/lib/python3.9/site-packages/airflow/example_dags/tutorial_taskflow_api_etl_virtualenv.py
[2022-12-29 09:58:50,597] {logging_mixin.py:115} INFO - [2022-12-29 09:58:50,596] {tutorial_taskflow_api_etl_virtualenv.py:29} WARNING - The tutorial_taskflow_api_etl_virtualenv example DAG requires virtualenv, please install it.
[2022-12-29 09:58:50,598] {processor.py:653} WARNING - No viable dags retrieved from /home/alxavier/Documents/airflowalura/venv/lib/python3.9/site-packages/airflow/example_dags/tutorial_taskflow_api_etl_virtualenv.py
[2022-12-29 09:58:50,629] {processor.py:161} INFO - Processing /home/alxavier/Documents/airflowalura/venv/lib/python3.9/site-packages/airflow/example_dags/tutorial_taskflow_api_etl_virtualenv.py took 0.106 seconds
[2022-12-29 09:59:50,068] {processor.py:153} INFO - Started process (PID=21991) to work on /home/alxavier/Documents/airflowalura/venv/lib/python3.9/site-packages/airflow/example_dags/tutorial_taskflow_api_etl_virtualenv.py
[2022-12-29 09:59:50,104] {processor.py:641} INFO - Processing file /home/alxavier/Documents/airflowalura/venv/lib/python3.9/site-packages/airflow/example_dags/tutorial_taskflow_api_etl_virtualenv.py for tasks to queue
[2022-12-29 09:59:50,105] {logging_mixin.py:115} INFO - [2022-12-29 09:59:50,105] {dagbag.py:507} INFO - Filling up the DagBag from /home/alxavier/Documents/airflowalura/venv/lib/python3.9/site-packages/airflow/example_dags/tutorial_taskflow_api_etl_virtualenv.py
[2022-12-29 09:59:50,148] {logging_mixin.py:115} INFO - [2022-12-29 09:59:50,148] {tutorial_taskflow_api_etl_virtualenv.py:29} WARNING - The tutorial_taskflow_api_etl_virtualenv example DAG requires virtualenv, please install it.
[2022-12-29 09:59:50,149] {processor.py:653} WARNING - No viable dags retrieved from /home/alxavier/Documents/airflowalura/venv/lib/python3.9/site-packages/airflow/example_dags/tutorial_taskflow_api_etl_virtualenv.py
[2022-12-29 09:59:50,228] {processor.py:161} INFO - Processing /home/alxavier/Documents/airflowalura/venv/lib/python3.9/site-packages/airflow/example_dags/tutorial_taskflow_api_etl_virtualenv.py took 0.172 seconds
[2022-12-29 10:01:06,294] {processor.py:153} INFO - Started process (PID=22346) to work on /home/alxavier/Documents/airflowalura/venv/lib/python3.9/site-packages/airflow/example_dags/tutorial_taskflow_api_etl_virtualenv.py
[2022-12-29 10:01:06,299] {processor.py:641} INFO - Processing file /home/alxavier/Documents/airflowalura/venv/lib/python3.9/site-packages/airflow/example_dags/tutorial_taskflow_api_etl_virtualenv.py for tasks to queue
[2022-12-29 10:01:06,301] {logging_mixin.py:115} INFO - [2022-12-29 10:01:06,300] {dagbag.py:507} INFO - Filling up the DagBag from /home/alxavier/Documents/airflowalura/venv/lib/python3.9/site-packages/airflow/example_dags/tutorial_taskflow_api_etl_virtualenv.py
[2022-12-29 10:01:06,357] {logging_mixin.py:115} INFO - [2022-12-29 10:01:06,357] {tutorial_taskflow_api_etl_virtualenv.py:29} WARNING - The tutorial_taskflow_api_etl_virtualenv example DAG requires virtualenv, please install it.
[2022-12-29 10:01:06,358] {processor.py:653} WARNING - No viable dags retrieved from /home/alxavier/Documents/airflowalura/venv/lib/python3.9/site-packages/airflow/example_dags/tutorial_taskflow_api_etl_virtualenv.py
[2022-12-29 10:01:06,396] {processor.py:161} INFO - Processing /home/alxavier/Documents/airflowalura/venv/lib/python3.9/site-packages/airflow/example_dags/tutorial_taskflow_api_etl_virtualenv.py took 0.139 seconds
