[2022-12-29 09:57:13,629] {processor.py:153} INFO - Started process (PID=21709) to work on /home/alxavier/Documents/airflowalura/venv/lib/python3.9/site-packages/airflow/example_dags/tutorial_taskflow_api_etl.py
[2022-12-29 09:57:13,639] {processor.py:641} INFO - Processing file /home/alxavier/Documents/airflowalura/venv/lib/python3.9/site-packages/airflow/example_dags/tutorial_taskflow_api_etl.py for tasks to queue
[2022-12-29 09:57:13,642] {logging_mixin.py:115} INFO - [2022-12-29 09:57:13,641] {dagbag.py:507} INFO - Filling up the DagBag from /home/alxavier/Documents/airflowalura/venv/lib/python3.9/site-packages/airflow/example_dags/tutorial_taskflow_api_etl.py
[2022-12-29 09:57:13,695] {processor.py:651} INFO - DAG(s) dict_keys(['tutorial_taskflow_api_etl']) retrieved from /home/alxavier/Documents/airflowalura/venv/lib/python3.9/site-packages/airflow/example_dags/tutorial_taskflow_api_etl.py
[2022-12-29 09:57:13,804] {logging_mixin.py:115} INFO - [2022-12-29 09:57:13,803] {dag.py:2379} INFO - Sync 1 DAGs
[2022-12-29 09:57:13,850] {logging_mixin.py:115} INFO - [2022-12-29 09:57:13,849] {dag.py:2927} INFO - Setting next_dagrun for tutorial_taskflow_api_etl to None, run_after=None
[2022-12-29 09:57:13,903] {processor.py:161} INFO - Processing /home/alxavier/Documents/airflowalura/venv/lib/python3.9/site-packages/airflow/example_dags/tutorial_taskflow_api_etl.py took 0.289 seconds
[2022-12-29 09:58:00,531] {processor.py:153} INFO - Started process (PID=21796) to work on /home/alxavier/Documents/airflowalura/venv/lib/python3.9/site-packages/airflow/example_dags/tutorial_taskflow_api_etl.py
[2022-12-29 09:58:00,533] {processor.py:641} INFO - Processing file /home/alxavier/Documents/airflowalura/venv/lib/python3.9/site-packages/airflow/example_dags/tutorial_taskflow_api_etl.py for tasks to queue
[2022-12-29 09:58:00,534] {logging_mixin.py:115} INFO - [2022-12-29 09:58:00,534] {dagbag.py:507} INFO - Filling up the DagBag from /home/alxavier/Documents/airflowalura/venv/lib/python3.9/site-packages/airflow/example_dags/tutorial_taskflow_api_etl.py
[2022-12-29 09:58:00,577] {processor.py:651} INFO - DAG(s) dict_keys(['tutorial_taskflow_api_etl']) retrieved from /home/alxavier/Documents/airflowalura/venv/lib/python3.9/site-packages/airflow/example_dags/tutorial_taskflow_api_etl.py
[2022-12-29 09:58:00,700] {logging_mixin.py:115} INFO - [2022-12-29 09:58:00,700] {dag.py:2379} INFO - Sync 1 DAGs
[2022-12-29 09:58:00,741] {logging_mixin.py:115} INFO - [2022-12-29 09:58:00,741] {dag.py:2927} INFO - Setting next_dagrun for tutorial_taskflow_api_etl to None, run_after=None
[2022-12-29 09:58:00,779] {processor.py:161} INFO - Processing /home/alxavier/Documents/airflowalura/venv/lib/python3.9/site-packages/airflow/example_dags/tutorial_taskflow_api_etl.py took 0.255 seconds
[2022-12-29 09:58:55,452] {processor.py:153} INFO - Started process (PID=21899) to work on /home/alxavier/Documents/airflowalura/venv/lib/python3.9/site-packages/airflow/example_dags/tutorial_taskflow_api_etl.py
[2022-12-29 09:58:55,479] {processor.py:641} INFO - Processing file /home/alxavier/Documents/airflowalura/venv/lib/python3.9/site-packages/airflow/example_dags/tutorial_taskflow_api_etl.py for tasks to queue
[2022-12-29 09:58:55,481] {logging_mixin.py:115} INFO - [2022-12-29 09:58:55,480] {dagbag.py:507} INFO - Filling up the DagBag from /home/alxavier/Documents/airflowalura/venv/lib/python3.9/site-packages/airflow/example_dags/tutorial_taskflow_api_etl.py
[2022-12-29 09:58:55,530] {processor.py:651} INFO - DAG(s) dict_keys(['tutorial_taskflow_api_etl']) retrieved from /home/alxavier/Documents/airflowalura/venv/lib/python3.9/site-packages/airflow/example_dags/tutorial_taskflow_api_etl.py
[2022-12-29 09:58:55,589] {logging_mixin.py:115} INFO - [2022-12-29 09:58:55,588] {dag.py:2379} INFO - Sync 1 DAGs
[2022-12-29 09:58:55,643] {logging_mixin.py:115} INFO - [2022-12-29 09:58:55,643] {dag.py:2927} INFO - Setting next_dagrun for tutorial_taskflow_api_etl to None, run_after=None
[2022-12-29 09:58:55,769] {processor.py:161} INFO - Processing /home/alxavier/Documents/airflowalura/venv/lib/python3.9/site-packages/airflow/example_dags/tutorial_taskflow_api_etl.py took 0.331 seconds
[2022-12-29 09:59:51,484] {processor.py:153} INFO - Started process (PID=21998) to work on /home/alxavier/Documents/airflowalura/venv/lib/python3.9/site-packages/airflow/example_dags/tutorial_taskflow_api_etl.py
[2022-12-29 09:59:51,531] {processor.py:641} INFO - Processing file /home/alxavier/Documents/airflowalura/venv/lib/python3.9/site-packages/airflow/example_dags/tutorial_taskflow_api_etl.py for tasks to queue
[2022-12-29 09:59:51,533] {logging_mixin.py:115} INFO - [2022-12-29 09:59:51,533] {dagbag.py:507} INFO - Filling up the DagBag from /home/alxavier/Documents/airflowalura/venv/lib/python3.9/site-packages/airflow/example_dags/tutorial_taskflow_api_etl.py
[2022-12-29 09:59:51,599] {processor.py:651} INFO - DAG(s) dict_keys(['tutorial_taskflow_api_etl']) retrieved from /home/alxavier/Documents/airflowalura/venv/lib/python3.9/site-packages/airflow/example_dags/tutorial_taskflow_api_etl.py
[2022-12-29 09:59:51,814] {logging_mixin.py:115} INFO - [2022-12-29 09:59:51,813] {dag.py:2379} INFO - Sync 1 DAGs
[2022-12-29 09:59:51,862] {logging_mixin.py:115} INFO - [2022-12-29 09:59:51,862] {dag.py:2927} INFO - Setting next_dagrun for tutorial_taskflow_api_etl to None, run_after=None
[2022-12-29 09:59:51,975] {processor.py:161} INFO - Processing /home/alxavier/Documents/airflowalura/venv/lib/python3.9/site-packages/airflow/example_dags/tutorial_taskflow_api_etl.py took 0.500 seconds
[2022-12-29 10:01:07,680] {processor.py:153} INFO - Started process (PID=22347) to work on /home/alxavier/Documents/airflowalura/venv/lib/python3.9/site-packages/airflow/example_dags/tutorial_taskflow_api_etl.py
[2022-12-29 10:01:07,689] {processor.py:641} INFO - Processing file /home/alxavier/Documents/airflowalura/venv/lib/python3.9/site-packages/airflow/example_dags/tutorial_taskflow_api_etl.py for tasks to queue
[2022-12-29 10:01:07,691] {logging_mixin.py:115} INFO - [2022-12-29 10:01:07,691] {dagbag.py:507} INFO - Filling up the DagBag from /home/alxavier/Documents/airflowalura/venv/lib/python3.9/site-packages/airflow/example_dags/tutorial_taskflow_api_etl.py
[2022-12-29 10:01:07,805] {processor.py:651} INFO - DAG(s) dict_keys(['tutorial_taskflow_api_etl']) retrieved from /home/alxavier/Documents/airflowalura/venv/lib/python3.9/site-packages/airflow/example_dags/tutorial_taskflow_api_etl.py
[2022-12-29 10:01:08,036] {logging_mixin.py:115} INFO - [2022-12-29 10:01:08,036] {dag.py:2379} INFO - Sync 1 DAGs
[2022-12-29 10:01:08,118] {logging_mixin.py:115} INFO - [2022-12-29 10:01:08,118] {dag.py:2927} INFO - Setting next_dagrun for tutorial_taskflow_api_etl to None, run_after=None
[2022-12-29 10:01:08,275] {processor.py:161} INFO - Processing /home/alxavier/Documents/airflowalura/venv/lib/python3.9/site-packages/airflow/example_dags/tutorial_taskflow_api_etl.py took 0.626 seconds
