[2022-12-28 16:56:48,861] {taskinstance.py:1159} INFO - Dependencies all met for <TaskInstance: atividade_aula_4.cumprimentos scheduled__2022-12-27T00:00:00+00:00 [queued]>
[2022-12-28 16:56:48,887] {taskinstance.py:1159} INFO - Dependencies all met for <TaskInstance: atividade_aula_4.cumprimentos scheduled__2022-12-27T00:00:00+00:00 [queued]>
[2022-12-28 16:56:48,888] {taskinstance.py:1356} INFO - 
--------------------------------------------------------------------------------
[2022-12-28 16:56:48,888] {taskinstance.py:1357} INFO - Starting attempt 1 of 1
[2022-12-28 16:56:48,888] {taskinstance.py:1358} INFO - 
--------------------------------------------------------------------------------
[2022-12-28 16:56:49,045] {taskinstance.py:1377} INFO - Executing <Task(PythonOperator): cumprimentos> on 2022-12-27 00:00:00+00:00
[2022-12-28 16:56:49,061] {standard_task_runner.py:52} INFO - Started process 7934 to run task
[2022-12-28 16:56:49,085] {standard_task_runner.py:79} INFO - Running: ['airflow', 'tasks', 'run', 'atividade_aula_4', 'cumprimentos', 'scheduled__2022-12-27T00:00:00+00:00', '--job-id', '8', '--raw', '--subdir', 'DAGS_FOLDER/atividade_aula_4.py', '--cfg-path', '/tmp/tmptxl2m6lr', '--error-file', '/tmp/tmp82ml_4du']
[2022-12-28 16:56:49,101] {standard_task_runner.py:80} INFO - Job 8: Subtask cumprimentos
[2022-12-28 16:56:49,315] {task_command.py:370} INFO - Running <TaskInstance: atividade_aula_4.cumprimentos scheduled__2022-12-27T00:00:00+00:00 [running]> on host alxavier-airflow
[2022-12-28 16:56:49,517] {taskinstance.py:1569} INFO - Exporting the following env vars:
AIRFLOW_CTX_DAG_OWNER=airflow
AIRFLOW_CTX_DAG_ID=atividade_aula_4
AIRFLOW_CTX_TASK_ID=cumprimentos
AIRFLOW_CTX_EXECUTION_DATE=2022-12-27T00:00:00+00:00
AIRFLOW_CTX_TRY_NUMBER=1
AIRFLOW_CTX_DAG_RUN_ID=scheduled__2022-12-27T00:00:00+00:00
[2022-12-28 16:56:49,519] {logging_mixin.py:115} INFO - Boas-vindas ao Airflow!
[2022-12-28 16:56:49,519] {python.py:173} INFO - Done. Returned value was: None
[2022-12-28 16:56:49,528] {taskinstance.py:1395} INFO - Marking task as SUCCESS. dag_id=atividade_aula_4, task_id=cumprimentos, execution_date=20221227T000000, start_date=20221228T195648, end_date=20221228T195649
[2022-12-28 16:56:49,605] {local_task_job.py:156} INFO - Task exited with return code 0
[2022-12-28 16:56:49,645] {local_task_job.py:273} INFO - 0 downstream tasks scheduled from follow-on schedule check
