[2022-12-29 09:56:41,885] {taskinstance.py:1159} INFO - Dependencies all met for <TaskInstance: atividade_aula_4.cumprimentos scheduled__2022-12-28T00:00:00+00:00 [queued]>
[2022-12-29 09:56:43,218] {taskinstance.py:1159} INFO - Dependencies all met for <TaskInstance: atividade_aula_4.cumprimentos scheduled__2022-12-28T00:00:00+00:00 [queued]>
[2022-12-29 09:56:43,219] {taskinstance.py:1356} INFO - 
--------------------------------------------------------------------------------
[2022-12-29 09:56:43,220] {taskinstance.py:1357} INFO - Starting attempt 1 of 1
[2022-12-29 09:56:43,220] {taskinstance.py:1358} INFO - 
--------------------------------------------------------------------------------
[2022-12-29 09:56:43,407] {taskinstance.py:1377} INFO - Executing <Task(PythonOperator): cumprimentos> on 2022-12-28 00:00:00+00:00
[2022-12-29 09:56:43,419] {standard_task_runner.py:52} INFO - Started process 21651 to run task
[2022-12-29 09:56:43,448] {standard_task_runner.py:79} INFO - Running: ['airflow', 'tasks', 'run', 'atividade_aula_4', 'cumprimentos', 'scheduled__2022-12-28T00:00:00+00:00', '--job-id', '47', '--raw', '--subdir', 'DAGS_FOLDER/atividade_aula_4.py', '--cfg-path', '/tmp/tmp0zor6ee3', '--error-file', '/tmp/tmp8ziw16o3']
[2022-12-29 09:56:43,449] {standard_task_runner.py:80} INFO - Job 47: Subtask cumprimentos
[2022-12-29 09:56:43,770] {task_command.py:370} INFO - Running <TaskInstance: atividade_aula_4.cumprimentos scheduled__2022-12-28T00:00:00+00:00 [running]> on host alxavier-airflow
[2022-12-29 09:56:44,352] {taskinstance.py:1569} INFO - Exporting the following env vars:
AIRFLOW_CTX_DAG_OWNER=airflow
AIRFLOW_CTX_DAG_ID=atividade_aula_4
AIRFLOW_CTX_TASK_ID=cumprimentos
AIRFLOW_CTX_EXECUTION_DATE=2022-12-28T00:00:00+00:00
AIRFLOW_CTX_TRY_NUMBER=1
AIRFLOW_CTX_DAG_RUN_ID=scheduled__2022-12-28T00:00:00+00:00
[2022-12-29 09:56:44,356] {logging_mixin.py:115} INFO - Boas-vindas ao Airflow!
[2022-12-29 09:56:44,356] {python.py:173} INFO - Done. Returned value was: None
[2022-12-29 09:56:44,458] {taskinstance.py:1395} INFO - Marking task as SUCCESS. dag_id=atividade_aula_4, task_id=cumprimentos, execution_date=20221228T000000, start_date=20221229T125641, end_date=20221229T125644
[2022-12-29 09:56:45,990] {local_task_job.py:156} INFO - Task exited with return code 0
[2022-12-29 09:56:46,703] {local_task_job.py:273} INFO - 0 downstream tasks scheduled from follow-on schedule check
