[2022-12-28 15:49:50,534] {taskinstance.py:1159} INFO - Dependencies all met for <TaskInstance: meu_primeiro_dag.cria_pasta scheduled__2022-12-27T00:00:00+00:00 [queued]>
[2022-12-28 15:49:50,579] {taskinstance.py:1159} INFO - Dependencies all met for <TaskInstance: meu_primeiro_dag.cria_pasta scheduled__2022-12-27T00:00:00+00:00 [queued]>
[2022-12-28 15:49:50,580] {taskinstance.py:1356} INFO - 
--------------------------------------------------------------------------------
[2022-12-28 15:49:50,580] {taskinstance.py:1357} INFO - Starting attempt 1 of 1
[2022-12-28 15:49:50,580] {taskinstance.py:1358} INFO - 
--------------------------------------------------------------------------------
[2022-12-28 15:49:50,658] {taskinstance.py:1377} INFO - Executing <Task(BashOperator): cria_pasta> on 2022-12-27 00:00:00+00:00
[2022-12-28 15:49:50,669] {standard_task_runner.py:79} INFO - Running: ['airflow', 'tasks', 'run', 'meu_primeiro_dag', 'cria_pasta', 'scheduled__2022-12-27T00:00:00+00:00', '--job-id', '5', '--raw', '--subdir', 'DAGS_FOLDER/meu_primeiro_dag.py', '--cfg-path', '/tmp/tmpcp_4f526', '--error-file', '/tmp/tmp7imnmw3s']
[2022-12-28 15:49:50,662] {standard_task_runner.py:52} INFO - Started process 19512 to run task
[2022-12-28 15:49:50,671] {standard_task_runner.py:80} INFO - Job 5: Subtask cria_pasta
[2022-12-28 15:49:50,839] {task_command.py:370} INFO - Running <TaskInstance: meu_primeiro_dag.cria_pasta scheduled__2022-12-27T00:00:00+00:00 [running]> on host alxavier-airflow
[2022-12-28 15:49:51,029] {taskinstance.py:1569} INFO - Exporting the following env vars:
AIRFLOW_CTX_DAG_OWNER=airflow
AIRFLOW_CTX_DAG_ID=meu_primeiro_dag
AIRFLOW_CTX_TASK_ID=cria_pasta
AIRFLOW_CTX_EXECUTION_DATE=2022-12-27T00:00:00+00:00
AIRFLOW_CTX_TRY_NUMBER=1
AIRFLOW_CTX_DAG_RUN_ID=scheduled__2022-12-27T00:00:00+00:00
[2022-12-28 15:49:51,030] {subprocess.py:62} INFO - Tmp dir root location: 
 /tmp
[2022-12-28 15:49:51,031] {subprocess.py:74} INFO - Running command: ['bash', '-c', 'mkdir -p "/home/alxavier/Documents/airflowalura/pasta"']
[2022-12-28 15:49:51,054] {subprocess.py:85} INFO - Output:
[2022-12-28 15:49:51,059] {subprocess.py:96} INFO - Command exited with return code 0
[2022-12-28 15:49:51,167] {taskinstance.py:1395} INFO - Marking task as SUCCESS. dag_id=meu_primeiro_dag, task_id=cria_pasta, execution_date=20221227T000000, start_date=20221228T184950, end_date=20221228T184951
[2022-12-28 15:49:51,245] {local_task_job.py:156} INFO - Task exited with return code 0
[2022-12-28 15:49:51,310] {local_task_job.py:273} INFO - 0 downstream tasks scheduled from follow-on schedule check
[2022-12-28 17:05:10,598] {taskinstance.py:1159} INFO - Dependencies all met for <TaskInstance: meu_primeiro_dag.cria_pasta scheduled__2022-12-27T00:00:00+00:00 [queued]>
[2022-12-28 17:05:10,610] {taskinstance.py:1159} INFO - Dependencies all met for <TaskInstance: meu_primeiro_dag.cria_pasta scheduled__2022-12-27T00:00:00+00:00 [queued]>
[2022-12-28 17:05:10,610] {taskinstance.py:1356} INFO - 
--------------------------------------------------------------------------------
[2022-12-28 17:05:10,610] {taskinstance.py:1357} INFO - Starting attempt 1 of 1
[2022-12-28 17:05:10,611] {taskinstance.py:1358} INFO - 
--------------------------------------------------------------------------------
[2022-12-28 17:05:10,642] {taskinstance.py:1377} INFO - Executing <Task(BashOperator): cria_pasta> on 2022-12-27 00:00:00+00:00
[2022-12-28 17:05:10,648] {standard_task_runner.py:52} INFO - Started process 8828 to run task
[2022-12-28 17:05:10,653] {standard_task_runner.py:79} INFO - Running: ['airflow', 'tasks', 'run', 'meu_primeiro_dag', 'cria_pasta', 'scheduled__2022-12-27T00:00:00+00:00', '--job-id', '10', '--raw', '--subdir', 'DAGS_FOLDER/meu_primeiro_dag.py', '--cfg-path', '/tmp/tmppwrnc04f', '--error-file', '/tmp/tmpk9qtv77f']
[2022-12-28 17:05:10,654] {standard_task_runner.py:80} INFO - Job 10: Subtask cria_pasta
[2022-12-28 17:05:10,732] {task_command.py:370} INFO - Running <TaskInstance: meu_primeiro_dag.cria_pasta scheduled__2022-12-27T00:00:00+00:00 [running]> on host alxavier-airflow
[2022-12-28 17:05:10,847] {taskinstance.py:1569} INFO - Exporting the following env vars:
AIRFLOW_CTX_DAG_OWNER=airflow
AIRFLOW_CTX_DAG_ID=meu_primeiro_dag
AIRFLOW_CTX_TASK_ID=cria_pasta
AIRFLOW_CTX_EXECUTION_DATE=2022-12-27T00:00:00+00:00
AIRFLOW_CTX_TRY_NUMBER=1
AIRFLOW_CTX_DAG_RUN_ID=scheduled__2022-12-27T00:00:00+00:00
[2022-12-28 17:05:10,849] {subprocess.py:62} INFO - Tmp dir root location: 
 /tmp
[2022-12-28 17:05:10,849] {subprocess.py:74} INFO - Running command: ['bash', '-c', 'mkdir -p "/home/alxavier/Documents/airflowalura/pasta=2022-12-28T00:00:00+00:00"']
[2022-12-28 17:05:10,872] {subprocess.py:85} INFO - Output:
[2022-12-28 17:05:10,881] {subprocess.py:96} INFO - Command exited with return code 0
[2022-12-28 17:05:10,940] {taskinstance.py:1395} INFO - Marking task as SUCCESS. dag_id=meu_primeiro_dag, task_id=cria_pasta, execution_date=20221227T000000, start_date=20221228T200510, end_date=20221228T200510
[2022-12-28 17:05:11,033] {local_task_job.py:156} INFO - Task exited with return code 0
[2022-12-28 17:05:11,086] {local_task_job.py:273} INFO - 0 downstream tasks scheduled from follow-on schedule check
