[2022-12-29 09:57:20,503] {processor.py:153} INFO - Started process (PID=21718) to work on /home/alxavier/Documents/airflowalura/venv/lib/python3.9/site-packages/airflow/example_dags/plugins/workday.py
[2022-12-29 09:57:20,505] {processor.py:641} INFO - Processing file /home/alxavier/Documents/airflowalura/venv/lib/python3.9/site-packages/airflow/example_dags/plugins/workday.py for tasks to queue
[2022-12-29 09:57:20,506] {logging_mixin.py:115} INFO - [2022-12-29 09:57:20,506] {dagbag.py:507} INFO - Filling up the DagBag from /home/alxavier/Documents/airflowalura/venv/lib/python3.9/site-packages/airflow/example_dags/plugins/workday.py
[2022-12-29 09:57:20,517] {processor.py:653} WARNING - No viable dags retrieved from /home/alxavier/Documents/airflowalura/venv/lib/python3.9/site-packages/airflow/example_dags/plugins/workday.py
[2022-12-29 09:57:20,593] {processor.py:161} INFO - Processing /home/alxavier/Documents/airflowalura/venv/lib/python3.9/site-packages/airflow/example_dags/plugins/workday.py took 0.127 seconds
[2022-12-29 09:58:08,182] {processor.py:153} INFO - Started process (PID=21804) to work on /home/alxavier/Documents/airflowalura/venv/lib/python3.9/site-packages/airflow/example_dags/plugins/workday.py
[2022-12-29 09:58:08,223] {processor.py:641} INFO - Processing file /home/alxavier/Documents/airflowalura/venv/lib/python3.9/site-packages/airflow/example_dags/plugins/workday.py for tasks to queue
[2022-12-29 09:58:08,224] {logging_mixin.py:115} INFO - [2022-12-29 09:58:08,224] {dagbag.py:507} INFO - Filling up the DagBag from /home/alxavier/Documents/airflowalura/venv/lib/python3.9/site-packages/airflow/example_dags/plugins/workday.py
[2022-12-29 09:58:08,231] {processor.py:653} WARNING - No viable dags retrieved from /home/alxavier/Documents/airflowalura/venv/lib/python3.9/site-packages/airflow/example_dags/plugins/workday.py
[2022-12-29 09:58:08,281] {processor.py:161} INFO - Processing /home/alxavier/Documents/airflowalura/venv/lib/python3.9/site-packages/airflow/example_dags/plugins/workday.py took 0.115 seconds
[2022-12-29 09:59:04,449] {processor.py:153} INFO - Started process (PID=21909) to work on /home/alxavier/Documents/airflowalura/venv/lib/python3.9/site-packages/airflow/example_dags/plugins/workday.py
[2022-12-29 09:59:04,457] {processor.py:641} INFO - Processing file /home/alxavier/Documents/airflowalura/venv/lib/python3.9/site-packages/airflow/example_dags/plugins/workday.py for tasks to queue
[2022-12-29 09:59:04,458] {logging_mixin.py:115} INFO - [2022-12-29 09:59:04,458] {dagbag.py:507} INFO - Filling up the DagBag from /home/alxavier/Documents/airflowalura/venv/lib/python3.9/site-packages/airflow/example_dags/plugins/workday.py
[2022-12-29 09:59:04,464] {processor.py:653} WARNING - No viable dags retrieved from /home/alxavier/Documents/airflowalura/venv/lib/python3.9/site-packages/airflow/example_dags/plugins/workday.py
[2022-12-29 09:59:04,493] {processor.py:161} INFO - Processing /home/alxavier/Documents/airflowalura/venv/lib/python3.9/site-packages/airflow/example_dags/plugins/workday.py took 0.054 seconds
[2022-12-29 10:00:02,233] {processor.py:153} INFO - Started process (PID=22043) to work on /home/alxavier/Documents/airflowalura/venv/lib/python3.9/site-packages/airflow/example_dags/plugins/workday.py
[2022-12-29 10:00:02,333] {processor.py:641} INFO - Processing file /home/alxavier/Documents/airflowalura/venv/lib/python3.9/site-packages/airflow/example_dags/plugins/workday.py for tasks to queue
[2022-12-29 10:00:02,334] {logging_mixin.py:115} INFO - [2022-12-29 10:00:02,334] {dagbag.py:507} INFO - Filling up the DagBag from /home/alxavier/Documents/airflowalura/venv/lib/python3.9/site-packages/airflow/example_dags/plugins/workday.py
[2022-12-29 10:00:02,340] {processor.py:653} WARNING - No viable dags retrieved from /home/alxavier/Documents/airflowalura/venv/lib/python3.9/site-packages/airflow/example_dags/plugins/workday.py
[2022-12-29 10:00:02,476] {processor.py:161} INFO - Processing /home/alxavier/Documents/airflowalura/venv/lib/python3.9/site-packages/airflow/example_dags/plugins/workday.py took 0.249 seconds
[2022-12-29 10:01:19,256] {processor.py:153} INFO - Started process (PID=22364) to work on /home/alxavier/Documents/airflowalura/venv/lib/python3.9/site-packages/airflow/example_dags/plugins/workday.py
[2022-12-29 10:01:19,278] {processor.py:641} INFO - Processing file /home/alxavier/Documents/airflowalura/venv/lib/python3.9/site-packages/airflow/example_dags/plugins/workday.py for tasks to queue
[2022-12-29 10:01:19,280] {logging_mixin.py:115} INFO - [2022-12-29 10:01:19,280] {dagbag.py:507} INFO - Filling up the DagBag from /home/alxavier/Documents/airflowalura/venv/lib/python3.9/site-packages/airflow/example_dags/plugins/workday.py
[2022-12-29 10:01:19,293] {processor.py:653} WARNING - No viable dags retrieved from /home/alxavier/Documents/airflowalura/venv/lib/python3.9/site-packages/airflow/example_dags/plugins/workday.py
[2022-12-29 10:01:19,344] {processor.py:161} INFO - Processing /home/alxavier/Documents/airflowalura/venv/lib/python3.9/site-packages/airflow/example_dags/plugins/workday.py took 0.097 seconds
